<?xml version="1.0" encoding="UTF-8"?>
<robot generator="Robot 7.2 (Python 3.11.4 on win32)" generated="2025-01-27T03:25:56.406237" rpa="false" schemaversion="5">
<suite id="s1" name="RoundTripBook" source="C:\Users\ACER\Desktop\Quiz 4\suites\RoundTripBook.robot">
<test id="s1-t1" name="User Should Be Choose Round Trip Flight Cicago to London" line="20">
<kw name="Run Keywords" owner="BuiltIn" type="SETUP">
<kw name="Open Flight Application" owner="base">
<kw name="Open Application" owner="AppiumLibrary">
<arg>remote_url=http://127.0.0.1:4723/wd/hub</arg>
<arg>platformName=Android</arg>
<arg>platformVersion=13.0</arg>
<arg>deviceName=emulator-5554</arg>
<arg>appPackage=com.example.myapplication</arg>
<arg>appActivity=com.example.myapplication.MainActivity</arg>
<arg>systemPort=8210</arg>
<doc>Opens a new application to given Appium server.
Capabilities of appium server, Android and iOS,
Please check https://appium.io/docs/en/2.1/cli/args/
| *Option*            | *Man.* | *Description*     |
| remote_url          | Yes    | Appium server url |
| alias               | no     | alias             |
| strict_ssl          | No     | allows you to send commands to an invalid certificate host like a self-signed one. |</doc>
<status status="PASS" start="2025-01-27T03:25:57.333861" elapsed="20.586551"/>
</kw>
<status status="PASS" start="2025-01-27T03:25:57.332861" elapsed="20.588534"/>
</kw>
<kw name="AND Sucess login and direct to Book Menu" owner="successLogin">
<kw name="Click Sign In Button On Home Screen" owner="homePage">
<kw name="Click Element" owner="AppiumLibrary">
<msg time="2025-01-27T03:26:17.932383" level="INFO">Clicking element '//android.widget.Button[@resource-id="com.example.myapplication:id/login"]'.</msg>
<msg time="2025-01-27T03:26:21.036073" level="INFO">xpath criteria: //android.widget.Button[@resource-id="com.example.myapplication:id/login"]</msg>
<arg>locator=${signin_home_screen}</arg>
<doc>Click element identified by `locator`.</doc>
<status status="PASS" start="2025-01-27T03:26:17.925379" elapsed="3.111700"/>
</kw>
<status status="PASS" start="2025-01-27T03:26:17.924380" elapsed="3.112699"/>
</kw>
<kw name="Input Username" owner="successLogin">
<kw name="Wait Until Element Is Visible" owner="AppiumLibrary">
<msg time="2025-01-27T03:26:24.014233" level="INFO">xpath criteria: //android.widget.EditText[@resource-id="com.example.myapplication:id/username"]
xpath criteria: //android.widget.EditText[@resource-id="com.example.myapplication:id/username"]</msg>
<arg>${username_login_input}</arg>
<doc>Waits until element specified with `locator` is visible.</doc>
<status status="PASS" start="2025-01-27T03:26:21.039069" elapsed="2.975164"/>
</kw>
<kw name="Input Text" owner="AppiumLibrary">
<msg time="2025-01-27T03:26:24.024234" level="INFO">Typing text 'support@ngendigital.com' into text field '//android.widget.EditText[@resource-id="com.example.myapplication:id/username"]'</msg>
<msg time="2025-01-27T03:26:24.732417" level="INFO">xpath criteria: //android.widget.EditText[@resource-id="com.example.myapplication:id/username"]</msg>
<arg>${username_login_input}</arg>
<arg>${username}</arg>
<doc>Types the given `text` into text field identified by `locator`.</doc>
<status status="PASS" start="2025-01-27T03:26:24.015223" elapsed="0.717194"/>
</kw>
<arg>${email}</arg>
<status status="PASS" start="2025-01-27T03:26:21.037079" elapsed="3.695338"/>
</kw>
<kw name="Input Password" owner="successLogin">
<kw name="Wait Until Element Is Visible" owner="AppiumLibrary">
<msg time="2025-01-27T03:26:25.421392" level="INFO">xpath criteria: //android.widget.EditText[@resource-id="com.example.myapplication:id/password"]</msg>
<arg>${password_login_input}</arg>
<doc>Waits until element specified with `locator` is visible.</doc>
<status status="PASS" start="2025-01-27T03:26:24.734400" elapsed="0.687992"/>
</kw>
<kw name="Input Text" owner="AppiumLibrary">
<msg time="2025-01-27T03:26:25.427393" level="INFO">Typing text 'abc123' into text field '//android.widget.EditText[@resource-id="com.example.myapplication:id/password"]'</msg>
<msg time="2025-01-27T03:26:25.752417" level="INFO">xpath criteria: //android.widget.EditText[@resource-id="com.example.myapplication:id/password"]</msg>
<arg>${password_login_input}</arg>
<arg>${password}</arg>
<doc>Types the given `text` into text field identified by `locator`.</doc>
<status status="PASS" start="2025-01-27T03:26:25.422392" elapsed="0.330025"/>
</kw>
<arg>${password}</arg>
<status status="PASS" start="2025-01-27T03:26:24.733395" elapsed="1.020007"/>
</kw>
<kw name="Click Sign In Button on Login Screen" owner="successLogin">
<kw name="Click Element" owner="AppiumLibrary">
<msg time="2025-01-27T03:26:25.766389" level="INFO">Clicking element '//android.widget.Button[@resource-id="com.example.myapplication:id/signIn"]'.</msg>
<msg time="2025-01-27T03:26:26.534437" level="INFO">xpath criteria: //android.widget.Button[@resource-id="com.example.myapplication:id/signIn"]</msg>
<arg>${signin_button}</arg>
<doc>Click element identified by `locator`.</doc>
<status status="PASS" start="2025-01-27T03:26:25.756389" elapsed="0.778048"/>
</kw>
<status status="PASS" start="2025-01-27T03:26:25.754398" elapsed="0.781044"/>
</kw>
<kw name="Click Book Menu on Login Screen" owner="successLogin">
<kw name="Wait Until Element Is Visible" owner="AppiumLibrary">
<msg time="2025-01-27T03:26:28.789039" level="INFO">xpath criteria: //android.widget.Button[@resource-id="com.example.myapplication:id/book"]
xpath criteria: //android.widget.Button[@resource-id="com.example.myapplication:id/book"]</msg>
<arg>${bookmenu_button}</arg>
<doc>Waits until element specified with `locator` is visible.</doc>
<status status="PASS" start="2025-01-27T03:26:26.537436" elapsed="2.251603"/>
</kw>
<kw name="Click Element" owner="AppiumLibrary">
<msg time="2025-01-27T03:26:28.794033" level="INFO">Clicking element '//android.widget.Button[@resource-id="com.example.myapplication:id/book"]'.</msg>
<msg time="2025-01-27T03:26:29.302039" level="INFO">xpath criteria: //android.widget.Button[@resource-id="com.example.myapplication:id/book"]</msg>
<arg>${bookmenu_button}</arg>
<doc>Click element identified by `locator`.</doc>
<status status="PASS" start="2025-01-27T03:26:28.789039" elapsed="0.513000"/>
</kw>
<status status="PASS" start="2025-01-27T03:26:26.536438" elapsed="2.765601"/>
</kw>
<status status="PASS" start="2025-01-27T03:26:17.922396" elapsed="11.379643"/>
</kw>
<arg>Open Flight Application</arg>
<arg>AND Sucess login and direct to Book Menu</arg>
<doc>Executes all the given keywords in a sequence.</doc>
<status status="PASS" start="2025-01-27T03:25:57.331859" elapsed="31.970180"/>
</kw>
<kw name="Choose Round Trip" owner="RoundTripBook">
<kw name="Wait Until Element Is Visible" owner="AppiumLibrary">
<msg time="2025-01-27T03:26:32.664106" level="INFO">xpath criteria: //android.support.v7.app.ActionBar.Tab[@content-desc="Round Trip"]
xpath criteria: //android.support.v7.app.ActionBar.Tab[@content-desc="Round Trip"]</msg>
<arg>${ChooseRoundTrip}</arg>
<doc>Waits until element specified with `locator` is visible.</doc>
<status status="PASS" start="2025-01-27T03:26:29.306044" elapsed="3.358062"/>
</kw>
<kw name="Click Element" owner="AppiumLibrary">
<msg time="2025-01-27T03:26:32.669108" level="INFO">Clicking element '//android.support.v7.app.ActionBar.Tab[@content-desc="Round Trip"]'.</msg>
<msg time="2025-01-27T03:26:33.152116" level="INFO">xpath criteria: //android.support.v7.app.ActionBar.Tab[@content-desc="Round Trip"]</msg>
<arg>${ChooseRoundTrip}</arg>
<doc>Click element identified by `locator`.</doc>
<status status="PASS" start="2025-01-27T03:26:32.665115" elapsed="0.487001"/>
</kw>
<status status="PASS" start="2025-01-27T03:26:29.304043" elapsed="3.849077"/>
</kw>
<kw name="Choose Depature Cicago" owner="RoundTripBook">
<kw name="Wait Until Element Is Visible" owner="AppiumLibrary">
<msg time="2025-01-27T03:26:34.166323" level="INFO">xpath criteria: //android.widget.Spinner[@resource-id="com.example.myapplication:id/spinnerFrom"]</msg>
<arg>${Spinners_From}</arg>
<doc>Waits until element specified with `locator` is visible.</doc>
<status status="PASS" start="2025-01-27T03:26:33.155125" elapsed="1.011198"/>
</kw>
<kw name="Click Element" owner="AppiumLibrary">
<msg time="2025-01-27T03:26:34.170312" level="INFO">Clicking element '//android.widget.Spinner[@resource-id="com.example.myapplication:id/spinnerFrom"]'.</msg>
<msg time="2025-01-27T03:26:34.570332" level="INFO">xpath criteria: //android.widget.Spinner[@resource-id="com.example.myapplication:id/spinnerFrom"]</msg>
<arg>${Spinners_From}</arg>
<doc>Click element identified by `locator`.</doc>
<status status="PASS" start="2025-01-27T03:26:34.166323" elapsed="0.404992"/>
</kw>
<kw name="Wait Until Element Is Visible" owner="AppiumLibrary">
<msg time="2025-01-27T03:26:36.140199" level="INFO">xpath criteria: //android.widget.TextView[@resource-id="android:id/text1" and @text="Chicago"]
xpath criteria: //android.widget.TextView[@resource-id="android:id/text1" and @text="Chicago"]</msg>
<arg>${Cicago}</arg>
<doc>Waits until element specified with `locator` is visible.</doc>
<status status="PASS" start="2025-01-27T03:26:34.572316" elapsed="1.567883"/>
</kw>
<kw name="Click Element" owner="AppiumLibrary">
<msg time="2025-01-27T03:26:36.146190" level="INFO">Clicking element '//android.widget.TextView[@resource-id="android:id/text1" and @text="Chicago"]'.</msg>
<msg time="2025-01-27T03:26:37.450225" level="INFO">xpath criteria: //android.widget.TextView[@resource-id="android:id/text1" and @text="Chicago"]</msg>
<arg>${Cicago}</arg>
<doc>Click element identified by `locator`.</doc>
<status status="PASS" start="2025-01-27T03:26:36.141196" elapsed="1.309029"/>
</kw>
<status status="PASS" start="2025-01-27T03:26:33.154116" elapsed="4.297106"/>
</kw>
<kw name="Choose Arrived London" owner="RoundTripBook">
<kw name="Wait Until Element Is Visible" owner="AppiumLibrary">
<msg time="2025-01-27T03:26:37.734215" level="INFO">xpath criteria: //android.widget.Spinner[@resource-id="com.example.myapplication:id/spinnerTo"]</msg>
<arg>${Spinners_To}</arg>
<doc>Waits until element specified with `locator` is visible.</doc>
<status status="PASS" start="2025-01-27T03:26:37.453231" elapsed="0.281989"/>
</kw>
<kw name="Click Element" owner="AppiumLibrary">
<msg time="2025-01-27T03:26:37.741228" level="INFO">Clicking element '//android.widget.Spinner[@resource-id="com.example.myapplication:id/spinnerTo"]'.</msg>
<msg time="2025-01-27T03:26:38.283223" level="INFO">xpath criteria: //android.widget.Spinner[@resource-id="com.example.myapplication:id/spinnerTo"]</msg>
<arg>${Spinners_To}</arg>
<doc>Click element identified by `locator`.</doc>
<status status="PASS" start="2025-01-27T03:26:37.735220" elapsed="0.549005"/>
</kw>
<kw name="Wait Until Element Is Visible" owner="AppiumLibrary">
<msg time="2025-01-27T03:26:39.437230" level="INFO">xpath criteria: //android.widget.TextView[@resource-id="android:id/text1" and @text="London"]</msg>
<arg>${London}</arg>
<doc>Waits until element specified with `locator` is visible.</doc>
<status status="PASS" start="2025-01-27T03:26:38.284225" elapsed="1.153999"/>
</kw>
<kw name="Click Element" owner="AppiumLibrary">
<msg time="2025-01-27T03:26:39.443225" level="INFO">Clicking element '//android.widget.TextView[@resource-id="android:id/text1" and @text="London"]'.</msg>
<msg time="2025-01-27T03:26:40.623279" level="INFO">xpath criteria: //android.widget.TextView[@resource-id="android:id/text1" and @text="London"]</msg>
<arg>${London}</arg>
<doc>Click element identified by `locator`.</doc>
<status status="PASS" start="2025-01-27T03:26:39.438224" elapsed="1.186052"/>
</kw>
<status status="PASS" start="2025-01-27T03:26:37.452220" elapsed="3.172056"/>
</kw>
<kw name="Choose Class Economy" owner="RoundTripBook">
<kw name="Wait Until Element Is Visible" owner="AppiumLibrary">
<msg time="2025-01-27T03:26:40.973284" level="INFO">xpath criteria: //android.widget.Spinner[@resource-id="com.example.myapplication:id/spinnerClass"]</msg>
<arg>${Spinners_Class}</arg>
<doc>Waits until element specified with `locator` is visible.</doc>
<status status="PASS" start="2025-01-27T03:26:40.626285" elapsed="0.346999"/>
</kw>
<kw name="Click Element" owner="AppiumLibrary">
<msg time="2025-01-27T03:26:40.978271" level="INFO">Clicking element '//android.widget.Spinner[@resource-id="com.example.myapplication:id/spinnerClass"]'.</msg>
<msg time="2025-01-27T03:26:41.534287" level="INFO">xpath criteria: //android.widget.Spinner[@resource-id="com.example.myapplication:id/spinnerClass"]</msg>
<arg>${Spinners_Class}</arg>
<doc>Click element identified by `locator`.</doc>
<status status="PASS" start="2025-01-27T03:26:40.973284" elapsed="0.561003"/>
</kw>
<kw name="Wait Until Element Is Visible" owner="AppiumLibrary">
<msg time="2025-01-27T03:26:42.957483" level="INFO">xpath criteria: //android.widget.TextView[@resource-id="android:id/text1" and @text="Economy"]
xpath criteria: //android.widget.TextView[@resource-id="android:id/text1" and @text="Economy"]</msg>
<arg>${Economy}</arg>
<doc>Waits until element specified with `locator` is visible.</doc>
<status status="PASS" start="2025-01-27T03:26:41.535287" elapsed="1.422196"/>
</kw>
<kw name="Click Element" owner="AppiumLibrary">
<msg time="2025-01-27T03:26:42.963014" level="INFO">Clicking element '//android.widget.TextView[@resource-id="android:id/text1" and @text="Economy"]'.</msg>
<msg time="2025-01-27T03:26:44.152124" level="INFO">xpath criteria: //android.widget.TextView[@resource-id="android:id/text1" and @text="Economy"]</msg>
<arg>${Economy}</arg>
<doc>Click element identified by `locator`.</doc>
<status status="PASS" start="2025-01-27T03:26:42.958487" elapsed="1.193637"/>
</kw>
<status status="PASS" start="2025-01-27T03:26:40.625281" elapsed="3.527851"/>
</kw>
<kw name="Choose Date" owner="RoundTripBook">
<kw name="Wait Until Element Is Visible" owner="AppiumLibrary">
<msg time="2025-01-27T03:26:44.562942" level="INFO">xpath criteria: //android.widget.TextView[@resource-id="com.example.myapplication:id/textStartDate"]</msg>
<arg>${Date1}</arg>
<doc>Waits until element specified with `locator` is visible.</doc>
<status status="PASS" start="2025-01-27T03:26:44.154139" elapsed="0.408803"/>
</kw>
<kw name="Click Element" owner="AppiumLibrary">
<msg time="2025-01-27T03:26:44.570036" level="INFO">Clicking element '//android.widget.TextView[@resource-id="com.example.myapplication:id/textStartDate"]'.</msg>
<msg time="2025-01-27T03:26:44.907025" level="INFO">xpath criteria: //android.widget.TextView[@resource-id="com.example.myapplication:id/textStartDate"]</msg>
<arg>${Date1}</arg>
<doc>Click element identified by `locator`.</doc>
<status status="PASS" start="2025-01-27T03:26:44.563937" elapsed="0.343088"/>
</kw>
<kw name="Wait Until Element Is Visible" owner="AppiumLibrary">
<msg time="2025-01-27T03:26:47.291783" level="INFO">xpath criteria: //android.view.View[@content-desc="01 August 2019"]
xpath criteria: //android.view.View[@content-desc="01 August 2019"]</msg>
<arg>${Choose_date1}</arg>
<doc>Waits until element specified with `locator` is visible.</doc>
<status status="PASS" start="2025-01-27T03:26:44.908038" elapsed="2.383745"/>
</kw>
<kw name="Click Element" owner="AppiumLibrary">
<msg time="2025-01-27T03:26:47.300784" level="INFO">Clicking element '//android.view.View[@content-desc="01 August 2019"]'.</msg>
<msg time="2025-01-27T03:26:48.418718" level="INFO">xpath criteria: //android.view.View[@content-desc="01 August 2019"]</msg>
<arg>${Choose_date1}</arg>
<doc>Click element identified by `locator`.</doc>
<status status="PASS" start="2025-01-27T03:26:47.292778" elapsed="1.125940"/>
</kw>
<kw name="Click Element" owner="AppiumLibrary">
<msg time="2025-01-27T03:26:48.422705" level="INFO">Clicking element '//android.widget.Button[@resource-id="android:id/button1"]'.</msg>
<msg time="2025-01-27T03:26:49.145256" level="INFO">xpath criteria: //android.widget.Button[@resource-id="android:id/button1"]</msg>
<arg>${Button_date1}</arg>
<doc>Click element identified by `locator`.</doc>
<status status="PASS" start="2025-01-27T03:26:48.419716" elapsed="0.726525"/>
</kw>
<kw name="Wait Until Element Is Visible" owner="AppiumLibrary">
<msg time="2025-01-27T03:26:50.097535" level="INFO">xpath criteria: //android.widget.TextView[@resource-id="com.example.myapplication:id/textEndDate"]</msg>
<arg>${date2}</arg>
<doc>Waits until element specified with `locator` is visible.</doc>
<status status="PASS" start="2025-01-27T03:26:49.147240" elapsed="0.951001"/>
</kw>
<kw name="Click Element" owner="AppiumLibrary">
<msg time="2025-01-27T03:26:50.102243" level="INFO">Clicking element '//android.widget.TextView[@resource-id="com.example.myapplication:id/textEndDate"]'.</msg>
<msg time="2025-01-27T03:26:50.496359" level="INFO">xpath criteria: //android.widget.TextView[@resource-id="com.example.myapplication:id/textEndDate"]</msg>
<arg>${date2}</arg>
<doc>Click element identified by `locator`.</doc>
<status status="PASS" start="2025-01-27T03:26:50.098241" elapsed="0.398118"/>
</kw>
<kw name="Wait Until Element Is Visible" owner="AppiumLibrary">
<msg time="2025-01-27T03:26:52.896453" level="INFO">xpath criteria: //android.view.View[@content-desc="03 August 2019"]
xpath criteria: //android.view.View[@content-desc="03 August 2019"]</msg>
<arg>${Choose_date2}</arg>
<doc>Waits until element specified with `locator` is visible.</doc>
<status status="PASS" start="2025-01-27T03:26:50.496359" elapsed="2.401098"/>
</kw>
<kw name="Click Element" owner="AppiumLibrary">
<msg time="2025-01-27T03:26:52.904444" level="INFO">Clicking element '//android.view.View[@content-desc="03 August 2019"]'.</msg>
<msg time="2025-01-27T03:26:54.169487" level="INFO">xpath criteria: //android.view.View[@content-desc="03 August 2019"]</msg>
<arg>${Choose_date2}</arg>
<doc>Click element identified by `locator`.</doc>
<status status="PASS" start="2025-01-27T03:26:52.897457" elapsed="1.272030"/>
</kw>
<kw name="Click Element" owner="AppiumLibrary">
<msg time="2025-01-27T03:26:54.173471" level="INFO">Clicking element '//android.widget.Button[@resource-id="android:id/button1"]'.</msg>
<msg time="2025-01-27T03:26:54.861404" level="INFO">xpath criteria: //android.widget.Button[@resource-id="android:id/button1"]</msg>
<arg>${Button_date2}</arg>
<doc>Click element identified by `locator`.</doc>
<status status="PASS" start="2025-01-27T03:26:54.169487" elapsed="0.692915"/>
</kw>
<status status="PASS" start="2025-01-27T03:26:44.153132" elapsed="10.709270"/>
</kw>
<kw name="Choose Flight" owner="RoundTripBook">
<kw name="Wait Until Element Is Visible" owner="AppiumLibrary">
<msg time="2025-01-27T03:26:55.759260" level="INFO">xpath criteria: //android.widget.RadioButton[@resource-id="com.example.myapplication:id/radioButtonFlight"]</msg>
<arg>${Button_flight}</arg>
<doc>Waits until element specified with `locator` is visible.</doc>
<status status="PASS" start="2025-01-27T03:26:54.863402" elapsed="0.895858"/>
</kw>
<kw name="Click Element" owner="AppiumLibrary">
<msg time="2025-01-27T03:26:55.763816" level="INFO">Clicking element '//android.widget.RadioButton[@resource-id="com.example.myapplication:id/radioButtonFlight"]'.</msg>
<msg time="2025-01-27T03:26:56.335367" level="INFO">xpath criteria: //android.widget.RadioButton[@resource-id="com.example.myapplication:id/radioButtonFlight"]</msg>
<arg>${Button_flight}</arg>
<doc>Click element identified by `locator`.</doc>
<status status="PASS" start="2025-01-27T03:26:55.759260" elapsed="0.576107"/>
</kw>
<status status="PASS" start="2025-01-27T03:26:54.863402" elapsed="1.471965"/>
</kw>
<kw name="Click Book Button on Booking Screen" owner="RoundTripBook">
<kw name="Wait Until Element Is Visible" owner="AppiumLibrary">
<msg time="2025-01-27T03:26:57.304357" level="INFO">xpath criteria: //android.widget.Button[@resource-id="com.example.myapplication:id/book_flight"]</msg>
<arg>${Button_BookFlight}</arg>
<doc>Waits until element specified with `locator` is visible.</doc>
<status status="PASS" start="2025-01-27T03:26:56.339358" elapsed="0.964999"/>
</kw>
<kw name="Click Element" owner="AppiumLibrary">
<msg time="2025-01-27T03:26:57.309354" level="INFO">Clicking element '//android.widget.Button[@resource-id="com.example.myapplication:id/book_flight"]'.</msg>
<msg time="2025-01-27T03:26:57.881300" level="INFO">xpath criteria: //android.widget.Button[@resource-id="com.example.myapplication:id/book_flight"]</msg>
<arg>${Button_BookFlight}</arg>
<doc>Click element identified by `locator`.</doc>
<status status="PASS" start="2025-01-27T03:26:57.305368" elapsed="0.575932"/>
</kw>
<status status="PASS" start="2025-01-27T03:26:56.337366" elapsed="1.544933"/>
</kw>
<kw name="Verify Price of Booking Screen" owner="RoundTripBook">
<kw name="Wait Until Element Is Visible" owner="AppiumLibrary">
<msg time="2025-01-27T03:27:00.219711" level="INFO">xpath criteria: //android.widget.TextView[@resource-id="com.example.myapplication:id/textView6"]
xpath criteria: //android.widget.TextView[@resource-id="com.example.myapplication:id/textView6"]</msg>
<arg>${verif_PricePage}</arg>
<doc>Waits until element specified with `locator` is visible.</doc>
<status status="PASS" start="2025-01-27T03:26:57.885329" elapsed="2.334382"/>
</kw>
<status status="PASS" start="2025-01-27T03:26:57.884306" elapsed="2.335405"/>
</kw>
<kw name="Click Confirm Button on Price of Booking Screen" owner="RoundTripBook">
<kw name="Click Element" owner="AppiumLibrary">
<msg time="2025-01-27T03:27:00.225706" level="INFO">Clicking element '//android.widget.Button[@resource-id="com.example.myapplication:id/price1"]'.</msg>
<msg time="2025-01-27T03:27:01.232071" level="INFO">xpath criteria: //android.widget.Button[@resource-id="com.example.myapplication:id/price1"]</msg>
<arg>${Button_price}</arg>
<doc>Click element identified by `locator`.</doc>
<status status="PASS" start="2025-01-27T03:27:00.222712" elapsed="1.009359"/>
</kw>
<kw name="Click Element" owner="AppiumLibrary">
<msg time="2025-01-27T03:27:01.238063" level="INFO">Clicking element '//android.widget.Button[@resource-id="com.example.myapplication:id/confirm_order"]'.</msg>
<msg time="2025-01-27T03:27:02.758231" level="INFO">xpath criteria: //android.widget.Button[@resource-id="com.example.myapplication:id/confirm_order"]</msg>
<arg>${Confirm}</arg>
<doc>Click element identified by `locator`.</doc>
<status status="PASS" start="2025-01-27T03:27:01.232071" elapsed="1.526160"/>
</kw>
<status status="PASS" start="2025-01-27T03:27:00.221709" elapsed="2.537524"/>
</kw>
<kw name="Verify Successfull Booking Appears" owner="RoundTripBook">
<kw name="Wait Until Element Is Visible" owner="AppiumLibrary">
<msg time="2025-01-27T03:27:05.321031" level="INFO">xpath criteria: //android.widget.CheckedTextView[@resource-id="com.example.myapplication:id/checkedTextView"]
xpath criteria: //android.widget.CheckedTextView[@resource-id="com.example.myapplication:id/checkedTextView"]</msg>
<arg>${Verif_Book}</arg>
<doc>Waits until element specified with `locator` is visible.</doc>
<status status="PASS" start="2025-01-27T03:27:02.760239" elapsed="2.560792"/>
</kw>
<status status="PASS" start="2025-01-27T03:27:02.760239" elapsed="2.560792"/>
</kw>
<kw name="Close Flight Application" owner="base" type="TEARDOWN">
<kw name="Close Application" owner="AppiumLibrary">
<doc>Closes the current application and also close webdriver session.</doc>
<status status="PASS" start="2025-01-27T03:27:05.325032" elapsed="1.651154"/>
</kw>
<status status="PASS" start="2025-01-27T03:27:05.323038" elapsed="1.653148"/>
</kw>
<status status="PASS" start="2025-01-27T03:25:57.326859" elapsed="69.653339"/>
</test>
<test id="s1-t2" name="User Should Be Choose Round Trip Flight Cicago to Paris" line="32">
<kw name="Run Keywords" owner="BuiltIn" type="SETUP">
<kw name="Open Flight Application" owner="base">
<kw name="Open Application" owner="AppiumLibrary">
<arg>remote_url=http://127.0.0.1:4723/wd/hub</arg>
<arg>platformName=Android</arg>
<arg>platformVersion=13.0</arg>
<arg>deviceName=emulator-5554</arg>
<arg>appPackage=com.example.myapplication</arg>
<arg>appActivity=com.example.myapplication.MainActivity</arg>
<arg>systemPort=8210</arg>
<doc>Opens a new application to given Appium server.
Capabilities of appium server, Android and iOS,
Please check https://appium.io/docs/en/2.1/cli/args/
| *Option*            | *Man.* | *Description*     |
| remote_url          | Yes    | Appium server url |
| alias               | no     | alias             |
| strict_ssl          | No     | allows you to send commands to an invalid certificate host like a self-signed one. |</doc>
<status status="PASS" start="2025-01-27T03:27:06.996184" elapsed="17.943238"/>
</kw>
<status status="PASS" start="2025-01-27T03:27:06.995193" elapsed="17.945238"/>
</kw>
<kw name="AND Sucess login and direct to Book Menu" owner="successLogin">
<kw name="Click Sign In Button On Home Screen" owner="homePage">
<kw name="Click Element" owner="AppiumLibrary">
<msg time="2025-01-27T03:27:24.957433" level="INFO">Clicking element '//android.widget.Button[@resource-id="com.example.myapplication:id/login"]'.</msg>
<msg time="2025-01-27T03:27:27.978279" level="INFO">xpath criteria: //android.widget.Button[@resource-id="com.example.myapplication:id/login"]</msg>
<arg>locator=${signin_home_screen}</arg>
<doc>Click element identified by `locator`.</doc>
<status status="PASS" start="2025-01-27T03:27:24.946418" elapsed="3.032935"/>
</kw>
<status status="PASS" start="2025-01-27T03:27:24.943419" elapsed="3.035934"/>
</kw>
<kw name="Input Username" owner="successLogin">
<kw name="Wait Until Element Is Visible" owner="AppiumLibrary">
<msg time="2025-01-27T03:27:30.612415" level="INFO">xpath criteria: //android.widget.EditText[@resource-id="com.example.myapplication:id/username"]
xpath criteria: //android.widget.EditText[@resource-id="com.example.myapplication:id/username"]</msg>
<arg>${username_login_input}</arg>
<doc>Waits until element specified with `locator` is visible.</doc>
<status status="PASS" start="2025-01-27T03:27:27.981264" elapsed="2.632102"/>
</kw>
<kw name="Input Text" owner="AppiumLibrary">
<msg time="2025-01-27T03:27:30.621385" level="INFO">Typing text 'support@ngendigital.com' into text field '//android.widget.EditText[@resource-id="com.example.myapplication:id/username"]'</msg>
<msg time="2025-01-27T03:27:31.337373" level="INFO">xpath criteria: //android.widget.EditText[@resource-id="com.example.myapplication:id/username"]</msg>
<arg>${username_login_input}</arg>
<arg>${username}</arg>
<doc>Types the given `text` into text field identified by `locator`.</doc>
<status status="PASS" start="2025-01-27T03:27:30.613366" elapsed="0.725006"/>
</kw>
<arg>${email}</arg>
<status status="PASS" start="2025-01-27T03:27:27.980316" elapsed="3.358056"/>
</kw>
<kw name="Input Password" owner="successLogin">
<kw name="Wait Until Element Is Visible" owner="AppiumLibrary">
<msg time="2025-01-27T03:27:31.989395" level="INFO">xpath criteria: //android.widget.EditText[@resource-id="com.example.myapplication:id/password"]</msg>
<arg>${password_login_input}</arg>
<doc>Waits until element specified with `locator` is visible.</doc>
<status status="PASS" start="2025-01-27T03:27:31.339379" elapsed="0.650016"/>
</kw>
<kw name="Input Text" owner="AppiumLibrary">
<msg time="2025-01-27T03:27:31.998375" level="INFO">Typing text 'abc123' into text field '//android.widget.EditText[@resource-id="com.example.myapplication:id/password"]'</msg>
<msg time="2025-01-27T03:27:32.266367" level="INFO">xpath criteria: //android.widget.EditText[@resource-id="com.example.myapplication:id/password"]</msg>
<arg>${password_login_input}</arg>
<arg>${password}</arg>
<doc>Types the given `text` into text field identified by `locator`.</doc>
<status status="PASS" start="2025-01-27T03:27:31.990502" elapsed="0.275865"/>
</kw>
<arg>${password}</arg>
<status status="PASS" start="2025-01-27T03:27:31.338372" elapsed="0.927995"/>
</kw>
<kw name="Click Sign In Button on Login Screen" owner="successLogin">
<kw name="Click Element" owner="AppiumLibrary">
<msg time="2025-01-27T03:27:32.272366" level="INFO">Clicking element '//android.widget.Button[@resource-id="com.example.myapplication:id/signIn"]'.</msg>
<msg time="2025-01-27T03:27:33.038374" level="INFO">xpath criteria: //android.widget.Button[@resource-id="com.example.myapplication:id/signIn"]</msg>
<arg>${signin_button}</arg>
<doc>Click element identified by `locator`.</doc>
<status status="PASS" start="2025-01-27T03:27:32.267384" elapsed="0.771988"/>
</kw>
<status status="PASS" start="2025-01-27T03:27:32.267384" elapsed="0.771988"/>
</kw>
<kw name="Click Book Menu on Login Screen" owner="successLogin">
<kw name="Wait Until Element Is Visible" owner="AppiumLibrary">
<msg time="2025-01-27T03:27:35.185312" level="INFO">xpath criteria: //android.widget.Button[@resource-id="com.example.myapplication:id/book"]
xpath criteria: //android.widget.Button[@resource-id="com.example.myapplication:id/book"]</msg>
<arg>${bookmenu_button}</arg>
<doc>Waits until element specified with `locator` is visible.</doc>
<status status="PASS" start="2025-01-27T03:27:33.041370" elapsed="2.143942"/>
</kw>
<kw name="Click Element" owner="AppiumLibrary">
<msg time="2025-01-27T03:27:35.190297" level="INFO">Clicking element '//android.widget.Button[@resource-id="com.example.myapplication:id/book"]'.</msg>
<msg time="2025-01-27T03:27:35.666847" level="INFO">xpath criteria: //android.widget.Button[@resource-id="com.example.myapplication:id/book"]</msg>
<arg>${bookmenu_button}</arg>
<doc>Click element identified by `locator`.</doc>
<status status="PASS" start="2025-01-27T03:27:35.186298" elapsed="0.480549"/>
</kw>
<status status="PASS" start="2025-01-27T03:27:33.039372" elapsed="2.627475"/>
</kw>
<status status="PASS" start="2025-01-27T03:27:24.941427" elapsed="10.725420"/>
</kw>
<arg>Open Flight Application</arg>
<arg>AND Sucess login and direct to Book Menu</arg>
<doc>Executes all the given keywords in a sequence.</doc>
<status status="PASS" start="2025-01-27T03:27:06.994247" elapsed="28.672600"/>
</kw>
<kw name="Choose Round Trip" owner="RoundTripBook">
<kw name="Wait Until Element Is Visible" owner="AppiumLibrary">
<msg time="2025-01-27T03:27:39.430342" level="INFO">xpath criteria: //android.support.v7.app.ActionBar.Tab[@content-desc="Round Trip"]
xpath criteria: //android.support.v7.app.ActionBar.Tab[@content-desc="Round Trip"]</msg>
<arg>${ChooseRoundTrip}</arg>
<doc>Waits until element specified with `locator` is visible.</doc>
<status status="PASS" start="2025-01-27T03:27:35.670846" elapsed="3.760489"/>
</kw>
<kw name="Click Element" owner="AppiumLibrary">
<msg time="2025-01-27T03:27:39.440321" level="INFO">Clicking element '//android.support.v7.app.ActionBar.Tab[@content-desc="Round Trip"]'.</msg>
<msg time="2025-01-27T03:27:39.974442" level="INFO">xpath criteria: //android.support.v7.app.ActionBar.Tab[@content-desc="Round Trip"]</msg>
<arg>${ChooseRoundTrip}</arg>
<doc>Click element identified by `locator`.</doc>
<status status="PASS" start="2025-01-27T03:27:39.432330" elapsed="0.542112"/>
</kw>
<status status="PASS" start="2025-01-27T03:27:35.668844" elapsed="4.305598"/>
</kw>
<kw name="Choose Depature Cicago" owner="RoundTripBook">
<kw name="Wait Until Element Is Visible" owner="AppiumLibrary">
<msg time="2025-01-27T03:27:40.857604" level="INFO">xpath criteria: //android.widget.Spinner[@resource-id="com.example.myapplication:id/spinnerFrom"]</msg>
<arg>${Spinners_From}</arg>
<doc>Waits until element specified with `locator` is visible.</doc>
<status status="PASS" start="2025-01-27T03:27:39.978451" elapsed="0.879153"/>
</kw>
<kw name="Click Element" owner="AppiumLibrary">
<msg time="2025-01-27T03:27:40.865586" level="INFO">Clicking element '//android.widget.Spinner[@resource-id="com.example.myapplication:id/spinnerFrom"]'.</msg>
<msg time="2025-01-27T03:27:41.308599" level="INFO">xpath criteria: //android.widget.Spinner[@resource-id="com.example.myapplication:id/spinnerFrom"]</msg>
<arg>${Spinners_From}</arg>
<doc>Click element identified by `locator`.</doc>
<status status="PASS" start="2025-01-27T03:27:40.858587" elapsed="0.450012"/>
</kw>
<kw name="Wait Until Element Is Visible" owner="AppiumLibrary">
<msg time="2025-01-27T03:27:42.701506" level="INFO">xpath criteria: //android.widget.TextView[@resource-id="android:id/text1" and @text="Chicago"]</msg>
<arg>${Cicago}</arg>
<doc>Waits until element specified with `locator` is visible.</doc>
<status status="PASS" start="2025-01-27T03:27:41.309596" elapsed="1.391910"/>
</kw>
<kw name="Click Element" owner="AppiumLibrary">
<msg time="2025-01-27T03:27:42.705503" level="INFO">Clicking element '//android.widget.TextView[@resource-id="android:id/text1" and @text="Chicago"]'.</msg>
<msg time="2025-01-27T03:27:43.985297" level="INFO">xpath criteria: //android.widget.TextView[@resource-id="android:id/text1" and @text="Chicago"]</msg>
<arg>${Cicago}</arg>
<doc>Click element identified by `locator`.</doc>
<status status="PASS" start="2025-01-27T03:27:42.701506" elapsed="1.283791"/>
</kw>
<status status="PASS" start="2025-01-27T03:27:39.976456" elapsed="4.008841"/>
</kw>
<kw name="Choose Arrived Paris" owner="RoundTripBook">
<kw name="Wait Until Element Is Visible" owner="AppiumLibrary">
<msg time="2025-01-27T03:27:44.336291" level="INFO">xpath criteria: //android.widget.Spinner[@resource-id="com.example.myapplication:id/spinnerTo"]</msg>
<arg>${Spinners_To}</arg>
<doc>Waits until element specified with `locator` is visible.</doc>
<status status="PASS" start="2025-01-27T03:27:43.987296" elapsed="0.348995"/>
</kw>
<kw name="Click Element" owner="AppiumLibrary">
<msg time="2025-01-27T03:27:44.340290" level="INFO">Clicking element '//android.widget.Spinner[@resource-id="com.example.myapplication:id/spinnerTo"]'.</msg>
<msg time="2025-01-27T03:27:44.812298" level="INFO">xpath criteria: //android.widget.Spinner[@resource-id="com.example.myapplication:id/spinnerTo"]</msg>
<arg>${Spinners_To}</arg>
<doc>Click element identified by `locator`.</doc>
<status status="PASS" start="2025-01-27T03:27:44.336291" elapsed="0.476007"/>
</kw>
<kw name="Wait Until Element Is Visible" owner="AppiumLibrary">
<msg time="2025-01-27T03:27:45.990585" level="INFO">xpath criteria: //android.widget.TextView[@resource-id="android:id/text1" and @text="Paris"]</msg>
<arg>${Paris}</arg>
<doc>Waits until element specified with `locator` is visible.</doc>
<status status="PASS" start="2025-01-27T03:27:44.813300" elapsed="1.177285"/>
</kw>
<kw name="Click Element" owner="AppiumLibrary">
<msg time="2025-01-27T03:27:45.996565" level="INFO">Clicking element '//android.widget.TextView[@resource-id="android:id/text1" and @text="Paris"]'.</msg>
<msg time="2025-01-27T03:27:47.208595" level="INFO">xpath criteria: //android.widget.TextView[@resource-id="android:id/text1" and @text="Paris"]</msg>
<arg>${Paris}</arg>
<doc>Click element identified by `locator`.</doc>
<status status="PASS" start="2025-01-27T03:27:45.991571" elapsed="1.218022"/>
</kw>
<status status="PASS" start="2025-01-27T03:27:43.986294" elapsed="3.223299"/>
</kw>
<kw name="Choose Class Economy" owner="RoundTripBook">
<kw name="Wait Until Element Is Visible" owner="AppiumLibrary">
<msg time="2025-01-27T03:27:47.471602" level="INFO">xpath criteria: //android.widget.Spinner[@resource-id="com.example.myapplication:id/spinnerClass"]</msg>
<arg>${Spinners_Class}</arg>
<doc>Waits until element specified with `locator` is visible.</doc>
<status status="PASS" start="2025-01-27T03:27:47.210595" elapsed="0.261007"/>
</kw>
<kw name="Click Element" owner="AppiumLibrary">
<msg time="2025-01-27T03:27:47.477596" level="INFO">Clicking element '//android.widget.Spinner[@resource-id="com.example.myapplication:id/spinnerClass"]'.</msg>
<msg time="2025-01-27T03:27:47.890605" level="INFO">xpath criteria: //android.widget.Spinner[@resource-id="com.example.myapplication:id/spinnerClass"]</msg>
<arg>${Spinners_Class}</arg>
<doc>Click element identified by `locator`.</doc>
<status status="PASS" start="2025-01-27T03:27:47.472599" elapsed="0.418006"/>
</kw>
<kw name="Wait Until Element Is Visible" owner="AppiumLibrary">
<msg time="2025-01-27T03:27:49.096149" level="INFO">xpath criteria: //android.widget.TextView[@resource-id="android:id/text1" and @text="Economy"]</msg>
<arg>${Economy}</arg>
<doc>Waits until element specified with `locator` is visible.</doc>
<status status="PASS" start="2025-01-27T03:27:47.891605" elapsed="1.205535"/>
</kw>
<kw name="Click Element" owner="AppiumLibrary">
<msg time="2025-01-27T03:27:49.102134" level="INFO">Clicking element '//android.widget.TextView[@resource-id="android:id/text1" and @text="Economy"]'.</msg>
<msg time="2025-01-27T03:27:50.275335" level="INFO">xpath criteria: //android.widget.TextView[@resource-id="android:id/text1" and @text="Economy"]</msg>
<arg>${Economy}</arg>
<doc>Click element identified by `locator`.</doc>
<status status="PASS" start="2025-01-27T03:27:49.097140" elapsed="1.178195"/>
</kw>
<status status="PASS" start="2025-01-27T03:27:47.210595" elapsed="3.064740"/>
</kw>
<kw name="Choose Date" owner="RoundTripBook">
<kw name="Wait Until Element Is Visible" owner="AppiumLibrary">
<msg time="2025-01-27T03:27:50.609313" level="INFO">xpath criteria: //android.widget.TextView[@resource-id="com.example.myapplication:id/textStartDate"]</msg>
<arg>${Date1}</arg>
<doc>Waits until element specified with `locator` is visible.</doc>
<status status="PASS" start="2025-01-27T03:27:50.279324" elapsed="0.330998"/>
</kw>
<kw name="Click Element" owner="AppiumLibrary">
<msg time="2025-01-27T03:27:50.614320" level="INFO">Clicking element '//android.widget.TextView[@resource-id="com.example.myapplication:id/textStartDate"]'.</msg>
<msg time="2025-01-27T03:27:50.910346" level="INFO">xpath criteria: //android.widget.TextView[@resource-id="com.example.myapplication:id/textStartDate"]</msg>
<arg>${Date1}</arg>
<doc>Click element identified by `locator`.</doc>
<status status="PASS" start="2025-01-27T03:27:50.610322" elapsed="0.300024"/>
</kw>
<kw name="Wait Until Element Is Visible" owner="AppiumLibrary">
<msg time="2025-01-27T03:27:52.972283" level="INFO">xpath criteria: //android.view.View[@content-desc="01 August 2019"]
xpath criteria: //android.view.View[@content-desc="01 August 2019"]</msg>
<arg>${Choose_date1}</arg>
<doc>Waits until element specified with `locator` is visible.</doc>
<status status="PASS" start="2025-01-27T03:27:50.911330" elapsed="2.060953"/>
</kw>
<kw name="Click Element" owner="AppiumLibrary">
<msg time="2025-01-27T03:27:52.977271" level="INFO">Clicking element '//android.view.View[@content-desc="01 August 2019"]'.</msg>
<msg time="2025-01-27T03:27:54.228416" level="INFO">xpath criteria: //android.view.View[@content-desc="01 August 2019"]</msg>
<arg>${Choose_date1}</arg>
<doc>Click element identified by `locator`.</doc>
<status status="PASS" start="2025-01-27T03:27:52.973275" elapsed="1.256135"/>
</kw>
<kw name="Click Element" owner="AppiumLibrary">
<msg time="2025-01-27T03:27:54.238413" level="INFO">Clicking element '//android.widget.Button[@resource-id="android:id/button1"]'.</msg>
<msg time="2025-01-27T03:27:54.963497" level="INFO">xpath criteria: //android.widget.Button[@resource-id="android:id/button1"]</msg>
<arg>${Button_date1}</arg>
<doc>Click element identified by `locator`.</doc>
<status status="PASS" start="2025-01-27T03:27:54.229410" elapsed="0.734087"/>
</kw>
<kw name="Wait Until Element Is Visible" owner="AppiumLibrary">
<msg time="2025-01-27T03:27:56.068476" level="INFO">xpath criteria: //android.widget.TextView[@resource-id="com.example.myapplication:id/textEndDate"]</msg>
<arg>${date2}</arg>
<doc>Waits until element specified with `locator` is visible.</doc>
<status status="PASS" start="2025-01-27T03:27:54.964441" elapsed="1.104035"/>
</kw>
<kw name="Click Element" owner="AppiumLibrary">
<msg time="2025-01-27T03:27:56.072464" level="INFO">Clicking element '//android.widget.TextView[@resource-id="com.example.myapplication:id/textEndDate"]'.</msg>
<msg time="2025-01-27T03:27:56.464470" level="INFO">xpath criteria: //android.widget.TextView[@resource-id="com.example.myapplication:id/textEndDate"]</msg>
<arg>${date2}</arg>
<doc>Click element identified by `locator`.</doc>
<status status="PASS" start="2025-01-27T03:27:56.069468" elapsed="0.396004"/>
</kw>
<kw name="Wait Until Element Is Visible" owner="AppiumLibrary">
<msg time="2025-01-27T03:27:58.473559" level="INFO">xpath criteria: //android.view.View[@content-desc="03 August 2019"]
xpath criteria: //android.view.View[@content-desc="03 August 2019"]</msg>
<arg>${Choose_date2}</arg>
<doc>Waits until element specified with `locator` is visible.</doc>
<status status="PASS" start="2025-01-27T03:27:56.465472" elapsed="2.009091"/>
</kw>
<kw name="Click Element" owner="AppiumLibrary">
<msg time="2025-01-27T03:27:58.479567" level="INFO">Clicking element '//android.view.View[@content-desc="03 August 2019"]'.</msg>
<msg time="2025-01-27T03:27:59.801311" level="INFO">xpath criteria: //android.view.View[@content-desc="03 August 2019"]</msg>
<arg>${Choose_date2}</arg>
<doc>Click element identified by `locator`.</doc>
<status status="PASS" start="2025-01-27T03:27:58.474563" elapsed="1.327735"/>
</kw>
<kw name="Click Element" owner="AppiumLibrary">
<msg time="2025-01-27T03:27:59.805290" level="INFO">Clicking element '//android.widget.Button[@resource-id="android:id/button1"]'.</msg>
<msg time="2025-01-27T03:28:01.038175" level="INFO">xpath criteria: //android.widget.Button[@resource-id="android:id/button1"]</msg>
<arg>${Button_date2}</arg>
<doc>Click element identified by `locator`.</doc>
<status status="PASS" start="2025-01-27T03:27:59.802298" elapsed="1.236859"/>
</kw>
<status status="PASS" start="2025-01-27T03:27:50.277334" elapsed="10.761823"/>
</kw>
<kw name="Choose Flight" owner="RoundTripBook">
<kw name="Wait Until Element Is Visible" owner="AppiumLibrary">
<msg time="2025-01-27T03:28:02.010243" level="INFO">xpath criteria: //android.widget.RadioButton[@resource-id="com.example.myapplication:id/radioButtonFlight"]</msg>
<arg>${Button_flight}</arg>
<doc>Waits until element specified with `locator` is visible.</doc>
<status status="PASS" start="2025-01-27T03:28:01.043194" elapsed="0.967049"/>
</kw>
<kw name="Click Element" owner="AppiumLibrary">
<msg time="2025-01-27T03:28:02.018235" level="INFO">Clicking element '//android.widget.RadioButton[@resource-id="com.example.myapplication:id/radioButtonFlight"]'.</msg>
<msg time="2025-01-27T03:28:02.393907" level="INFO">xpath criteria: //android.widget.RadioButton[@resource-id="com.example.myapplication:id/radioButtonFlight"]</msg>
<arg>${Button_flight}</arg>
<doc>Click element identified by `locator`.</doc>
<status status="PASS" start="2025-01-27T03:28:02.011250" elapsed="0.382657"/>
</kw>
<status status="PASS" start="2025-01-27T03:28:01.041165" elapsed="1.352742"/>
</kw>
<kw name="Click Book Button on Booking Screen" owner="RoundTripBook">
<kw name="Wait Until Element Is Visible" owner="AppiumLibrary">
<msg time="2025-01-27T03:28:03.548372" level="INFO">xpath criteria: //android.widget.Button[@resource-id="com.example.myapplication:id/book_flight"]</msg>
<arg>${Button_BookFlight}</arg>
<doc>Waits until element specified with `locator` is visible.</doc>
<status status="PASS" start="2025-01-27T03:28:02.396911" elapsed="1.151461"/>
</kw>
<kw name="Click Element" owner="AppiumLibrary">
<msg time="2025-01-27T03:28:03.554359" level="INFO">Clicking element '//android.widget.Button[@resource-id="com.example.myapplication:id/book_flight"]'.</msg>
<msg time="2025-01-27T03:28:03.936369" level="INFO">xpath criteria: //android.widget.Button[@resource-id="com.example.myapplication:id/book_flight"]</msg>
<arg>${Button_BookFlight}</arg>
<doc>Click element identified by `locator`.</doc>
<status status="PASS" start="2025-01-27T03:28:03.549361" elapsed="0.388015"/>
</kw>
<status status="PASS" start="2025-01-27T03:28:02.395957" elapsed="1.541419"/>
</kw>
<kw name="Verify Price of Booking Screen" owner="RoundTripBook">
<kw name="Wait Until Element Is Visible" owner="AppiumLibrary">
<msg time="2025-01-27T03:28:06.193905" level="INFO">xpath criteria: //android.widget.TextView[@resource-id="com.example.myapplication:id/textView6"]
xpath criteria: //android.widget.TextView[@resource-id="com.example.myapplication:id/textView6"]</msg>
<arg>${verif_PricePage}</arg>
<doc>Waits until element specified with `locator` is visible.</doc>
<status status="PASS" start="2025-01-27T03:28:03.939366" elapsed="2.254539"/>
</kw>
<status status="PASS" start="2025-01-27T03:28:03.938488" elapsed="2.255417"/>
</kw>
<kw name="Click Confirm Button on Price of Booking Screen" owner="RoundTripBook">
<kw name="Click Element" owner="AppiumLibrary">
<msg time="2025-01-27T03:28:06.203902" level="INFO">Clicking element '//android.widget.Button[@resource-id="com.example.myapplication:id/price1"]'.</msg>
<msg time="2025-01-27T03:28:06.719274" level="INFO">xpath criteria: //android.widget.Button[@resource-id="com.example.myapplication:id/price1"]</msg>
<arg>${Button_price}</arg>
<doc>Click element identified by `locator`.</doc>
<status status="PASS" start="2025-01-27T03:28:06.198014" elapsed="0.522259"/>
</kw>
<kw name="Click Element" owner="AppiumLibrary">
<msg time="2025-01-27T03:28:06.725288" level="INFO">Clicking element '//android.widget.Button[@resource-id="com.example.myapplication:id/confirm_order"]'.</msg>
<msg time="2025-01-27T03:28:08.113851" level="INFO">xpath criteria: //android.widget.Button[@resource-id="com.example.myapplication:id/confirm_order"]</msg>
<arg>${Confirm}</arg>
<doc>Click element identified by `locator`.</doc>
<status status="PASS" start="2025-01-27T03:28:06.720273" elapsed="1.394566"/>
</kw>
<status status="PASS" start="2025-01-27T03:28:06.196909" elapsed="1.917930"/>
</kw>
<kw name="Verify Successfull Booking Appears" owner="RoundTripBook">
<kw name="Wait Until Element Is Visible" owner="AppiumLibrary">
<msg time="2025-01-27T03:28:10.944698" level="INFO">xpath criteria: //android.widget.CheckedTextView[@resource-id="com.example.myapplication:id/checkedTextView"]
xpath criteria: //android.widget.CheckedTextView[@resource-id="com.example.myapplication:id/checkedTextView"]</msg>
<arg>${Verif_Book}</arg>
<doc>Waits until element specified with `locator` is visible.</doc>
<status status="PASS" start="2025-01-27T03:28:08.118902" elapsed="2.825796"/>
</kw>
<status status="PASS" start="2025-01-27T03:28:08.117849" elapsed="2.827949"/>
</kw>
<kw name="Close Flight Application" owner="base" type="TEARDOWN">
<kw name="Close Application" owner="AppiumLibrary">
<doc>Closes the current application and also close webdriver session.</doc>
<status status="PASS" start="2025-01-27T03:28:10.948689" elapsed="2.144168"/>
</kw>
<status status="PASS" start="2025-01-27T03:28:10.947688" elapsed="2.146176"/>
</kw>
<status status="PASS" start="2025-01-27T03:27:06.993196" elapsed="66.101665"/>
</test>
<test id="s1-t3" name="User Should Be Choose Round Trip Flight Cicago to Ottawa" line="44">
<kw name="Run Keywords" owner="BuiltIn" type="SETUP">
<kw name="Open Flight Application" owner="base">
<kw name="Open Application" owner="AppiumLibrary">
<arg>remote_url=http://127.0.0.1:4723/wd/hub</arg>
<arg>platformName=Android</arg>
<arg>platformVersion=13.0</arg>
<arg>deviceName=emulator-5554</arg>
<arg>appPackage=com.example.myapplication</arg>
<arg>appActivity=com.example.myapplication.MainActivity</arg>
<arg>systemPort=8210</arg>
<doc>Opens a new application to given Appium server.
Capabilities of appium server, Android and iOS,
Please check https://appium.io/docs/en/2.1/cli/args/
| *Option*            | *Man.* | *Description*     |
| remote_url          | Yes    | Appium server url |
| alias               | no     | alias             |
| strict_ssl          | No     | allows you to send commands to an invalid certificate host like a self-signed one. |</doc>
<status status="PASS" start="2025-01-27T03:28:13.101851" elapsed="17.673979"/>
</kw>
<status status="PASS" start="2025-01-27T03:28:13.100846" elapsed="17.675981"/>
</kw>
<kw name="AND Sucess login and direct to Book Menu" owner="successLogin">
<kw name="Click Sign In Button On Home Screen" owner="homePage">
<kw name="Click Element" owner="AppiumLibrary">
<msg time="2025-01-27T03:28:30.793823" level="INFO">Clicking element '//android.widget.Button[@resource-id="com.example.myapplication:id/login"]'.</msg>
<msg time="2025-01-27T03:28:34.119438" level="INFO">xpath criteria: //android.widget.Button[@resource-id="com.example.myapplication:id/login"]</msg>
<arg>locator=${signin_home_screen}</arg>
<doc>Click element identified by `locator`.</doc>
<status status="PASS" start="2025-01-27T03:28:30.779824" elapsed="3.339614"/>
</kw>
<status status="PASS" start="2025-01-27T03:28:30.778812" elapsed="3.341620"/>
</kw>
<kw name="Input Username" owner="successLogin">
<kw name="Wait Until Element Is Visible" owner="AppiumLibrary">
<msg time="2025-01-27T03:28:37.417623" level="INFO">xpath criteria: //android.widget.EditText[@resource-id="com.example.myapplication:id/username"]
xpath criteria: //android.widget.EditText[@resource-id="com.example.myapplication:id/username"]</msg>
<arg>${username_login_input}</arg>
<doc>Waits until element specified with `locator` is visible.</doc>
<status status="PASS" start="2025-01-27T03:28:34.123435" elapsed="3.294188"/>
</kw>
<kw name="Input Text" owner="AppiumLibrary">
<msg time="2025-01-27T03:28:37.428664" level="INFO">Typing text 'support@ngendigital.com' into text field '//android.widget.EditText[@resource-id="com.example.myapplication:id/username"]'</msg>
<msg time="2025-01-27T03:28:37.727623" level="INFO">xpath criteria: //android.widget.EditText[@resource-id="com.example.myapplication:id/username"]</msg>
<arg>${username_login_input}</arg>
<arg>${username}</arg>
<doc>Types the given `text` into text field identified by `locator`.</doc>
<status status="PASS" start="2025-01-27T03:28:37.418638" elapsed="0.308985"/>
</kw>
<arg>${email}</arg>
<status status="PASS" start="2025-01-27T03:28:34.121436" elapsed="3.606187"/>
</kw>
<kw name="Input Password" owner="successLogin">
<kw name="Wait Until Element Is Visible" owner="AppiumLibrary">
<msg time="2025-01-27T03:28:38.406622" level="INFO">xpath criteria: //android.widget.EditText[@resource-id="com.example.myapplication:id/password"]</msg>
<arg>${password_login_input}</arg>
<doc>Waits until element specified with `locator` is visible.</doc>
<status status="PASS" start="2025-01-27T03:28:37.730623" elapsed="0.677016"/>
</kw>
<kw name="Input Text" owner="AppiumLibrary">
<msg time="2025-01-27T03:28:38.413628" level="INFO">Typing text 'abc123' into text field '//android.widget.EditText[@resource-id="com.example.myapplication:id/password"]'</msg>
<msg time="2025-01-27T03:28:38.704626" level="INFO">xpath criteria: //android.widget.EditText[@resource-id="com.example.myapplication:id/password"]</msg>
<arg>${password_login_input}</arg>
<arg>${password}</arg>
<doc>Types the given `text` into text field identified by `locator`.</doc>
<status status="PASS" start="2025-01-27T03:28:38.407639" elapsed="0.297993"/>
</kw>
<arg>${password}</arg>
<status status="PASS" start="2025-01-27T03:28:37.728662" elapsed="0.976970"/>
</kw>
<kw name="Click Sign In Button on Login Screen" owner="successLogin">
<kw name="Click Element" owner="AppiumLibrary">
<msg time="2025-01-27T03:28:38.715629" level="INFO">Clicking element '//android.widget.Button[@resource-id="com.example.myapplication:id/signIn"]'.</msg>
<msg time="2025-01-27T03:28:39.490667" level="INFO">xpath criteria: //android.widget.Button[@resource-id="com.example.myapplication:id/signIn"]</msg>
<arg>${signin_button}</arg>
<doc>Click element identified by `locator`.</doc>
<status status="PASS" start="2025-01-27T03:28:38.708630" elapsed="0.782037"/>
</kw>
<status status="PASS" start="2025-01-27T03:28:38.707621" elapsed="0.783046"/>
</kw>
<kw name="Click Book Menu on Login Screen" owner="successLogin">
<kw name="Wait Until Element Is Visible" owner="AppiumLibrary">
<msg time="2025-01-27T03:28:41.853519" level="INFO">xpath criteria: //android.widget.Button[@resource-id="com.example.myapplication:id/book"]
xpath criteria: //android.widget.Button[@resource-id="com.example.myapplication:id/book"]</msg>
<arg>${bookmenu_button}</arg>
<doc>Waits until element specified with `locator` is visible.</doc>
<status status="PASS" start="2025-01-27T03:28:39.492639" elapsed="2.361888"/>
</kw>
<kw name="Click Element" owner="AppiumLibrary">
<msg time="2025-01-27T03:28:41.859515" level="INFO">Clicking element '//android.widget.Button[@resource-id="com.example.myapplication:id/book"]'.</msg>
<msg time="2025-01-27T03:28:42.278521" level="INFO">xpath criteria: //android.widget.Button[@resource-id="com.example.myapplication:id/book"]</msg>
<arg>${bookmenu_button}</arg>
<doc>Click element identified by `locator`.</doc>
<status status="PASS" start="2025-01-27T03:28:41.854527" elapsed="0.423994"/>
</kw>
<status status="PASS" start="2025-01-27T03:28:39.491646" elapsed="2.787876"/>
</kw>
<status status="PASS" start="2025-01-27T03:28:30.777829" elapsed="11.501693"/>
</kw>
<arg>Open Flight Application</arg>
<arg>AND Sucess login and direct to Book Menu</arg>
<doc>Executes all the given keywords in a sequence.</doc>
<status status="PASS" start="2025-01-27T03:28:13.099853" elapsed="29.179669"/>
</kw>
<kw name="Choose Round Trip" owner="RoundTripBook">
<kw name="Wait Until Element Is Visible" owner="AppiumLibrary">
<msg time="2025-01-27T03:28:45.935319" level="INFO">xpath criteria: //android.support.v7.app.ActionBar.Tab[@content-desc="Round Trip"]
xpath criteria: //android.support.v7.app.ActionBar.Tab[@content-desc="Round Trip"]</msg>
<arg>${ChooseRoundTrip}</arg>
<doc>Waits until element specified with `locator` is visible.</doc>
<status status="PASS" start="2025-01-27T03:28:42.282519" elapsed="3.653788"/>
</kw>
<kw name="Click Element" owner="AppiumLibrary">
<msg time="2025-01-27T03:28:45.946304" level="INFO">Clicking element '//android.support.v7.app.ActionBar.Tab[@content-desc="Round Trip"]'.</msg>
<msg time="2025-01-27T03:28:46.500316" level="INFO">xpath criteria: //android.support.v7.app.ActionBar.Tab[@content-desc="Round Trip"]</msg>
<arg>${ChooseRoundTrip}</arg>
<doc>Click element identified by `locator`.</doc>
<status status="PASS" start="2025-01-27T03:28:45.936307" elapsed="0.564009"/>
</kw>
<status status="PASS" start="2025-01-27T03:28:42.280523" elapsed="4.219793"/>
</kw>
<kw name="Choose Depature Cicago" owner="RoundTripBook">
<kw name="Wait Until Element Is Visible" owner="AppiumLibrary">
<msg time="2025-01-27T03:28:47.472002" level="INFO">xpath criteria: //android.widget.Spinner[@resource-id="com.example.myapplication:id/spinnerFrom"]</msg>
<arg>${Spinners_From}</arg>
<doc>Waits until element specified with `locator` is visible.</doc>
<status status="PASS" start="2025-01-27T03:28:46.502316" elapsed="0.969686"/>
</kw>
<kw name="Click Element" owner="AppiumLibrary">
<msg time="2025-01-27T03:28:47.477007" level="INFO">Clicking element '//android.widget.Spinner[@resource-id="com.example.myapplication:id/spinnerFrom"]'.</msg>
<msg time="2025-01-27T03:28:47.943042" level="INFO">xpath criteria: //android.widget.Spinner[@resource-id="com.example.myapplication:id/spinnerFrom"]</msg>
<arg>${Spinners_From}</arg>
<doc>Click element identified by `locator`.</doc>
<status status="PASS" start="2025-01-27T03:28:47.472002" elapsed="0.472010"/>
</kw>
<kw name="Wait Until Element Is Visible" owner="AppiumLibrary">
<msg time="2025-01-27T03:28:49.377363" level="INFO">xpath criteria: //android.widget.TextView[@resource-id="android:id/text1" and @text="Chicago"]
xpath criteria: //android.widget.TextView[@resource-id="android:id/text1" and @text="Chicago"]</msg>
<arg>${Cicago}</arg>
<doc>Waits until element specified with `locator` is visible.</doc>
<status status="PASS" start="2025-01-27T03:28:47.944012" elapsed="1.433351"/>
</kw>
<kw name="Click Element" owner="AppiumLibrary">
<msg time="2025-01-27T03:28:49.382354" level="INFO">Clicking element '//android.widget.TextView[@resource-id="android:id/text1" and @text="Chicago"]'.</msg>
<msg time="2025-01-27T03:28:50.569356" level="INFO">xpath criteria: //android.widget.TextView[@resource-id="android:id/text1" and @text="Chicago"]</msg>
<arg>${Cicago}</arg>
<doc>Click element identified by `locator`.</doc>
<status status="PASS" start="2025-01-27T03:28:49.377363" elapsed="1.191993"/>
</kw>
<status status="PASS" start="2025-01-27T03:28:46.501315" elapsed="4.069051"/>
</kw>
<kw name="Choose Arrived Ottawa" owner="RoundTripBook">
<kw name="Wait Until Element Is Visible" owner="AppiumLibrary">
<msg time="2025-01-27T03:28:50.959358" level="INFO">xpath criteria: //android.widget.Spinner[@resource-id="com.example.myapplication:id/spinnerTo"]</msg>
<arg>${Spinners_To}</arg>
<doc>Waits until element specified with `locator` is visible.</doc>
<status status="PASS" start="2025-01-27T03:28:50.572356" elapsed="0.387002"/>
</kw>
<kw name="Click Element" owner="AppiumLibrary">
<msg time="2025-01-27T03:28:50.970346" level="INFO">Clicking element '//android.widget.Spinner[@resource-id="com.example.myapplication:id/spinnerTo"]'.</msg>
<msg time="2025-01-27T03:28:51.292359" level="INFO">xpath criteria: //android.widget.Spinner[@resource-id="com.example.myapplication:id/spinnerTo"]</msg>
<arg>${Spinners_To}</arg>
<doc>Click element identified by `locator`.</doc>
<status status="PASS" start="2025-01-27T03:28:50.960356" elapsed="0.333017"/>
</kw>
<kw name="Wait Until Element Is Visible" owner="AppiumLibrary">
<msg time="2025-01-27T03:28:52.483358" level="INFO">xpath criteria: //android.widget.TextView[@resource-id="android:id/text1" and @text="Ottawa"]</msg>
<arg>${Ottawa}</arg>
<doc>Waits until element specified with `locator` is visible.</doc>
<status status="PASS" start="2025-01-27T03:28:51.293373" elapsed="1.189985"/>
</kw>
<kw name="Click Element" owner="AppiumLibrary">
<msg time="2025-01-27T03:28:52.488358" level="INFO">Clicking element '//android.widget.TextView[@resource-id="android:id/text1" and @text="Ottawa"]'.</msg>
<msg time="2025-01-27T03:28:53.694363" level="INFO">xpath criteria: //android.widget.TextView[@resource-id="android:id/text1" and @text="Ottawa"]</msg>
<arg>${Ottawa}</arg>
<doc>Click element identified by `locator`.</doc>
<status status="PASS" start="2025-01-27T03:28:52.484354" elapsed="1.211005"/>
</kw>
<status status="PASS" start="2025-01-27T03:28:50.571358" elapsed="3.124001"/>
</kw>
<kw name="Choose Class Economy" owner="RoundTripBook">
<kw name="Wait Until Element Is Visible" owner="AppiumLibrary">
<msg time="2025-01-27T03:28:54.096365" level="INFO">xpath criteria: //android.widget.Spinner[@resource-id="com.example.myapplication:id/spinnerClass"]</msg>
<arg>${Spinners_Class}</arg>
<doc>Waits until element specified with `locator` is visible.</doc>
<status status="PASS" start="2025-01-27T03:28:53.697368" elapsed="0.398997"/>
</kw>
<kw name="Click Element" owner="AppiumLibrary">
<msg time="2025-01-27T03:28:54.100466" level="INFO">Clicking element '//android.widget.Spinner[@resource-id="com.example.myapplication:id/spinnerClass"]'.</msg>
<msg time="2025-01-27T03:28:54.598375" level="INFO">xpath criteria: //android.widget.Spinner[@resource-id="com.example.myapplication:id/spinnerClass"]</msg>
<arg>${Spinners_Class}</arg>
<doc>Click element identified by `locator`.</doc>
<status status="PASS" start="2025-01-27T03:28:54.096365" elapsed="0.502987"/>
</kw>
<kw name="Wait Until Element Is Visible" owner="AppiumLibrary">
<msg time="2025-01-27T03:28:56.077289" level="INFO">xpath criteria: //android.widget.TextView[@resource-id="android:id/text1" and @text="Economy"]
xpath criteria: //android.widget.TextView[@resource-id="android:id/text1" and @text="Economy"]</msg>
<arg>${Economy}</arg>
<doc>Waits until element specified with `locator` is visible.</doc>
<status status="PASS" start="2025-01-27T03:28:54.599352" elapsed="1.477937"/>
</kw>
<kw name="Click Element" owner="AppiumLibrary">
<msg time="2025-01-27T03:28:56.085277" level="INFO">Clicking element '//android.widget.TextView[@resource-id="android:id/text1" and @text="Economy"]'.</msg>
<msg time="2025-01-27T03:28:57.402273" level="INFO">xpath criteria: //android.widget.TextView[@resource-id="android:id/text1" and @text="Economy"]</msg>
<arg>${Economy}</arg>
<doc>Click element identified by `locator`.</doc>
<status status="PASS" start="2025-01-27T03:28:56.078287" elapsed="1.323986"/>
</kw>
<status status="PASS" start="2025-01-27T03:28:53.696361" elapsed="3.705912"/>
</kw>
<kw name="Choose Date" owner="RoundTripBook">
<kw name="Wait Until Element Is Visible" owner="AppiumLibrary">
<msg time="2025-01-27T03:28:57.643501" level="INFO">xpath criteria: //android.widget.TextView[@resource-id="com.example.myapplication:id/textStartDate"]</msg>
<arg>${Date1}</arg>
<doc>Waits until element specified with `locator` is visible.</doc>
<status status="PASS" start="2025-01-27T03:28:57.404277" elapsed="0.240041"/>
</kw>
<kw name="Click Element" owner="AppiumLibrary">
<msg time="2025-01-27T03:28:57.649303" level="INFO">Clicking element '//android.widget.TextView[@resource-id="com.example.myapplication:id/textStartDate"]'.</msg>
<msg time="2025-01-27T03:28:58.091308" level="INFO">xpath criteria: //android.widget.TextView[@resource-id="com.example.myapplication:id/textStartDate"]</msg>
<arg>${Date1}</arg>
<doc>Click element identified by `locator`.</doc>
<status status="PASS" start="2025-01-27T03:28:57.644318" elapsed="0.446990"/>
</kw>
<kw name="Wait Until Element Is Visible" owner="AppiumLibrary">
<msg time="2025-01-27T03:29:00.462707" level="INFO">xpath criteria: //android.view.View[@content-desc="01 August 2019"]
xpath criteria: //android.view.View[@content-desc="01 August 2019"]</msg>
<arg>${Choose_date1}</arg>
<doc>Waits until element specified with `locator` is visible.</doc>
<status status="PASS" start="2025-01-27T03:28:58.092310" elapsed="2.371382"/>
</kw>
<kw name="Click Element" owner="AppiumLibrary">
<msg time="2025-01-27T03:29:00.475683" level="INFO">Clicking element '//android.view.View[@content-desc="01 August 2019"]'.</msg>
<msg time="2025-01-27T03:29:02.066575" level="INFO">xpath criteria: //android.view.View[@content-desc="01 August 2019"]</msg>
<arg>${Choose_date1}</arg>
<doc>Click element identified by `locator`.</doc>
<status status="PASS" start="2025-01-27T03:29:00.463692" elapsed="1.603890"/>
</kw>
<kw name="Click Element" owner="AppiumLibrary">
<msg time="2025-01-27T03:29:02.074580" level="INFO">Clicking element '//android.widget.Button[@resource-id="android:id/button1"]'.</msg>
<msg time="2025-01-27T03:29:02.729578" level="INFO">xpath criteria: //android.widget.Button[@resource-id="android:id/button1"]</msg>
<arg>${Button_date1}</arg>
<doc>Click element identified by `locator`.</doc>
<status status="PASS" start="2025-01-27T03:29:02.067582" elapsed="0.661996"/>
</kw>
<kw name="Wait Until Element Is Visible" owner="AppiumLibrary">
<msg time="2025-01-27T03:29:03.575289" level="INFO">xpath criteria: //android.widget.TextView[@resource-id="com.example.myapplication:id/textEndDate"]</msg>
<arg>${date2}</arg>
<doc>Waits until element specified with `locator` is visible.</doc>
<status status="PASS" start="2025-01-27T03:29:02.729578" elapsed="0.845711"/>
</kw>
<kw name="Click Element" owner="AppiumLibrary">
<msg time="2025-01-27T03:29:03.580281" level="INFO">Clicking element '//android.widget.TextView[@resource-id="com.example.myapplication:id/textEndDate"]'.</msg>
<msg time="2025-01-27T03:29:03.895284" level="INFO">xpath criteria: //android.widget.TextView[@resource-id="com.example.myapplication:id/textEndDate"]</msg>
<arg>${date2}</arg>
<doc>Click element identified by `locator`.</doc>
<status status="PASS" start="2025-01-27T03:29:03.576285" elapsed="0.320010"/>
</kw>
<kw name="Wait Until Element Is Visible" owner="AppiumLibrary">
<msg time="2025-01-27T03:29:06.144264" level="INFO">xpath criteria: //android.view.View[@content-desc="03 August 2019"]
xpath criteria: //android.view.View[@content-desc="03 August 2019"]</msg>
<arg>${Choose_date2}</arg>
<doc>Waits until element specified with `locator` is visible.</doc>
<status status="PASS" start="2025-01-27T03:29:03.896295" elapsed="2.247969"/>
</kw>
<kw name="Click Element" owner="AppiumLibrary">
<msg time="2025-01-27T03:29:06.149257" level="INFO">Clicking element '//android.view.View[@content-desc="03 August 2019"]'.</msg>
<msg time="2025-01-27T03:29:07.368816" level="INFO">xpath criteria: //android.view.View[@content-desc="03 August 2019"]</msg>
<arg>${Choose_date2}</arg>
<doc>Click element identified by `locator`.</doc>
<status status="PASS" start="2025-01-27T03:29:06.145266" elapsed="1.223550"/>
</kw>
<kw name="Click Element" owner="AppiumLibrary">
<msg time="2025-01-27T03:29:07.374813" level="INFO">Clicking element '//android.widget.Button[@resource-id="android:id/button1"]'.</msg>
<msg time="2025-01-27T03:29:07.997817" level="INFO">xpath criteria: //android.widget.Button[@resource-id="android:id/button1"]</msg>
<arg>${Button_date2}</arg>
<doc>Click element identified by `locator`.</doc>
<status status="PASS" start="2025-01-27T03:29:07.369809" elapsed="0.629007"/>
</kw>
<status status="PASS" start="2025-01-27T03:28:57.403275" elapsed="10.595541"/>
</kw>
<kw name="Choose Flight" owner="RoundTripBook">
<kw name="Wait Until Element Is Visible" owner="AppiumLibrary">
<msg time="2025-01-27T03:29:09.067044" level="INFO">xpath criteria: //android.widget.RadioButton[@resource-id="com.example.myapplication:id/radioButtonFlight"]</msg>
<arg>${Button_flight}</arg>
<doc>Waits until element specified with `locator` is visible.</doc>
<status status="PASS" start="2025-01-27T03:29:08.002817" elapsed="1.064227"/>
</kw>
<kw name="Click Element" owner="AppiumLibrary">
<msg time="2025-01-27T03:29:09.074032" level="INFO">Clicking element '//android.widget.RadioButton[@resource-id="com.example.myapplication:id/radioButtonFlight"]'.</msg>
<msg time="2025-01-27T03:29:09.544760" level="INFO">xpath criteria: //android.widget.RadioButton[@resource-id="com.example.myapplication:id/radioButtonFlight"]</msg>
<arg>${Button_flight}</arg>
<doc>Click element identified by `locator`.</doc>
<status status="PASS" start="2025-01-27T03:29:09.068035" elapsed="0.477730"/>
</kw>
<status status="PASS" start="2025-01-27T03:29:08.000815" elapsed="1.544950"/>
</kw>
<kw name="Click Book Button on Booking Screen" owner="RoundTripBook">
<kw name="Wait Until Element Is Visible" owner="AppiumLibrary">
<msg time="2025-01-27T03:29:10.289506" level="INFO">xpath criteria: //android.widget.Button[@resource-id="com.example.myapplication:id/book_flight"]</msg>
<arg>${Button_BookFlight}</arg>
<doc>Waits until element specified with `locator` is visible.</doc>
<status status="PASS" start="2025-01-27T03:29:09.547753" elapsed="0.742748"/>
</kw>
<kw name="Click Element" owner="AppiumLibrary">
<msg time="2025-01-27T03:29:10.296499" level="INFO">Clicking element '//android.widget.Button[@resource-id="com.example.myapplication:id/book_flight"]'.</msg>
<msg time="2025-01-27T03:29:10.989809" level="INFO">xpath criteria: //android.widget.Button[@resource-id="com.example.myapplication:id/book_flight"]</msg>
<arg>${Button_BookFlight}</arg>
<doc>Click element identified by `locator`.</doc>
<status status="PASS" start="2025-01-27T03:29:10.290501" elapsed="0.700045"/>
</kw>
<status status="PASS" start="2025-01-27T03:29:09.546754" elapsed="1.443792"/>
</kw>
<kw name="Verify Price of Booking Screen" owner="RoundTripBook">
<kw name="Wait Until Element Is Visible" owner="AppiumLibrary">
<msg time="2025-01-27T03:29:13.460713" level="INFO">xpath criteria: //android.widget.TextView[@resource-id="com.example.myapplication:id/textView6"]
xpath criteria: //android.widget.TextView[@resource-id="com.example.myapplication:id/textView6"]</msg>
<arg>${verif_PricePage}</arg>
<doc>Waits until element specified with `locator` is visible.</doc>
<status status="PASS" start="2025-01-27T03:29:10.995530" elapsed="2.466183"/>
</kw>
<status status="PASS" start="2025-01-27T03:29:10.993519" elapsed="2.468194"/>
</kw>
<kw name="Click Confirm Button on Price of Booking Screen" owner="RoundTripBook">
<kw name="Click Element" owner="AppiumLibrary">
<msg time="2025-01-27T03:29:13.472712" level="INFO">Clicking element '//android.widget.Button[@resource-id="com.example.myapplication:id/price1"]'.</msg>
<msg time="2025-01-27T03:29:13.935716" level="INFO">xpath criteria: //android.widget.Button[@resource-id="com.example.myapplication:id/price1"]</msg>
<arg>${Button_price}</arg>
<doc>Click element identified by `locator`.</doc>
<status status="PASS" start="2025-01-27T03:29:13.464709" elapsed="0.471007"/>
</kw>
<kw name="Click Element" owner="AppiumLibrary">
<msg time="2025-01-27T03:29:13.944726" level="INFO">Clicking element '//android.widget.Button[@resource-id="com.example.myapplication:id/confirm_order"]'.</msg>
<msg time="2025-01-27T03:29:15.178287" level="INFO">xpath criteria: //android.widget.Button[@resource-id="com.example.myapplication:id/confirm_order"]</msg>
<arg>${Confirm}</arg>
<doc>Click element identified by `locator`.</doc>
<status status="PASS" start="2025-01-27T03:29:13.936717" elapsed="1.241570"/>
</kw>
<status status="PASS" start="2025-01-27T03:29:13.463718" elapsed="1.714569"/>
</kw>
<kw name="Verify Successfull Booking Appears" owner="RoundTripBook">
<kw name="Wait Until Element Is Visible" owner="AppiumLibrary">
<msg time="2025-01-27T03:29:17.511395" level="INFO">xpath criteria: //android.widget.CheckedTextView[@resource-id="com.example.myapplication:id/checkedTextView"]
xpath criteria: //android.widget.CheckedTextView[@resource-id="com.example.myapplication:id/checkedTextView"]</msg>
<arg>${Verif_Book}</arg>
<doc>Waits until element specified with `locator` is visible.</doc>
<status status="PASS" start="2025-01-27T03:29:15.181289" elapsed="2.331315"/>
</kw>
<status status="PASS" start="2025-01-27T03:29:15.180282" elapsed="2.332322"/>
</kw>
<kw name="Close Flight Application" owner="base" type="TEARDOWN">
<kw name="Close Application" owner="AppiumLibrary">
<doc>Closes the current application and also close webdriver session.</doc>
<status status="PASS" start="2025-01-27T03:29:17.514397" elapsed="1.700243"/>
</kw>
<status status="PASS" start="2025-01-27T03:29:17.513399" elapsed="1.702209"/>
</kw>
<status status="PASS" start="2025-01-27T03:28:13.097849" elapsed="66.118768"/>
</test>
<test id="s1-t4" name="User Should Be Choose Round Trip Flight New York to London" line="58">
<kw name="Run Keywords" owner="BuiltIn" type="SETUP">
<kw name="Open Flight Application" owner="base">
<kw name="Open Application" owner="AppiumLibrary">
<arg>remote_url=http://127.0.0.1:4723/wd/hub</arg>
<arg>platformName=Android</arg>
<arg>platformVersion=13.0</arg>
<arg>deviceName=emulator-5554</arg>
<arg>appPackage=com.example.myapplication</arg>
<arg>appActivity=com.example.myapplication.MainActivity</arg>
<arg>systemPort=8210</arg>
<doc>Opens a new application to given Appium server.
Capabilities of appium server, Android and iOS,
Please check https://appium.io/docs/en/2.1/cli/args/
| *Option*            | *Man.* | *Description*     |
| remote_url          | Yes    | Appium server url |
| alias               | no     | alias             |
| strict_ssl          | No     | allows you to send commands to an invalid certificate host like a self-signed one. |</doc>
<status status="PASS" start="2025-01-27T03:29:19.221613" elapsed="18.491475"/>
</kw>
<status status="PASS" start="2025-01-27T03:29:19.220611" elapsed="18.493475"/>
</kw>
<kw name="AND Sucess login and direct to Book Menu" owner="successLogin">
<kw name="Click Sign In Button On Home Screen" owner="homePage">
<kw name="Click Element" owner="AppiumLibrary">
<msg time="2025-01-27T03:29:37.721634" level="INFO">Clicking element '//android.widget.Button[@resource-id="com.example.myapplication:id/login"]'.</msg>
<msg time="2025-01-27T03:29:40.762464" level="INFO">xpath criteria: //android.widget.Button[@resource-id="com.example.myapplication:id/login"]</msg>
<arg>locator=${signin_home_screen}</arg>
<doc>Click element identified by `locator`.</doc>
<status status="PASS" start="2025-01-27T03:29:37.716080" elapsed="3.046384"/>
</kw>
<status status="PASS" start="2025-01-27T03:29:37.715074" elapsed="3.048383"/>
</kw>
<kw name="Input Username" owner="successLogin">
<kw name="Wait Until Element Is Visible" owner="AppiumLibrary">
<msg time="2025-01-27T03:29:43.595021" level="INFO">xpath criteria: //android.widget.EditText[@resource-id="com.example.myapplication:id/username"]
xpath criteria: //android.widget.EditText[@resource-id="com.example.myapplication:id/username"]</msg>
<arg>${username_login_input}</arg>
<doc>Waits until element specified with `locator` is visible.</doc>
<status status="PASS" start="2025-01-27T03:29:40.764460" elapsed="2.830561"/>
</kw>
<kw name="Input Text" owner="AppiumLibrary">
<msg time="2025-01-27T03:29:43.600008" level="INFO">Typing text 'support@ngendigital.com' into text field '//android.widget.EditText[@resource-id="com.example.myapplication:id/username"]'</msg>
<msg time="2025-01-27T03:29:43.935023" level="INFO">xpath criteria: //android.widget.EditText[@resource-id="com.example.myapplication:id/username"]</msg>
<arg>${username_login_input}</arg>
<arg>${username}</arg>
<doc>Types the given `text` into text field identified by `locator`.</doc>
<status status="PASS" start="2025-01-27T03:29:43.596010" elapsed="0.340001"/>
</kw>
<arg>${email}</arg>
<status status="PASS" start="2025-01-27T03:29:40.763457" elapsed="3.172554"/>
</kw>
<kw name="Input Password" owner="successLogin">
<kw name="Wait Until Element Is Visible" owner="AppiumLibrary">
<msg time="2025-01-27T03:29:44.669034" level="INFO">xpath criteria: //android.widget.EditText[@resource-id="com.example.myapplication:id/password"]</msg>
<arg>${password_login_input}</arg>
<doc>Waits until element specified with `locator` is visible.</doc>
<status status="PASS" start="2025-01-27T03:29:43.938065" elapsed="0.730969"/>
</kw>
<kw name="Input Text" owner="AppiumLibrary">
<msg time="2025-01-27T03:29:44.675024" level="INFO">Typing text 'abc123' into text field '//android.widget.EditText[@resource-id="com.example.myapplication:id/password"]'</msg>
<msg time="2025-01-27T03:29:44.959109" level="INFO">xpath criteria: //android.widget.EditText[@resource-id="com.example.myapplication:id/password"]</msg>
<arg>${password_login_input}</arg>
<arg>${password}</arg>
<doc>Types the given `text` into text field identified by `locator`.</doc>
<status status="PASS" start="2025-01-27T03:29:44.670035" elapsed="0.289074"/>
</kw>
<arg>${password}</arg>
<status status="PASS" start="2025-01-27T03:29:43.937020" elapsed="1.022089"/>
</kw>
<kw name="Click Sign In Button on Login Screen" owner="successLogin">
<kw name="Click Element" owner="AppiumLibrary">
<msg time="2025-01-27T03:29:44.966115" level="INFO">Clicking element '//android.widget.Button[@resource-id="com.example.myapplication:id/signIn"]'.</msg>
<msg time="2025-01-27T03:29:45.556318" level="INFO">xpath criteria: //android.widget.Button[@resource-id="com.example.myapplication:id/signIn"]</msg>
<arg>${signin_button}</arg>
<doc>Click element identified by `locator`.</doc>
<status status="PASS" start="2025-01-27T03:29:44.961119" elapsed="0.595199"/>
</kw>
<status status="PASS" start="2025-01-27T03:29:44.960120" elapsed="0.596198"/>
</kw>
<kw name="Click Book Menu on Login Screen" owner="successLogin">
<kw name="Wait Until Element Is Visible" owner="AppiumLibrary">
<msg time="2025-01-27T03:29:47.966592" level="INFO">xpath criteria: //android.widget.Button[@resource-id="com.example.myapplication:id/book"]
xpath criteria: //android.widget.Button[@resource-id="com.example.myapplication:id/book"]</msg>
<arg>${bookmenu_button}</arg>
<doc>Waits until element specified with `locator` is visible.</doc>
<status status="PASS" start="2025-01-27T03:29:45.558303" elapsed="2.409285"/>
</kw>
<kw name="Click Element" owner="AppiumLibrary">
<msg time="2025-01-27T03:29:47.975583" level="INFO">Clicking element '//android.widget.Button[@resource-id="com.example.myapplication:id/book"]'.</msg>
<msg time="2025-01-27T03:29:48.411285" level="INFO">xpath criteria: //android.widget.Button[@resource-id="com.example.myapplication:id/book"]</msg>
<arg>${bookmenu_button}</arg>
<doc>Click element identified by `locator`.</doc>
<status status="PASS" start="2025-01-27T03:29:47.967588" elapsed="0.444699"/>
</kw>
<status status="PASS" start="2025-01-27T03:29:45.557442" elapsed="2.854845"/>
</kw>
<status status="PASS" start="2025-01-27T03:29:37.714086" elapsed="10.698201"/>
</kw>
<arg>Open Flight Application</arg>
<arg>AND Sucess login and direct to Book Menu</arg>
<doc>Executes all the given keywords in a sequence.</doc>
<status status="PASS" start="2025-01-27T03:29:19.220611" elapsed="29.191676"/>
</kw>
<kw name="Choose Round Trip" owner="RoundTripBook">
<kw name="Wait Until Element Is Visible" owner="AppiumLibrary">
<msg time="2025-01-27T03:29:52.426901" level="INFO">xpath criteria: //android.support.v7.app.ActionBar.Tab[@content-desc="Round Trip"]
xpath criteria: //android.support.v7.app.ActionBar.Tab[@content-desc="Round Trip"]</msg>
<arg>${ChooseRoundTrip}</arg>
<doc>Waits until element specified with `locator` is visible.</doc>
<status status="PASS" start="2025-01-27T03:29:48.415275" elapsed="4.011626"/>
</kw>
<kw name="Click Element" owner="AppiumLibrary">
<msg time="2025-01-27T03:29:52.433895" level="INFO">Clicking element '//android.support.v7.app.ActionBar.Tab[@content-desc="Round Trip"]'.</msg>
<msg time="2025-01-27T03:29:52.849899" level="INFO">xpath criteria: //android.support.v7.app.ActionBar.Tab[@content-desc="Round Trip"]</msg>
<arg>${ChooseRoundTrip}</arg>
<doc>Click element identified by `locator`.</doc>
<status status="PASS" start="2025-01-27T03:29:52.427904" elapsed="0.421995"/>
</kw>
<status status="PASS" start="2025-01-27T03:29:48.413286" elapsed="4.437607"/>
</kw>
<kw name="Choose Depature New York City" owner="RoundTripBook">
<kw name="Wait Until Element Is Visible" owner="AppiumLibrary">
<msg time="2025-01-27T03:29:53.634629" level="INFO">xpath criteria: //android.widget.Spinner[@resource-id="com.example.myapplication:id/spinnerFrom"]</msg>
<arg>${Spinners_From}</arg>
<doc>Waits until element specified with `locator` is visible.</doc>
<status status="PASS" start="2025-01-27T03:29:52.852905" elapsed="0.781724"/>
</kw>
<kw name="Click Element" owner="AppiumLibrary">
<msg time="2025-01-27T03:29:53.639634" level="INFO">Clicking element '//android.widget.Spinner[@resource-id="com.example.myapplication:id/spinnerFrom"]'.</msg>
<msg time="2025-01-27T03:29:54.031739" level="INFO">xpath criteria: //android.widget.Spinner[@resource-id="com.example.myapplication:id/spinnerFrom"]</msg>
<arg>${Spinners_From}</arg>
<doc>Click element identified by `locator`.</doc>
<status status="PASS" start="2025-01-27T03:29:53.635626" elapsed="0.397050"/>
</kw>
<kw name="Wait Until Element Is Visible" owner="AppiumLibrary">
<msg time="2025-01-27T03:29:55.365339" level="INFO">xpath criteria: //android.widget.TextView[@resource-id="android:id/text1" and @text="New York"]</msg>
<arg>${New_York}</arg>
<doc>Waits until element specified with `locator` is visible.</doc>
<status status="PASS" start="2025-01-27T03:29:54.032676" elapsed="1.332663"/>
</kw>
<kw name="Click Element" owner="AppiumLibrary">
<msg time="2025-01-27T03:29:55.371341" level="INFO">Clicking element '//android.widget.TextView[@resource-id="android:id/text1" and @text="New York"]'.</msg>
<msg time="2025-01-27T03:29:56.601881" level="INFO">xpath criteria: //android.widget.TextView[@resource-id="android:id/text1" and @text="New York"]</msg>
<arg>${New_York}</arg>
<doc>Click element identified by `locator`.</doc>
<status status="PASS" start="2025-01-27T03:29:55.366347" elapsed="1.235534"/>
</kw>
[...]
<doc>Waits until element specified with `locator` is visible.</doc>
<status status="PASS" start="2025-01-27T03:32:03.652553" elapsed="0.626083"/>
</kw>
<kw name="Input Text" owner="AppiumLibrary">
<msg time="2025-01-27T03:32:04.283604" level="INFO">Typing text 'abc123' into text field '//android.widget.EditText[@resource-id="com.example.myapplication:id/password"]'</msg>
<msg time="2025-01-27T03:32:04.543619" level="INFO">xpath criteria: //android.widget.EditText[@resource-id="com.example.myapplication:id/password"]</msg>
<arg>${password_login_input}</arg>
<arg>${password}</arg>
<doc>Types the given `text` into text field identified by `locator`.</doc>
<status status="PASS" start="2025-01-27T03:32:04.278636" elapsed="0.264983"/>
</kw>
<arg>${password}</arg>
<status status="PASS" start="2025-01-27T03:32:03.650562" elapsed="0.893057"/>
</kw>
<kw name="Click Sign In Button on Login Screen" owner="successLogin">
<kw name="Click Element" owner="AppiumLibrary">
<msg time="2025-01-27T03:32:04.552617" level="INFO">Clicking element '//android.widget.Button[@resource-id="com.example.myapplication:id/signIn"]'.</msg>
<msg time="2025-01-27T03:32:05.372435" level="INFO">xpath criteria: //android.widget.Button[@resource-id="com.example.myapplication:id/signIn"]</msg>
<arg>${signin_button}</arg>
<doc>Click element identified by `locator`.</doc>
<status status="PASS" start="2025-01-27T03:32:04.545617" elapsed="0.826818"/>
</kw>
<status status="PASS" start="2025-01-27T03:32:04.544622" elapsed="0.828806"/>
</kw>
<kw name="Click Book Menu on Login Screen" owner="successLogin">
<kw name="Wait Until Element Is Visible" owner="AppiumLibrary">
<msg time="2025-01-27T03:32:07.614627" level="INFO">xpath criteria: //android.widget.Button[@resource-id="com.example.myapplication:id/book"]
xpath criteria: //android.widget.Button[@resource-id="com.example.myapplication:id/book"]</msg>
<arg>${bookmenu_button}</arg>
<doc>Waits until element specified with `locator` is visible.</doc>
<status status="PASS" start="2025-01-27T03:32:05.378424" elapsed="2.236203"/>
</kw>
<kw name="Click Element" owner="AppiumLibrary">
<msg time="2025-01-27T03:32:07.620622" level="INFO">Clicking element '//android.widget.Button[@resource-id="com.example.myapplication:id/book"]'.</msg>
<msg time="2025-01-27T03:32:08.112421" level="INFO">xpath criteria: //android.widget.Button[@resource-id="com.example.myapplication:id/book"]</msg>
<arg>${bookmenu_button}</arg>
<doc>Click element identified by `locator`.</doc>
<status status="PASS" start="2025-01-27T03:32:07.614627" elapsed="0.497794"/>
</kw>
<status status="PASS" start="2025-01-27T03:32:05.375441" elapsed="2.736980"/>
</kw>
<status status="PASS" start="2025-01-27T03:31:56.915521" elapsed="11.196900"/>
</kw>
<arg>Open Flight Application</arg>
<arg>AND Sucess login and direct to Book Menu</arg>
<doc>Executes all the given keywords in a sequence.</doc>
<status status="PASS" start="2025-01-27T03:31:38.551413" elapsed="29.561008"/>
</kw>
<kw name="Choose Round Trip" owner="RoundTripBook">
<kw name="Wait Until Element Is Visible" owner="AppiumLibrary">
<msg time="2025-01-27T03:32:12.289379" level="INFO">xpath criteria: //android.support.v7.app.ActionBar.Tab[@content-desc="Round Trip"]
xpath criteria: //android.support.v7.app.ActionBar.Tab[@content-desc="Round Trip"]</msg>
<arg>${ChooseRoundTrip}</arg>
<doc>Waits until element specified with `locator` is visible.</doc>
<status status="PASS" start="2025-01-27T03:32:08.115434" elapsed="4.173945"/>
</kw>
<kw name="Click Element" owner="AppiumLibrary">
<msg time="2025-01-27T03:32:12.297365" level="INFO">Clicking element '//android.support.v7.app.ActionBar.Tab[@content-desc="Round Trip"]'.</msg>
<msg time="2025-01-27T03:32:13.329296" level="INFO">xpath criteria: //android.support.v7.app.ActionBar.Tab[@content-desc="Round Trip"]</msg>
<arg>${ChooseRoundTrip}</arg>
<doc>Click element identified by `locator`.</doc>
<status status="PASS" start="2025-01-27T03:32:12.289379" elapsed="1.040918"/>
</kw>
<status status="PASS" start="2025-01-27T03:32:08.114422" elapsed="5.215875"/>
</kw>
<kw name="Choose Depature New York City" owner="RoundTripBook">
<kw name="Wait Until Element Is Visible" owner="AppiumLibrary">
<msg time="2025-01-27T03:32:14.377549" level="INFO">xpath criteria: //android.widget.Spinner[@resource-id="com.example.myapplication:id/spinnerFrom"]</msg>
<arg>${Spinners_From}</arg>
<doc>Waits until element specified with `locator` is visible.</doc>
<status status="PASS" start="2025-01-27T03:32:13.333305" elapsed="1.044244"/>
</kw>
<kw name="Click Element" owner="AppiumLibrary">
<msg time="2025-01-27T03:32:14.384631" level="INFO">Clicking element '//android.widget.Spinner[@resource-id="com.example.myapplication:id/spinnerFrom"]'.</msg>
<msg time="2025-01-27T03:32:15.032394" level="INFO">xpath criteria: //android.widget.Spinner[@resource-id="com.example.myapplication:id/spinnerFrom"]</msg>
<arg>${Spinners_From}</arg>
<doc>Click element identified by `locator`.</doc>
<status status="PASS" start="2025-01-27T03:32:14.378546" elapsed="0.654407"/>
</kw>
<kw name="Wait Until Element Is Visible" owner="AppiumLibrary">
<msg time="2025-01-27T03:32:16.333997" level="INFO">xpath criteria: //android.widget.TextView[@resource-id="android:id/text1" and @text="New York"]</msg>
<arg>${New_York}</arg>
<doc>Waits until element specified with `locator` is visible.</doc>
<status status="PASS" start="2025-01-27T03:32:15.032985" elapsed="1.302016"/>
</kw>
<kw name="Click Element" owner="AppiumLibrary">
<msg time="2025-01-27T03:32:16.339991" level="INFO">Clicking element '//android.widget.TextView[@resource-id="android:id/text1" and @text="New York"]'.</msg>
<msg time="2025-01-27T03:32:17.751808" level="INFO">xpath criteria: //android.widget.TextView[@resource-id="android:id/text1" and @text="New York"]</msg>
<arg>${New_York}</arg>
<doc>Click element identified by `locator`.</doc>
<status status="PASS" start="2025-01-27T03:32:16.335001" elapsed="1.416807"/>
</kw>
<status status="PASS" start="2025-01-27T03:32:13.331298" elapsed="4.421509"/>
</kw>
<kw name="Choose Arrived Ottawa" owner="RoundTripBook">
<kw name="Wait Until Element Is Visible" owner="AppiumLibrary">
<msg time="2025-01-27T03:32:18.072665" level="INFO">xpath criteria: //android.widget.Spinner[@resource-id="com.example.myapplication:id/spinnerTo"]</msg>
<arg>${Spinners_To}</arg>
<doc>Waits until element specified with `locator` is visible.</doc>
<status status="PASS" start="2025-01-27T03:32:17.754803" elapsed="0.317862"/>
</kw>
<kw name="Click Element" owner="AppiumLibrary">
<msg time="2025-01-27T03:32:18.083180" level="INFO">Clicking element '//android.widget.Spinner[@resource-id="com.example.myapplication:id/spinnerTo"]'.</msg>
<msg time="2025-01-27T03:32:18.603966" level="INFO">xpath criteria: //android.widget.Spinner[@resource-id="com.example.myapplication:id/spinnerTo"]</msg>
<arg>${Spinners_To}</arg>
<doc>Click element identified by `locator`.</doc>
<status status="PASS" start="2025-01-27T03:32:18.073667" elapsed="0.530299"/>
</kw>
<kw name="Wait Until Element Is Visible" owner="AppiumLibrary">
<msg time="2025-01-27T03:32:19.895942" level="INFO">xpath criteria: //android.widget.TextView[@resource-id="android:id/text1" and @text="Ottawa"]</msg>
<arg>${Ottawa}</arg>
<doc>Waits until element specified with `locator` is visible.</doc>
<status status="PASS" start="2025-01-27T03:32:18.604960" elapsed="1.290982"/>
</kw>
<kw name="Click Element" owner="AppiumLibrary">
<msg time="2025-01-27T03:32:19.902478" level="INFO">Clicking element '//android.widget.TextView[@resource-id="android:id/text1" and @text="Ottawa"]'.</msg>
<msg time="2025-01-27T03:32:21.158501" level="INFO">xpath criteria: //android.widget.TextView[@resource-id="android:id/text1" and @text="Ottawa"]</msg>
<arg>${Ottawa}</arg>
<doc>Click element identified by `locator`.</doc>
<status status="PASS" start="2025-01-27T03:32:19.896941" elapsed="1.261560"/>
</kw>
<status status="PASS" start="2025-01-27T03:32:17.752807" elapsed="3.406694"/>
</kw>
<kw name="Choose Class First" owner="RoundTripBook">
<kw name="Wait Until Element Is Visible" owner="AppiumLibrary">
<msg time="2025-01-27T03:32:21.507642" level="INFO">xpath criteria: //android.widget.Spinner[@resource-id="com.example.myapplication:id/spinnerClass"]</msg>
<arg>${Spinners_Class}</arg>
<doc>Waits until element specified with `locator` is visible.</doc>
<status status="PASS" start="2025-01-27T03:32:21.162506" elapsed="0.345136"/>
</kw>
<kw name="Click Element" owner="AppiumLibrary">
<msg time="2025-01-27T03:32:21.512648" level="INFO">Clicking element '//android.widget.Spinner[@resource-id="com.example.myapplication:id/spinnerClass"]'.</msg>
<msg time="2025-01-27T03:32:22.122666" level="INFO">xpath criteria: //android.widget.Spinner[@resource-id="com.example.myapplication:id/spinnerClass"]</msg>
<arg>${Spinners_Class}</arg>
<doc>Click element identified by `locator`.</doc>
<status status="PASS" start="2025-01-27T03:32:21.507642" elapsed="0.616012"/>
</kw>
<kw name="Wait Until Element Is Visible" owner="AppiumLibrary">
<msg time="2025-01-27T03:32:23.358597" level="INFO">xpath criteria: //android.widget.TextView[@resource-id="android:id/text1" and @text="First"]</msg>
<arg>${First}</arg>
<doc>Waits until element specified with `locator` is visible.</doc>
<status status="PASS" start="2025-01-27T03:32:22.124653" elapsed="1.233944"/>
</kw>
<kw name="Click Element" owner="AppiumLibrary">
<msg time="2025-01-27T03:32:23.363578" level="INFO">Clicking element '//android.widget.TextView[@resource-id="android:id/text1" and @text="First"]'.</msg>
<msg time="2025-01-27T03:32:24.656600" level="INFO">xpath criteria: //android.widget.TextView[@resource-id="android:id/text1" and @text="First"]</msg>
<arg>${First}</arg>
<doc>Click element identified by `locator`.</doc>
<status status="PASS" start="2025-01-27T03:32:23.358597" elapsed="1.298003"/>
</kw>
<status status="PASS" start="2025-01-27T03:32:21.161504" elapsed="3.496104"/>
</kw>
<kw name="Choose Date" owner="RoundTripBook">
<kw name="Wait Until Element Is Visible" owner="AppiumLibrary">
<msg time="2025-01-27T03:32:25.081602" level="INFO">xpath criteria: //android.widget.TextView[@resource-id="com.example.myapplication:id/textStartDate"]</msg>
<arg>${Date1}</arg>
<doc>Waits until element specified with `locator` is visible.</doc>
<status status="PASS" start="2025-01-27T03:32:24.659613" elapsed="0.422987"/>
</kw>
<kw name="Click Element" owner="AppiumLibrary">
<msg time="2025-01-27T03:32:25.087600" level="INFO">Clicking element '//android.widget.TextView[@resource-id="com.example.myapplication:id/textStartDate"]'.</msg>
<msg time="2025-01-27T03:32:25.567596" level="INFO">xpath criteria: //android.widget.TextView[@resource-id="com.example.myapplication:id/textStartDate"]</msg>
<arg>${Date1}</arg>
<doc>Click element identified by `locator`.</doc>
<status status="PASS" start="2025-01-27T03:32:25.082600" elapsed="0.484996"/>
</kw>
<kw name="Wait Until Element Is Visible" owner="AppiumLibrary">
<msg time="2025-01-27T03:32:28.304107" level="INFO">xpath criteria: //android.view.View[@content-desc="01 August 2019"]
xpath criteria: //android.view.View[@content-desc="01 August 2019"]</msg>
<arg>${Choose_date1}</arg>
<doc>Waits until element specified with `locator` is visible.</doc>
<status status="PASS" start="2025-01-27T03:32:25.567596" elapsed="2.736511"/>
</kw>
<kw name="Click Element" owner="AppiumLibrary">
<msg time="2025-01-27T03:32:28.310095" level="INFO">Clicking element '//android.view.View[@content-desc="01 August 2019"]'.</msg>
<msg time="2025-01-27T03:32:29.508506" level="INFO">xpath criteria: //android.view.View[@content-desc="01 August 2019"]</msg>
<arg>${Choose_date1}</arg>
<doc>Click element identified by `locator`.</doc>
<status status="PASS" start="2025-01-27T03:32:28.304107" elapsed="1.204399"/>
</kw>
<kw name="Click Element" owner="AppiumLibrary">
<msg time="2025-01-27T03:32:29.516498" level="INFO">Clicking element '//android.widget.Button[@resource-id="android:id/button1"]'.</msg>
<msg time="2025-01-27T03:32:30.184528" level="INFO">xpath criteria: //android.widget.Button[@resource-id="android:id/button1"]</msg>
<arg>${Button_date1}</arg>
<doc>Click element identified by `locator`.</doc>
<status status="PASS" start="2025-01-27T03:32:29.509504" elapsed="0.676005"/>
</kw>
<kw name="Wait Until Element Is Visible" owner="AppiumLibrary">
<msg time="2025-01-27T03:32:31.156421" level="INFO">xpath criteria: //android.widget.TextView[@resource-id="com.example.myapplication:id/textEndDate"]</msg>
<arg>${date2}</arg>
<doc>Waits until element specified with `locator` is visible.</doc>
<status status="PASS" start="2025-01-27T03:32:30.185509" elapsed="0.970912"/>
</kw>
<kw name="Click Element" owner="AppiumLibrary">
<msg time="2025-01-27T03:32:31.165400" level="INFO">Clicking element '//android.widget.TextView[@resource-id="com.example.myapplication:id/textEndDate"]'.</msg>
<msg time="2025-01-27T03:32:31.603437" level="INFO">xpath criteria: //android.widget.TextView[@resource-id="com.example.myapplication:id/textEndDate"]</msg>
<arg>${date2}</arg>
<doc>Click element identified by `locator`.</doc>
<status status="PASS" start="2025-01-27T03:32:31.156421" elapsed="0.447991"/>
</kw>
<kw name="Wait Until Element Is Visible" owner="AppiumLibrary">
<msg time="2025-01-27T03:32:33.834248" level="INFO">xpath criteria: //android.view.View[@content-desc="03 August 2019"]
xpath criteria: //android.view.View[@content-desc="03 August 2019"]</msg>
<arg>${Choose_date2}</arg>
<doc>Waits until element specified with `locator` is visible.</doc>
<status status="PASS" start="2025-01-27T03:32:31.604412" elapsed="2.230846"/>
</kw>
<kw name="Click Element" owner="AppiumLibrary">
<msg time="2025-01-27T03:32:33.840248" level="INFO">Clicking element '//android.view.View[@content-desc="03 August 2019"]'.</msg>
<msg time="2025-01-27T03:32:35.128372" level="INFO">xpath criteria: //android.view.View[@content-desc="03 August 2019"]</msg>
<arg>${Choose_date2}</arg>
<doc>Click element identified by `locator`.</doc>
<status status="PASS" start="2025-01-27T03:32:33.835258" elapsed="1.293114"/>
</kw>
<kw name="Click Element" owner="AppiumLibrary">
<msg time="2025-01-27T03:32:35.136393" level="INFO">Clicking element '//android.widget.Button[@resource-id="android:id/button1"]'.</msg>
<msg time="2025-01-27T03:32:36.051310" level="INFO">xpath criteria: //android.widget.Button[@resource-id="android:id/button1"]</msg>
<arg>${Button_date2}</arg>
<doc>Click element identified by `locator`.</doc>
<status status="PASS" start="2025-01-27T03:32:35.129366" elapsed="0.921944"/>
</kw>
<status status="PASS" start="2025-01-27T03:32:24.658602" elapsed="11.392708"/>
</kw>
<kw name="Choose Flight" owner="RoundTripBook">
<kw name="Wait Until Element Is Visible" owner="AppiumLibrary">
<msg time="2025-01-27T03:32:37.173489" level="INFO">xpath criteria: //android.widget.RadioButton[@resource-id="com.example.myapplication:id/radioButtonFlight"]</msg>
<arg>${Button_flight}</arg>
<doc>Waits until element specified with `locator` is visible.</doc>
<status status="PASS" start="2025-01-27T03:32:36.053304" elapsed="1.120185"/>
</kw>
<kw name="Click Element" owner="AppiumLibrary">
<msg time="2025-01-27T03:32:37.184474" level="INFO">Clicking element '//android.widget.RadioButton[@resource-id="com.example.myapplication:id/radioButtonFlight"]'.</msg>
<msg time="2025-01-27T03:32:37.666472" level="INFO">xpath criteria: //android.widget.RadioButton[@resource-id="com.example.myapplication:id/radioButtonFlight"]</msg>
<arg>${Button_flight}</arg>
<doc>Click element identified by `locator`.</doc>
<status status="PASS" start="2025-01-27T03:32:37.174480" elapsed="0.491992"/>
</kw>
<status status="PASS" start="2025-01-27T03:32:36.052294" elapsed="1.615178"/>
</kw>
<kw name="Click Book Button on Booking Screen" owner="RoundTripBook">
<kw name="Wait Until Element Is Visible" owner="AppiumLibrary">
<msg time="2025-01-27T03:32:38.801491" level="INFO">xpath criteria: //android.widget.Button[@resource-id="com.example.myapplication:id/book_flight"]</msg>
<arg>${Button_BookFlight}</arg>
<doc>Waits until element specified with `locator` is visible.</doc>
<status status="PASS" start="2025-01-27T03:32:37.668486" elapsed="1.133991"/>
</kw>
<kw name="Click Element" owner="AppiumLibrary">
<msg time="2025-01-27T03:32:38.807467" level="INFO">Clicking element '//android.widget.Button[@resource-id="com.example.myapplication:id/book_flight"]'.</msg>
<msg time="2025-01-27T03:32:39.720475" level="INFO">xpath criteria: //android.widget.Button[@resource-id="com.example.myapplication:id/book_flight"]</msg>
<arg>${Button_BookFlight}</arg>
<doc>Click element identified by `locator`.</doc>
<status status="PASS" start="2025-01-27T03:32:38.802477" elapsed="0.919001"/>
</kw>
<status status="PASS" start="2025-01-27T03:32:37.668486" elapsed="2.052992"/>
</kw>
<kw name="Verify Price of Booking Screen" owner="RoundTripBook">
<kw name="Wait Until Element Is Visible" owner="AppiumLibrary">
<msg time="2025-01-27T03:32:41.378543" level="INFO">xpath criteria: //android.widget.TextView[@resource-id="com.example.myapplication:id/textView6"]</msg>
<arg>${verif_PricePage}</arg>
<doc>Waits until element specified with `locator` is visible.</doc>
<status status="PASS" start="2025-01-27T03:32:39.723481" elapsed="1.656060"/>
</kw>
<status status="PASS" start="2025-01-27T03:32:39.722489" elapsed="1.657052"/>
</kw>
<kw name="Click Confirm Button on Price of Booking Screen" owner="RoundTripBook">
<kw name="Click Element" owner="AppiumLibrary">
<msg time="2025-01-27T03:32:41.388674" level="INFO">Clicking element '//android.widget.Button[@resource-id="com.example.myapplication:id/price1"]'.</msg>
<msg time="2025-01-27T03:32:41.840684" level="INFO">xpath criteria: //android.widget.Button[@resource-id="com.example.myapplication:id/price1"]</msg>
<arg>${Button_price}</arg>
<doc>Click element identified by `locator`.</doc>
<status status="PASS" start="2025-01-27T03:32:41.382680" elapsed="0.458004"/>
</kw>
<kw name="Click Element" owner="AppiumLibrary">
<msg time="2025-01-27T03:32:41.846693" level="INFO">Clicking element '//android.widget.Button[@resource-id="com.example.myapplication:id/confirm_order"]'.</msg>
<msg time="2025-01-27T03:32:43.369527" level="INFO">xpath criteria: //android.widget.Button[@resource-id="com.example.myapplication:id/confirm_order"]</msg>
<arg>${Confirm}</arg>
<doc>Click element identified by `locator`.</doc>
<status status="PASS" start="2025-01-27T03:32:41.841966" elapsed="1.528548"/>
</kw>
<status status="PASS" start="2025-01-27T03:32:41.381698" elapsed="1.988816"/>
</kw>
<kw name="Verify Successfull Booking Appears" owner="RoundTripBook">
<kw name="Wait Until Element Is Visible" owner="AppiumLibrary">
<msg time="2025-01-27T03:32:44.847493" level="INFO">xpath criteria: //android.widget.CheckedTextView[@resource-id="com.example.myapplication:id/checkedTextView"]</msg>
<arg>${Verif_Book}</arg>
<doc>Waits until element specified with `locator` is visible.</doc>
<status status="PASS" start="2025-01-27T03:32:43.375521" elapsed="1.471972"/>
</kw>
<status status="PASS" start="2025-01-27T03:32:43.373515" elapsed="1.475976"/>
</kw>
<kw name="Close Flight Application" owner="base" type="TEARDOWN">
<kw name="Close Application" owner="AppiumLibrary">
<doc>Closes the current application and also close webdriver session.</doc>
<status status="PASS" start="2025-01-27T03:32:44.856481" elapsed="2.535962"/>
</kw>
<status status="PASS" start="2025-01-27T03:32:44.854485" elapsed="2.537958"/>
</kw>
<status status="PASS" start="2025-01-27T03:31:38.550430" elapsed="68.845011"/>
</test>
<status status="PASS" start="2025-01-27T03:25:56.414242" elapsed="410.985209"/>
</suite>
<statistics>
<total>
<stat pass="6" fail="0" skip="0">All Tests</stat>
</total>
<tag>
</tag>
<suite>
<stat name="RoundTripBook" id="s1" pass="6" fail="0" skip="0">RoundTripBook</stat>
</suite>
</statistics>
<errors>
</errors>
</robot>
