<?xml version="1.0" encoding="UTF-8"?>
<robot generator="Robot 7.2 (Python 3.13.1 on win32)" generated="2025-01-27T13:09:41.296172" rpa="false" schemaversion="5">
<suite id="s1" name="Onewaybook" source="D:\Sanbercode\QA Batch 63\Sanber63-MobileAutomation-Kelompok9\suites\onewaybook.robot">
<test id="s1-t1" name="User should Book One Way Flight with Economy Class from Newyork to London" line="20">
<kw name="Run Keywords" owner="BuiltIn" type="SETUP">
<kw name="Open Flight Application" owner="base">
<kw name="Open Application" owner="AppiumLibrary">
<arg>remote_url=http://127.0.0.1:4723/wd/hub</arg>
<arg>platformName=Android</arg>
<arg>platformVersion=14.0</arg>
<arg>deviceName=RRCT401SNQK</arg>
<arg>appPackage=com.example.myapplication</arg>
<arg>appActivity=com.example.myapplication.MainActivity</arg>
<doc>Opens a new application to given Appium server.
Capabilities of appium server, Android and iOS,
Please check https://appium.io/docs/en/2.1/cli/args/
| *Option*            | *Man.* | *Description*     |
| remote_url          | Yes    | Appium server url |
| alias               | no     | alias             |
| strict_ssl          | No     | allows you to send commands to an invalid certificate host like a self-signed one. |</doc>
<status status="PASS" start="2025-01-27T13:09:41.606366" elapsed="10.866206"/>
</kw>
<status status="PASS" start="2025-01-27T13:09:41.606120" elapsed="10.866783"/>
</kw>
<kw name="AND Sucess login and direct to Book Menu" owner="successLogin">
<kw name="Click Sign In Button On Home Screen" owner="homePage">
<kw name="Click Element" owner="AppiumLibrary">
<msg time="2025-01-27T13:09:52.476649" level="INFO">Clicking element '//android.widget.Button[@resource-id="com.example.myapplication:id/login"]'.</msg>
<msg time="2025-01-27T13:09:53.608262" level="INFO">xpath criteria: //android.widget.Button[@resource-id="com.example.myapplication:id/login"]</msg>
<arg>locator=${signin_home_screen}</arg>
<doc>Click element identified by `locator`.</doc>
<status status="PASS" start="2025-01-27T13:09:52.474304" elapsed="1.134075"/>
</kw>
<status status="PASS" start="2025-01-27T13:09:52.474003" elapsed="1.134513"/>
</kw>
<kw name="Input Username" owner="successLogin">
<kw name="Wait Until Element Is Visible" owner="AppiumLibrary">
<msg time="2025-01-27T13:09:55.632070" level="INFO">xpath criteria: //android.widget.EditText[@resource-id="com.example.myapplication:id/username"]</msg>
<arg>${username_login_input}</arg>
<doc>Waits until element specified with `locator` is visible.</doc>
<status status="PASS" start="2025-01-27T13:09:53.609182" elapsed="2.022987"/>
</kw>
<kw name="Input Text" owner="AppiumLibrary">
<msg time="2025-01-27T13:09:55.634703" level="INFO">Typing text 'support@ngendigital.com' into text field '//android.widget.EditText[@resource-id="com.example.myapplication:id/username"]'</msg>
<msg time="2025-01-27T13:09:55.891849" level="INFO">xpath criteria: //android.widget.EditText[@resource-id="com.example.myapplication:id/username"]</msg>
<arg>${username_login_input}</arg>
<arg>${username}</arg>
<doc>Types the given `text` into text field identified by `locator`.</doc>
<status status="PASS" start="2025-01-27T13:09:55.632353" elapsed="0.259591"/>
</kw>
<arg>${email}</arg>
<status status="PASS" start="2025-01-27T13:09:53.608732" elapsed="2.283312"/>
</kw>
<kw name="Input Password" owner="successLogin">
<kw name="Wait Until Element Is Visible" owner="AppiumLibrary">
<msg time="2025-01-27T13:09:56.591813" level="INFO">xpath criteria: //android.widget.EditText[@resource-id="com.example.myapplication:id/password"]</msg>
<arg>${password_login_input}</arg>
<doc>Waits until element specified with `locator` is visible.</doc>
<status status="PASS" start="2025-01-27T13:09:55.892655" elapsed="0.699262"/>
</kw>
<kw name="Input Text" owner="AppiumLibrary">
<msg time="2025-01-27T13:09:56.594472" level="INFO">Typing text 'abc123' into text field '//android.widget.EditText[@resource-id="com.example.myapplication:id/password"]'</msg>
<msg time="2025-01-27T13:09:56.814391" level="INFO">xpath criteria: //android.widget.EditText[@resource-id="com.example.myapplication:id/password"]</msg>
<arg>${password_login_input}</arg>
<arg>${password}</arg>
<doc>Types the given `text` into text field identified by `locator`.</doc>
<status status="PASS" start="2025-01-27T13:09:56.592102" elapsed="0.222386"/>
</kw>
<arg>${password}</arg>
<status status="PASS" start="2025-01-27T13:09:55.892245" elapsed="0.922352"/>
</kw>
<kw name="Click Sign In Button on Login Screen" owner="successLogin">
<kw name="Click Element" owner="AppiumLibrary">
<msg time="2025-01-27T13:09:56.817316" level="INFO">Clicking element '//android.widget.Button[@resource-id="com.example.myapplication:id/signIn"]'.</msg>
<msg time="2025-01-27T13:09:57.695407" level="INFO">xpath criteria: //android.widget.Button[@resource-id="com.example.myapplication:id/signIn"]</msg>
<arg>${signin_button}</arg>
<doc>Click element identified by `locator`.</doc>
<status status="PASS" start="2025-01-27T13:09:56.815093" elapsed="0.880407"/>
</kw>
<status status="PASS" start="2025-01-27T13:09:56.814800" elapsed="0.880802"/>
</kw>
<kw name="Click Book Menu on Login Screen" owner="successLogin">
<kw name="Wait Until Element Is Visible" owner="AppiumLibrary">
<msg time="2025-01-27T13:09:59.075170" level="INFO">xpath criteria: //android.widget.Button[@resource-id="com.example.myapplication:id/book"]</msg>
<arg>${bookmenu_button}</arg>
<doc>Waits until element specified with `locator` is visible.</doc>
<status status="PASS" start="2025-01-27T13:09:57.696379" elapsed="1.378884"/>
</kw>
<kw name="Click Element" owner="AppiumLibrary">
<msg time="2025-01-27T13:09:59.077695" level="INFO">Clicking element '//android.widget.Button[@resource-id="com.example.myapplication:id/book"]'.</msg>
<msg time="2025-01-27T13:09:59.256199" level="INFO">xpath criteria: //android.widget.Button[@resource-id="com.example.myapplication:id/book"]</msg>
<arg>${bookmenu_button}</arg>
<doc>Click element identified by `locator`.</doc>
<status status="PASS" start="2025-01-27T13:09:59.075439" elapsed="0.180861"/>
</kw>
<status status="PASS" start="2025-01-27T13:09:57.695887" elapsed="1.560519"/>
</kw>
<status status="PASS" start="2025-01-27T13:09:52.473358" elapsed="6.783104"/>
</kw>
<arg>Open Flight Application</arg>
<arg>AND Sucess login and direct to Book Menu</arg>
<doc>Executes all the given keywords in a sequence.</doc>
<status status="PASS" start="2025-01-27T13:09:41.605782" elapsed="17.650736"/>
</kw>
<kw name="Choose One Way Flight" owner="onewaybook">
<kw name="Wait Until Element Is Visible" owner="AppiumLibrary">
<msg time="2025-01-27T13:10:00.991833" level="INFO">xpath criteria: //android.support.v7.app.ActionBar.Tab[@content-desc="One Way"]
xpath criteria: //android.support.v7.app.ActionBar.Tab[@content-desc="One Way"]</msg>
<arg>${one_way_menu}</arg>
<doc>Waits until element specified with `locator` is visible.</doc>
<status status="PASS" start="2025-01-27T13:09:59.257451" elapsed="1.734481"/>
</kw>
<kw name="Click Element" owner="AppiumLibrary">
<msg time="2025-01-27T13:10:00.994437" level="INFO">Clicking element '//android.support.v7.app.ActionBar.Tab[@content-desc="One Way"]'.</msg>
<msg time="2025-01-27T13:10:01.395390" level="INFO">xpath criteria: //android.support.v7.app.ActionBar.Tab[@content-desc="One Way"]</msg>
<arg>${one_way_menu}</arg>
<doc>Click element identified by `locator`.</doc>
<status status="PASS" start="2025-01-27T13:10:00.992168" elapsed="0.403318"/>
</kw>
<status status="PASS" start="2025-01-27T13:09:59.257110" elapsed="2.138473"/>
</kw>
<kw name="Choose Departure Newyork City" owner="onewaybook">
<kw name="Wait Until Element Is Visible" owner="AppiumLibrary">
<msg time="2025-01-27T13:10:02.175140" level="INFO">xpath criteria: //android.widget.Spinner[@resource-id="com.example.myapplication:id/spinnerFrom"]</msg>
<arg>${spinners_from_city}</arg>
<doc>Waits until element specified with `locator` is visible.</doc>
<status status="PASS" start="2025-01-27T13:10:01.396510" elapsed="0.778743"/>
</kw>
<kw name="Click Element" owner="AppiumLibrary">
<msg time="2025-01-27T13:10:02.178203" level="INFO">Clicking element '//android.widget.Spinner[@resource-id="com.example.myapplication:id/spinnerFrom"]'.</msg>
<msg time="2025-01-27T13:10:02.536949" level="INFO">xpath criteria: //android.widget.Spinner[@resource-id="com.example.myapplication:id/spinnerFrom"]</msg>
<arg>${spinners_from_city}</arg>
<doc>Click element identified by `locator`.</doc>
<status status="PASS" start="2025-01-27T13:10:02.175657" elapsed="0.361421"/>
</kw>
<kw name="Wait Until Element Is Visible" owner="AppiumLibrary">
<msg time="2025-01-27T13:10:03.508938" level="INFO">xpath criteria: //android.widget.TextView[@resource-id="android:id/text1" and @text="New York"]</msg>
<arg>${from_city_ny}</arg>
<doc>Waits until element specified with `locator` is visible.</doc>
<status status="PASS" start="2025-01-27T13:10:02.537334" elapsed="0.971758"/>
</kw>
<kw name="Click Element" owner="AppiumLibrary">
<msg time="2025-01-27T13:10:03.512221" level="INFO">Clicking element '//android.widget.TextView[@resource-id="android:id/text1" and @text="New York"]'.</msg>
<msg time="2025-01-27T13:10:04.599418" level="INFO">xpath criteria: //android.widget.TextView[@resource-id="android:id/text1" and @text="New York"]</msg>
<arg>${from_city_ny}</arg>
<doc>Click element identified by `locator`.</doc>
<status status="PASS" start="2025-01-27T13:10:03.509371" elapsed="1.090174"/>
</kw>
<status status="PASS" start="2025-01-27T13:10:01.396092" elapsed="3.203592"/>
</kw>
<kw name="Choose Arrived London City" owner="onewaybook">
<kw name="Wait Until Element Is Visible" owner="AppiumLibrary">
<msg time="2025-01-27T13:10:04.885813" level="INFO">xpath criteria: //android.widget.Spinner[@resource-id="com.example.myapplication:id/spinnerTo"]</msg>
<arg>${spinners_to_city}</arg>
<doc>Waits until element specified with `locator` is visible.</doc>
<status status="PASS" start="2025-01-27T13:10:04.600464" elapsed="0.285449"/>
</kw>
<kw name="Click Element" owner="AppiumLibrary">
<msg time="2025-01-27T13:10:04.888601" level="INFO">Clicking element '//android.widget.Spinner[@resource-id="com.example.myapplication:id/spinnerTo"]'.</msg>
<msg time="2025-01-27T13:10:05.233558" level="INFO">xpath criteria: //android.widget.Spinner[@resource-id="com.example.myapplication:id/spinnerTo"]</msg>
<arg>${spinners_to_city}</arg>
<doc>Click element identified by `locator`.</doc>
<status status="PASS" start="2025-01-27T13:10:04.886089" elapsed="0.347651"/>
</kw>
<kw name="Wait Until Element Is Visible" owner="AppiumLibrary">
<msg time="2025-01-27T13:10:06.212591" level="INFO">xpath criteria: //android.widget.TextView[@resource-id="android:id/text1" and @text="London"]
xpath criteria: //android.widget.TextView[@resource-id="android:id/text1" and @text="London"]</msg>
<arg>${to_city_ld}</arg>
<doc>Waits until element specified with `locator` is visible.</doc>
<status status="PASS" start="2025-01-27T13:10:05.233980" elapsed="0.978715"/>
</kw>
<kw name="Click Element" owner="AppiumLibrary">
<msg time="2025-01-27T13:10:06.215167" level="INFO">Clicking element '//android.widget.TextView[@resource-id="android:id/text1" and @text="London"]'.</msg>
<msg time="2025-01-27T13:10:07.075088" level="INFO">xpath criteria: //android.widget.TextView[@resource-id="android:id/text1" and @text="London"]</msg>
<arg>${to_city_ld}</arg>
<doc>Click element identified by `locator`.</doc>
<status status="PASS" start="2025-01-27T13:10:06.212881" elapsed="0.862300"/>
</kw>
<status status="PASS" start="2025-01-27T13:10:04.600130" elapsed="2.475150"/>
</kw>
<kw name="Choose Economy Class" owner="onewaybook">
<kw name="Wait Until Element Is Visible" owner="AppiumLibrary">
<msg time="2025-01-27T13:10:07.382154" level="INFO">xpath criteria: //android.widget.Spinner[@resource-id="com.example.myapplication:id/spinnerClass"]</msg>
<arg>${spinners_class}</arg>
<doc>Waits until element specified with `locator` is visible.</doc>
<status status="PASS" start="2025-01-27T13:10:07.076192" elapsed="0.306147"/>
</kw>
<kw name="Click Element" owner="AppiumLibrary">
<msg time="2025-01-27T13:10:07.385576" level="INFO">Clicking element '//android.widget.Spinner[@resource-id="com.example.myapplication:id/spinnerClass"]'.</msg>
<msg time="2025-01-27T13:10:07.760243" level="INFO">xpath criteria: //android.widget.Spinner[@resource-id="com.example.myapplication:id/spinnerClass"]</msg>
<arg>${spinners_class}</arg>
<doc>Click element identified by `locator`.</doc>
<status status="PASS" start="2025-01-27T13:10:07.382817" elapsed="0.377530"/>
</kw>
<kw name="Wait Until Element Is Visible" owner="AppiumLibrary">
<msg time="2025-01-27T13:10:08.882370" level="INFO">xpath criteria: //android.widget.TextView[@resource-id="android:id/text1" and @text="Economy"]
xpath criteria: //android.widget.TextView[@resource-id="android:id/text1" and @text="Economy"]</msg>
<arg>${economy_class}</arg>
<doc>Waits until element specified with `locator` is visible.</doc>
<status status="PASS" start="2025-01-27T13:10:07.760545" elapsed="1.121938"/>
</kw>
<kw name="Click Element" owner="AppiumLibrary">
<msg time="2025-01-27T13:10:08.885083" level="INFO">Clicking element '//android.widget.TextView[@resource-id="android:id/text1" and @text="Economy"]'.</msg>
<msg time="2025-01-27T13:10:09.708039" level="INFO">xpath criteria: //android.widget.TextView[@resource-id="android:id/text1" and @text="Economy"]</msg>
<arg>${economy_class}</arg>
<doc>Click element identified by `locator`.</doc>
<status status="PASS" start="2025-01-27T13:10:08.882673" elapsed="0.825479"/>
</kw>
<status status="PASS" start="2025-01-27T13:10:07.075871" elapsed="2.632395"/>
</kw>
<kw name="Choose Departure Date" owner="onewaybook">
<kw name="Click Element" owner="AppiumLibrary">
<msg time="2025-01-27T13:10:09.711870" level="INFO">Clicking element '//android.widget.TextView[@resource-id="com.example.myapplication:id/textStartDate"]'.</msg>
<msg time="2025-01-27T13:10:10.036961" level="INFO">xpath criteria: //android.widget.TextView[@resource-id="com.example.myapplication:id/textStartDate"]</msg>
<arg>${start_date}</arg>
<doc>Click element identified by `locator`.</doc>
<status status="PASS" start="2025-01-27T13:10:09.709516" elapsed="0.327541"/>
</kw>
<kw name="Wait Until Element Is Visible" owner="AppiumLibrary">
<msg time="2025-01-27T13:10:11.632831" level="INFO">xpath criteria: //android.widget.TextView[@resource-id="android:id/date_picker_header_year"]
xpath criteria: //android.widget.TextView[@resource-id="android:id/date_picker_header_year"]</msg>
<arg>${date_year}</arg>
<doc>Waits until element specified with `locator` is visible.</doc>
<status status="PASS" start="2025-01-27T13:10:10.037239" elapsed="1.595689"/>
</kw>
<kw name="Click Element" owner="AppiumLibrary">
<msg time="2025-01-27T13:10:11.635353" level="INFO">Clicking element '//android.widget.TextView[@resource-id="android:id/date_picker_header_year"]'.</msg>
<msg time="2025-01-27T13:10:12.756805" level="INFO">xpath criteria: //android.widget.TextView[@resource-id="android:id/date_picker_header_year"]</msg>
<arg>${date_year}</arg>
<doc>Click element identified by `locator`.</doc>
<status status="PASS" start="2025-01-27T13:10:11.633103" elapsed="1.123794"/>
</kw>
<kw name="Wait Until Element Is Visible" owner="AppiumLibrary">
<msg time="2025-01-27T13:10:13.045287" level="INFO">xpath criteria: //android.widget.TextView[@resource-id="android:id/text1" and @text="2023"]</msg>
<arg>${choose_year}</arg>
<doc>Waits until element specified with `locator` is visible.</doc>
<status status="PASS" start="2025-01-27T13:10:12.757070" elapsed="0.288310"/>
</kw>
<kw name="Click Element" owner="AppiumLibrary">
<msg time="2025-01-27T13:10:13.048266" level="INFO">Clicking element '//android.widget.TextView[@resource-id="android:id/text1" and @text="2023"]'.</msg>
<msg time="2025-01-27T13:10:14.084549" level="INFO">xpath criteria: //android.widget.TextView[@resource-id="android:id/text1" and @text="2023"]</msg>
<arg>${choose_year}</arg>
<doc>Click element identified by `locator`.</doc>
<status status="PASS" start="2025-01-27T13:10:13.045554" elapsed="1.039099"/>
</kw>
<kw name="Wait Until Element Is Visible" owner="AppiumLibrary">
<msg time="2025-01-27T13:10:14.431642" level="INFO">xpath criteria: //android.view.View[@content-desc="20 Agustus 2023"]</msg>
<arg>${choose_start_date}</arg>
<doc>Waits until element specified with `locator` is visible.</doc>
<status status="PASS" start="2025-01-27T13:10:14.085013" elapsed="0.346758"/>
</kw>
<kw name="Click Element" owner="AppiumLibrary">
<msg time="2025-01-27T13:10:14.434741" level="INFO">Clicking element '//android.view.View[@content-desc="20 Agustus 2023"]'.</msg>
<msg time="2025-01-27T13:10:15.565116" level="INFO">xpath criteria: //android.view.View[@content-desc="20 Agustus 2023"]</msg>
<arg>${choose_start_date}</arg>
<doc>Click element identified by `locator`.</doc>
<status status="PASS" start="2025-01-27T13:10:14.432032" elapsed="1.133181"/>
</kw>
<kw name="Click Element" owner="AppiumLibrary">
<msg time="2025-01-27T13:10:15.567673" level="INFO">Clicking element '//android.widget.Button[@resource-id="android:id/button1"]'.</msg>
<msg time="2025-01-27T13:10:16.173760" level="INFO">xpath criteria: //android.widget.Button[@resource-id="android:id/button1"]</msg>
<arg>${oke_button}</arg>
<doc>Click element identified by `locator`.</doc>
<status status="PASS" start="2025-01-27T13:10:15.565395" elapsed="0.608489"/>
</kw>
<status status="PASS" start="2025-01-27T13:10:09.708996" elapsed="6.465024"/>
</kw>
<kw name="Choose Arrived Date" owner="onewaybook">
<kw name="Click Element" owner="AppiumLibrary">
<msg time="2025-01-27T13:10:16.177071" level="INFO">Clicking element '//android.widget.TextView[@resource-id="com.example.myapplication:id/textEndDate"]'.</msg>
<msg time="2025-01-27T13:10:16.861827" level="INFO">xpath criteria: //android.widget.TextView[@resource-id="com.example.myapplication:id/textEndDate"]</msg>
<arg>${end_date}</arg>
<doc>Click element identified by `locator`.</doc>
<status status="PASS" start="2025-01-27T13:10:16.174864" elapsed="0.687056"/>
</kw>
<kw name="Wait Until Element Is Visible" owner="AppiumLibrary">
<msg time="2025-01-27T13:10:17.879992" level="INFO">xpath criteria: //android.view.View[@content-desc="21 Agustus 2023"]</msg>
<arg>${choose_end_date}</arg>
<doc>Waits until element specified with `locator` is visible.</doc>
<status status="PASS" start="2025-01-27T13:10:16.862102" elapsed="1.017994"/>
</kw>
<kw name="Click Element" owner="AppiumLibrary">
<msg time="2025-01-27T13:10:17.883325" level="INFO">Clicking element '//android.view.View[@content-desc="21 Agustus 2023"]'.</msg>
<msg time="2025-01-27T13:10:19.993868" level="INFO">xpath criteria: //android.view.View[@content-desc="21 Agustus 2023"]</msg>
<arg>${choose_end_date}</arg>
<doc>Click element identified by `locator`.</doc>
<status status="PASS" start="2025-01-27T13:10:17.880319" elapsed="2.113696"/>
</kw>
<kw name="Click Element" owner="AppiumLibrary">
<msg time="2025-01-27T13:10:19.998250" level="INFO">Clicking element '//android.widget.Button[@resource-id="android:id/button1"]'.</msg>
<msg time="2025-01-27T13:10:20.879188" level="INFO">xpath criteria: //android.widget.Button[@resource-id="android:id/button1"]</msg>
<arg>${oke_button}</arg>
<doc>Click element identified by `locator`.</doc>
<status status="PASS" start="2025-01-27T13:10:19.994287" elapsed="0.885001"/>
</kw>
<status status="PASS" start="2025-01-27T13:10:16.174542" elapsed="4.704851"/>
</kw>
<kw name="Choose a Flight Travel Package" owner="onewaybook">
<kw name="Click Element" owner="AppiumLibrary">
<msg time="2025-01-27T13:10:20.882412" level="INFO">Clicking element '//android.widget.RadioButton[@resource-id="com.example.myapplication:id/radioButtonFlight"]'.</msg>
<msg time="2025-01-27T13:10:21.096644" level="INFO">xpath criteria: //android.widget.RadioButton[@resource-id="com.example.myapplication:id/radioButtonFlight"]</msg>
<arg>${flight_radio_button}</arg>
<doc>Click element identified by `locator`.</doc>
<status status="PASS" start="2025-01-27T13:10:20.880120" elapsed="0.216644"/>
</kw>
<status status="PASS" start="2025-01-27T13:10:20.879788" elapsed="0.217082"/>
</kw>
<kw name="Click Book Button on Booking Screen" owner="onewaybook">
<kw name="Click Element" owner="AppiumLibrary">
<msg time="2025-01-27T13:10:21.099865" level="INFO">Clicking element '//android.widget.Button[@resource-id="com.example.myapplication:id/book_flight"]'.</msg>
<msg time="2025-01-27T13:10:21.768154" level="INFO">xpath criteria: //android.widget.Button[@resource-id="com.example.myapplication:id/book_flight"]</msg>
<arg>${book_button}</arg>
<doc>Click element identified by `locator`.</doc>
<status status="PASS" start="2025-01-27T13:10:21.097641" elapsed="0.670616"/>
</kw>
<status status="PASS" start="2025-01-27T13:10:21.097323" elapsed="0.671035"/>
</kw>
<kw name="Verify Price of Booking Screen" owner="onewaybook">
<kw name="Wait Until Element Is Visible" owner="AppiumLibrary">
<msg time="2025-01-27T13:10:23.723922" level="INFO">xpath criteria: //android.widget.TextView[@resource-id="com.example.myapplication:id/textView6"]
xpath criteria: //android.widget.TextView[@resource-id="com.example.myapplication:id/textView6"]</msg>
<arg>${price_book_view}</arg>
<doc>Waits until element specified with `locator` is visible.</doc>
<status status="PASS" start="2025-01-27T13:10:21.769369" elapsed="1.954674"/>
</kw>
<status status="PASS" start="2025-01-27T13:10:21.769043" elapsed="1.955139"/>
</kw>
<kw name="Click Confirm Button on Price of Booking Screen" owner="onewaybook">
<kw name="Click Element" owner="AppiumLibrary">
<msg time="2025-01-27T13:10:23.727754" level="INFO">Clicking element '//android.widget.Button[@resource-id="com.example.myapplication:id/price8"]'.</msg>
<msg time="2025-01-27T13:10:25.222525" level="INFO">xpath criteria: //android.widget.Button[@resource-id="com.example.myapplication:id/price8"]</msg>
<arg>${choose_price}</arg>
<doc>Click element identified by `locator`.</doc>
<status status="PASS" start="2025-01-27T13:10:23.725522" elapsed="1.497165"/>
</kw>
<kw name="Click Element" owner="AppiumLibrary">
<msg time="2025-01-27T13:10:25.227215" level="INFO">Clicking element '//android.widget.Button[@resource-id="com.example.myapplication:id/confirm_order"]'.</msg>
<msg time="2025-01-27T13:10:26.185773" level="INFO">xpath criteria: //android.widget.Button[@resource-id="com.example.myapplication:id/confirm_order"]</msg>
<arg>${confirm_button}</arg>
<doc>Click element identified by `locator`.</doc>
<status status="PASS" start="2025-01-27T13:10:25.223097" elapsed="0.962771"/>
</kw>
<status status="PASS" start="2025-01-27T13:10:23.724874" elapsed="2.461100"/>
</kw>
<kw name="Verify Successfull Booking Appears" owner="onewaybook">
<kw name="Wait Until Element Is Visible" owner="AppiumLibrary">
<msg time="2025-01-27T13:10:27.627168" level="INFO">xpath criteria: //android.widget.CheckedTextView[@resource-id="com.example.myapplication:id/checkedTextView"]
xpath criteria: //android.widget.CheckedTextView[@resource-id="com.example.myapplication:id/checkedTextView"]</msg>
<arg>${flight_booked}</arg>
<doc>Waits until element specified with `locator` is visible.</doc>
<status status="PASS" start="2025-01-27T13:10:26.186684" elapsed="1.440602"/>
</kw>
<status status="PASS" start="2025-01-27T13:10:26.186383" elapsed="1.441007"/>
</kw>
<kw name="Close Flight Application" owner="base" type="TEARDOWN">
<kw name="Close Application" owner="AppiumLibrary">
<doc>Closes the current application and also close webdriver session.</doc>
<status status="PASS" start="2025-01-27T13:10:27.628513" elapsed="0.917542"/>
</kw>
<status status="PASS" start="2025-01-27T13:10:27.628099" elapsed="0.918079"/>
</kw>
<status status="PASS" start="2025-01-27T13:09:41.604590" elapsed="46.941915"/>
</test>
<test id="s1-t2" name="User should Book One Way Flight with Economy Class from Newyork to Paris" line="33">
<kw name="Run Keywords" owner="BuiltIn" type="SETUP">
<kw name="Open Flight Application" owner="base">
<kw name="Open Application" owner="AppiumLibrary">
<arg>remote_url=http://127.0.0.1:4723/wd/hub</arg>
<arg>platformName=Android</arg>
<arg>platformVersion=14.0</arg>
<arg>deviceName=RRCT401SNQK</arg>
<arg>appPackage=com.example.myapplication</arg>
<arg>appActivity=com.example.myapplication.MainActivity</arg>
<doc>Opens a new application to given Appium server.
Capabilities of appium server, Android and iOS,
Please check https://appium.io/docs/en/2.1/cli/args/
| *Option*            | *Man.* | *Description*     |
| remote_url          | Yes    | Appium server url |
| alias               | no     | alias             |
| strict_ssl          | No     | allows you to send commands to an invalid certificate host like a self-signed one. |</doc>
<status status="PASS" start="2025-01-27T13:10:28.548926" elapsed="8.397201"/>
</kw>
<status status="PASS" start="2025-01-27T13:10:28.548579" elapsed="8.397728"/>
</kw>
<kw name="AND Sucess login and direct to Book Menu" owner="successLogin">
<kw name="Click Sign In Button On Home Screen" owner="homePage">
<kw name="Click Element" owner="AppiumLibrary">
<msg time="2025-01-27T13:10:36.950270" level="INFO">Clicking element '//android.widget.Button[@resource-id="com.example.myapplication:id/login"]'.</msg>
<msg time="2025-01-27T13:10:37.974147" level="INFO">xpath criteria: //android.widget.Button[@resource-id="com.example.myapplication:id/login"]</msg>
<arg>locator=${signin_home_screen}</arg>
<doc>Click element identified by `locator`.</doc>
<status status="PASS" start="2025-01-27T13:10:36.947895" elapsed="1.026348"/>
</kw>
<status status="PASS" start="2025-01-27T13:10:36.947505" elapsed="1.026842"/>
</kw>
<kw name="Input Username" owner="successLogin">
<kw name="Wait Until Element Is Visible" owner="AppiumLibrary">
<msg time="2025-01-27T13:10:39.457529" level="INFO">xpath criteria: //android.widget.EditText[@resource-id="com.example.myapplication:id/username"]
xpath criteria: //android.widget.EditText[@resource-id="com.example.myapplication:id/username"]</msg>
<arg>${username_login_input}</arg>
<doc>Waits until element specified with `locator` is visible.</doc>
<status status="PASS" start="2025-01-27T13:10:37.974908" elapsed="1.482756"/>
</kw>
<kw name="Input Text" owner="AppiumLibrary">
<msg time="2025-01-27T13:10:39.460262" level="INFO">Typing text 'support@ngendigital.com' into text field '//android.widget.EditText[@resource-id="com.example.myapplication:id/username"]'</msg>
<msg time="2025-01-27T13:10:39.620323" level="INFO">xpath criteria: //android.widget.EditText[@resource-id="com.example.myapplication:id/username"]</msg>
<arg>${username_login_input}</arg>
<arg>${username}</arg>
<doc>Types the given `text` into text field identified by `locator`.</doc>
<status status="PASS" start="2025-01-27T13:10:39.457912" elapsed="0.162513"/>
</kw>
<arg>${email}</arg>
<status status="PASS" start="2025-01-27T13:10:37.974549" elapsed="1.646011"/>
</kw>
<kw name="Input Password" owner="successLogin">
<kw name="Wait Until Element Is Visible" owner="AppiumLibrary">
<msg time="2025-01-27T13:10:40.246438" level="INFO">xpath criteria: //android.widget.EditText[@resource-id="com.example.myapplication:id/password"]</msg>
<arg>${password_login_input}</arg>
<doc>Waits until element specified with `locator` is visible.</doc>
<status status="PASS" start="2025-01-27T13:10:39.621198" elapsed="0.625335"/>
</kw>
<kw name="Input Text" owner="AppiumLibrary">
<msg time="2025-01-27T13:10:40.249045" level="INFO">Typing text 'abc123' into text field '//android.widget.EditText[@resource-id="com.example.myapplication:id/password"]'</msg>
<msg time="2025-01-27T13:10:40.391609" level="INFO">xpath criteria: //android.widget.EditText[@resource-id="com.example.myapplication:id/password"]</msg>
<arg>${password_login_input}</arg>
<arg>${password}</arg>
<doc>Types the given `text` into text field identified by `locator`.</doc>
<status status="PASS" start="2025-01-27T13:10:40.246707" elapsed="0.145001"/>
</kw>
<arg>${password}</arg>
<status status="PASS" start="2025-01-27T13:10:39.620787" elapsed="0.771025"/>
</kw>
<kw name="Click Sign In Button on Login Screen" owner="successLogin">
<kw name="Click Element" owner="AppiumLibrary">
<msg time="2025-01-27T13:10:40.394883" level="INFO">Clicking element '//android.widget.Button[@resource-id="com.example.myapplication:id/signIn"]'.</msg>
<msg time="2025-01-27T13:10:41.046885" level="INFO">xpath criteria: //android.widget.Button[@resource-id="com.example.myapplication:id/signIn"]</msg>
<arg>${signin_button}</arg>
<doc>Click element identified by `locator`.</doc>
<status status="PASS" start="2025-01-27T13:10:40.392349" elapsed="0.654638"/>
</kw>
<status status="PASS" start="2025-01-27T13:10:40.392053" elapsed="0.655034"/>
</kw>
<kw name="Click Book Menu on Login Screen" owner="successLogin">
<kw name="Wait Until Element Is Visible" owner="AppiumLibrary">
<msg time="2025-01-27T13:10:43.236482" level="INFO">xpath criteria: //android.widget.Button[@resource-id="com.example.myapplication:id/book"]
xpath criteria: //android.widget.Button[@resource-id="com.example.myapplication:id/book"]</msg>
<arg>${bookmenu_button}</arg>
<doc>Waits until element specified with `locator` is visible.</doc>
<status status="PASS" start="2025-01-27T13:10:41.047578" elapsed="2.189067"/>
</kw>
<kw name="Click Element" owner="AppiumLibrary">
<msg time="2025-01-27T13:10:43.239440" level="INFO">Clicking element '//android.widget.Button[@resource-id="com.example.myapplication:id/book"]'.</msg>
<msg time="2025-01-27T13:10:43.462085" level="INFO">xpath criteria: //android.widget.Button[@resource-id="com.example.myapplication:id/book"]</msg>
<arg>${bookmenu_button}</arg>
<doc>Click element identified by `locator`.</doc>
<status status="PASS" start="2025-01-27T13:10:43.236941" elapsed="0.225254"/>
</kw>
<status status="PASS" start="2025-01-27T13:10:41.047285" elapsed="2.415017"/>
</kw>
<status status="PASS" start="2025-01-27T13:10:36.946697" elapsed="6.515661"/>
</kw>
<arg>Open Flight Application</arg>
<arg>AND Sucess login and direct to Book Menu</arg>
<doc>Executes all the given keywords in a sequence.</doc>
<status status="PASS" start="2025-01-27T13:10:28.548300" elapsed="14.914110"/>
</kw>
<kw name="Choose One Way Flight" owner="onewaybook">
<kw name="Wait Until Element Is Visible" owner="AppiumLibrary">
<msg time="2025-01-27T13:10:45.252846" level="INFO">xpath criteria: //android.support.v7.app.ActionBar.Tab[@content-desc="One Way"]
xpath criteria: //android.support.v7.app.ActionBar.Tab[@content-desc="One Way"]</msg>
<arg>${one_way_menu}</arg>
<doc>Waits until element specified with `locator` is visible.</doc>
<status status="PASS" start="2025-01-27T13:10:43.463287" elapsed="1.789723"/>
</kw>
<kw name="Click Element" owner="AppiumLibrary">
<msg time="2025-01-27T13:10:45.255654" level="INFO">Clicking element '//android.support.v7.app.ActionBar.Tab[@content-desc="One Way"]'.</msg>
<msg time="2025-01-27T13:10:46.904443" level="INFO">xpath criteria: //android.support.v7.app.ActionBar.Tab[@content-desc="One Way"]</msg>
<arg>${one_way_menu}</arg>
<doc>Click element identified by `locator`.</doc>
<status status="PASS" start="2025-01-27T13:10:45.253304" elapsed="1.651281"/>
</kw>
<status status="PASS" start="2025-01-27T13:10:43.462931" elapsed="3.441792"/>
</kw>
<kw name="Choose Departure Newyork City" owner="onewaybook">
<kw name="Wait Until Element Is Visible" owner="AppiumLibrary">
<msg time="2025-01-27T13:10:47.196577" level="INFO">xpath criteria: //android.widget.Spinner[@resource-id="com.example.myapplication:id/spinnerFrom"]</msg>
<arg>${spinners_from_city}</arg>
<doc>Waits until element specified with `locator` is visible.</doc>
<status status="PASS" start="2025-01-27T13:10:46.906707" elapsed="0.289972"/>
</kw>
<kw name="Click Element" owner="AppiumLibrary">
<msg time="2025-01-27T13:10:47.199200" level="INFO">Clicking element '//android.widget.Spinner[@resource-id="com.example.myapplication:id/spinnerFrom"]'.</msg>
<msg time="2025-01-27T13:10:48.077563" level="INFO">xpath criteria: //android.widget.Spinner[@resource-id="com.example.myapplication:id/spinnerFrom"]</msg>
<arg>${spinners_from_city}</arg>
<doc>Click element identified by `locator`.</doc>
<status status="PASS" start="2025-01-27T13:10:47.196858" elapsed="0.880883"/>
</kw>
<kw name="Wait Until Element Is Visible" owner="AppiumLibrary">
<msg time="2025-01-27T13:10:49.008028" level="INFO">xpath criteria: //android.widget.TextView[@resource-id="android:id/text1" and @text="New York"]</msg>
<arg>${from_city_ny}</arg>
<doc>Waits until element specified with `locator` is visible.</doc>
<status status="PASS" start="2025-01-27T13:10:48.077930" elapsed="0.930193"/>
</kw>
<kw name="Click Element" owner="AppiumLibrary">
<msg time="2025-01-27T13:10:49.010600" level="INFO">Clicking element '//android.widget.TextView[@resource-id="android:id/text1" and @text="New York"]'.</msg>
<msg time="2025-01-27T13:10:49.939562" level="INFO">xpath criteria: //android.widget.TextView[@resource-id="android:id/text1" and @text="New York"]</msg>
<arg>${from_city_ny}</arg>
<doc>Click element identified by `locator`.</doc>
<status status="PASS" start="2025-01-27T13:10:49.008298" elapsed="0.931367"/>
</kw>
<status status="PASS" start="2025-01-27T13:10:46.906321" elapsed="3.033445"/>
</kw>
<kw name="Choose Arrived Paris City" owner="onewaybook">
<kw name="Wait Until Element Is Visible" owner="AppiumLibrary">
<msg time="2025-01-27T13:10:50.268191" level="INFO">xpath criteria: //android.widget.Spinner[@resource-id="com.example.myapplication:id/spinnerTo"]</msg>
<arg>${spinners_to_city}</arg>
<doc>Waits until element specified with `locator` is visible.</doc>
<status status="PASS" start="2025-01-27T13:10:49.940636" elapsed="0.327650"/>
</kw>
<kw name="Click Element" owner="AppiumLibrary">
<msg time="2025-01-27T13:10:50.270714" level="INFO">Clicking element '//android.widget.Spinner[@resource-id="com.example.myapplication:id/spinnerTo"]'.</msg>
<msg time="2025-01-27T13:10:50.571071" level="INFO">xpath criteria: //android.widget.Spinner[@resource-id="com.example.myapplication:id/spinnerTo"]</msg>
<arg>${spinners_to_city}</arg>
<doc>Click element identified by `locator`.</doc>
<status status="PASS" start="2025-01-27T13:10:50.268461" elapsed="0.302732"/>
</kw>
<kw name="Wait Until Element Is Visible" owner="AppiumLibrary">
<msg time="2025-01-27T13:10:51.589237" level="INFO">xpath criteria: //android.widget.TextView[@resource-id="android:id/text1" and @text="Paris"]
xpath criteria: //android.widget.TextView[@resource-id="android:id/text1" and @text="Paris"]</msg>
<arg>${to_city_pa}</arg>
<doc>Waits until element specified with `locator` is visible.</doc>
<status status="PASS" start="2025-01-27T13:10:50.571449" elapsed="1.017925"/>
</kw>
<kw name="Click Element" owner="AppiumLibrary">
<msg time="2025-01-27T13:10:51.591821" level="INFO">Clicking element '//android.widget.TextView[@resource-id="android:id/text1" and @text="Paris"]'.</msg>
<msg time="2025-01-27T13:10:52.441279" level="INFO">xpath criteria: //android.widget.TextView[@resource-id="android:id/text1" and @text="Paris"]</msg>
<arg>${to_city_pa}</arg>
<doc>Click element identified by `locator`.</doc>
<status status="PASS" start="2025-01-27T13:10:51.589558" elapsed="0.851872"/>
</kw>
<status status="PASS" start="2025-01-27T13:10:49.940308" elapsed="2.501286"/>
</kw>
<kw name="Choose Economy Class" owner="onewaybook">
<kw name="Wait Until Element Is Visible" owner="AppiumLibrary">
<msg time="2025-01-27T13:10:53.344271" level="INFO">xpath criteria: //android.widget.Spinner[@resource-id="com.example.myapplication:id/spinnerClass"]</msg>
<arg>${spinners_class}</arg>
<doc>Waits until element specified with `locator` is visible.</doc>
<status status="PASS" start="2025-01-27T13:10:52.442448" elapsed="0.901917"/>
</kw>
<kw name="Click Element" owner="AppiumLibrary">
<msg time="2025-01-27T13:10:53.347265" level="INFO">Clicking element '//android.widget.Spinner[@resource-id="com.example.myapplication:id/spinnerClass"]'.</msg>
<msg time="2025-01-27T13:10:54.027760" level="INFO">xpath criteria: //android.widget.Spinner[@resource-id="com.example.myapplication:id/spinnerClass"]</msg>
<arg>${spinners_class}</arg>
<doc>Click element identified by `locator`.</doc>
<status status="PASS" start="2025-01-27T13:10:53.344638" elapsed="0.683221"/>
</kw>
<kw name="Wait Until Element Is Visible" owner="AppiumLibrary">
<msg time="2025-01-27T13:10:54.929697" level="INFO">xpath criteria: //android.widget.TextView[@resource-id="android:id/text1" and @text="Economy"]</msg>
<arg>${economy_class}</arg>
<doc>Waits until element specified with `locator` is visible.</doc>
<status status="PASS" start="2025-01-27T13:10:54.028036" elapsed="0.901812"/>
</kw>
<kw name="Click Element" owner="AppiumLibrary">
<msg time="2025-01-27T13:10:54.934361" level="INFO">Clicking element '//android.widget.TextView[@resource-id="android:id/text1" and @text="Economy"]'.</msg>
<msg time="2025-01-27T13:10:55.755039" level="INFO">xpath criteria: //android.widget.TextView[@resource-id="android:id/text1" and @text="Economy"]</msg>
<arg>${economy_class}</arg>
<doc>Click element identified by `locator`.</doc>
<status status="PASS" start="2025-01-27T13:10:54.930134" elapsed="0.825035"/>
</kw>
<status status="PASS" start="2025-01-27T13:10:52.442103" elapsed="3.313181"/>
</kw>
<kw name="Choose Departure Date" owner="onewaybook">
<kw name="Click Element" owner="AppiumLibrary">
<msg time="2025-01-27T13:10:55.758527" level="INFO">Clicking element '//android.widget.TextView[@resource-id="com.example.myapplication:id/textStartDate"]'.</msg>
<msg time="2025-01-27T13:10:55.982524" level="INFO">xpath criteria: //android.widget.TextView[@resource-id="com.example.myapplication:id/textStartDate"]</msg>
<arg>${start_date}</arg>
<doc>Click element identified by `locator`.</doc>
<status status="PASS" start="2025-01-27T13:10:55.756287" elapsed="0.226337"/>
</kw>
<kw name="Wait Until Element Is Visible" owner="AppiumLibrary">
<msg time="2025-01-27T13:10:57.658578" level="INFO">xpath criteria: //android.widget.TextView[@resource-id="android:id/date_picker_header_year"]
xpath criteria: //android.widget.TextView[@resource-id="android:id/date_picker_header_year"]</msg>
<arg>${date_year}</arg>
<doc>Waits until element specified with `locator` is visible.</doc>
<status status="PASS" start="2025-01-27T13:10:55.982806" elapsed="1.675922"/>
</kw>
<kw name="Click Element" owner="AppiumLibrary">
<msg time="2025-01-27T13:10:57.663220" level="INFO">Clicking element '//android.widget.TextView[@resource-id="android:id/date_picker_header_year"]'.</msg>
<msg time="2025-01-27T13:10:58.221287" level="INFO">xpath criteria: //android.widget.TextView[@resource-id="android:id/date_picker_header_year"]</msg>
<arg>${date_year}</arg>
<doc>Click element identified by `locator`.</doc>
<status status="PASS" start="2025-01-27T13:10:57.659000" elapsed="0.562420"/>
</kw>
<kw name="Wait Until Element Is Visible" owner="AppiumLibrary">
<msg time="2025-01-27T13:10:58.884787" level="INFO">xpath criteria: //android.widget.TextView[@resource-id="android:id/text1" and @text="2023"]</msg>
<arg>${choose_year}</arg>
<doc>Waits until element specified with `locator` is visible.</doc>
<status status="PASS" start="2025-01-27T13:10:58.221659" elapsed="0.663272"/>
</kw>
<kw name="Click Element" owner="AppiumLibrary">
<msg time="2025-01-27T13:10:58.887435" level="INFO">Clicking element '//android.widget.TextView[@resource-id="android:id/text1" and @text="2023"]'.</msg>
<msg time="2025-01-27T13:11:00.198247" level="INFO">xpath criteria: //android.widget.TextView[@resource-id="android:id/text1" and @text="2023"]</msg>
<arg>${choose_year}</arg>
<doc>Click element identified by `locator`.</doc>
<status status="PASS" start="2025-01-27T13:10:58.885142" elapsed="1.313209"/>
</kw>
<kw name="Wait Until Element Is Visible" owner="AppiumLibrary">
<msg time="2025-01-27T13:11:00.696262" level="INFO">xpath criteria: //android.view.View[@content-desc="20 Agustus 2023"]</msg>
<arg>${choose_start_date}</arg>
<doc>Waits until element specified with `locator` is visible.</doc>
<status status="PASS" start="2025-01-27T13:11:00.198550" elapsed="0.497863"/>
</kw>
<kw name="Click Element" owner="AppiumLibrary">
<msg time="2025-01-27T13:11:00.699690" level="INFO">Clicking element '//android.view.View[@content-desc="20 Agustus 2023"]'.</msg>
<msg time="2025-01-27T13:11:02.103977" level="INFO">xpath criteria: //android.view.View[@content-desc="20 Agustus 2023"]</msg>
<arg>${choose_start_date}</arg>
<doc>Click element identified by `locator`.</doc>
<status status="PASS" start="2025-01-27T13:11:00.696818" elapsed="1.407258"/>
</kw>
<kw name="Click Element" owner="AppiumLibrary">
<msg time="2025-01-27T13:11:02.106739" level="INFO">Clicking element '//android.widget.Button[@resource-id="android:id/button1"]'.</msg>
<msg time="2025-01-27T13:11:03.061528" level="INFO">xpath criteria: //android.widget.Button[@resource-id="android:id/button1"]</msg>
<arg>${oke_button}</arg>
<doc>Click element identified by `locator`.</doc>
<status status="PASS" start="2025-01-27T13:11:02.104255" elapsed="0.957428"/>
</kw>
<status status="PASS" start="2025-01-27T13:10:55.755887" elapsed="7.305970"/>
</kw>
<kw name="Choose Arrived Date" owner="onewaybook">
<kw name="Click Element" owner="AppiumLibrary">
<msg time="2025-01-27T13:11:03.065303" level="INFO">Clicking element '//android.widget.TextView[@resource-id="com.example.myapplication:id/textEndDate"]'.</msg>
<msg time="2025-01-27T13:11:03.894974" level="INFO">xpath criteria: //android.widget.TextView[@resource-id="com.example.myapplication:id/textEndDate"]</msg>
<arg>${end_date}</arg>
<doc>Click element identified by `locator`.</doc>
<status status="PASS" start="2025-01-27T13:11:03.063036" elapsed="0.832091"/>
</kw>
<kw name="Wait Until Element Is Visible" owner="AppiumLibrary">
<msg time="2025-01-27T13:11:05.462908" level="INFO">xpath criteria: //android.view.View[@content-desc="21 Agustus 2023"]
xpath criteria: //android.view.View[@content-desc="21 Agustus 2023"]</msg>
<arg>${choose_end_date}</arg>
<doc>Waits until element specified with `locator` is visible.</doc>
<status status="PASS" start="2025-01-27T13:11:03.895339" elapsed="1.567715"/>
</kw>
<kw name="Click Element" owner="AppiumLibrary">
<msg time="2025-01-27T13:11:05.466392" level="INFO">Clicking element '//android.view.View[@content-desc="21 Agustus 2023"]'.</msg>
<msg time="2025-01-27T13:11:06.531236" level="INFO">xpath criteria: //android.view.View[@content-desc="21 Agustus 2023"]</msg>
<arg>${choose_end_date}</arg>
<doc>Click element identified by `locator`.</doc>
<status status="PASS" start="2025-01-27T13:11:05.463331" elapsed="1.068001"/>
</kw>
<kw name="Click Element" owner="AppiumLibrary">
<msg time="2025-01-27T13:11:06.534038" level="INFO">Clicking element '//android.widget.Button[@resource-id="android:id/button1"]'.</msg>
<msg time="2025-01-27T13:11:07.099828" level="INFO">xpath criteria: //android.widget.Button[@resource-id="android:id/button1"]</msg>
<arg>${oke_button}</arg>
<doc>Click element identified by `locator`.</doc>
<status status="PASS" start="2025-01-27T13:11:06.531520" elapsed="0.568457"/>
</kw>
<status status="PASS" start="2025-01-27T13:11:03.062586" elapsed="4.037559"/>
</kw>
<kw name="Choose a Flight Travel Package" owner="onewaybook">
<kw name="Click Element" owner="AppiumLibrary">
<msg time="2025-01-27T13:11:07.103367" level="INFO">Clicking element '//android.widget.RadioButton[@resource-id="com.example.myapplication:id/radioButtonFlight"]'.</msg>
<msg time="2025-01-27T13:11:07.958209" level="INFO">xpath criteria: //android.widget.RadioButton[@resource-id="com.example.myapplication:id/radioButtonFlight"]</msg>
<arg>${flight_radio_button}</arg>
<doc>Click element identified by `locator`.</doc>
<status status="PASS" start="2025-01-27T13:11:07.100886" elapsed="0.857418"/>
</kw>
<status status="PASS" start="2025-01-27T13:11:07.100582" elapsed="0.857817"/>
</kw>
<kw name="Click Book Button on Booking Screen" owner="onewaybook">
<kw name="Click Element" owner="AppiumLibrary">
<msg time="2025-01-27T13:11:07.961641" level="INFO">Clicking element '//android.widget.Button[@resource-id="com.example.myapplication:id/book_flight"]'.</msg>
<msg time="2025-01-27T13:11:09.221164" level="INFO">xpath criteria: //android.widget.Button[@resource-id="com.example.myapplication:id/book_flight"]</msg>
<arg>${book_button}</arg>
<doc>Click element identified by `locator`.</doc>
<status status="PASS" start="2025-01-27T13:11:07.959253" elapsed="1.262033"/>
</kw>
<status status="PASS" start="2025-01-27T13:11:07.958933" elapsed="1.262469"/>
</kw>
<kw name="Verify Price of Booking Screen" owner="onewaybook">
<kw name="Wait Until Element Is Visible" owner="AppiumLibrary">
<msg time="2025-01-27T13:11:10.866469" level="INFO">xpath criteria: //android.widget.TextView[@resource-id="com.example.myapplication:id/textView6"]</msg>
<arg>${price_book_view}</arg>
<doc>Waits until element specified with `locator` is visible.</doc>
<status status="PASS" start="2025-01-27T13:11:09.222319" elapsed="1.644251"/>
</kw>
<status status="PASS" start="2025-01-27T13:11:09.221946" elapsed="1.644727"/>
</kw>
<kw name="Click Confirm Button on Price of Booking Screen" owner="onewaybook">
<kw name="Click Element" owner="AppiumLibrary">
<msg time="2025-01-27T13:11:10.870143" level="INFO">Clicking element '//android.widget.Button[@resource-id="com.example.myapplication:id/price8"]'.</msg>
<msg time="2025-01-27T13:11:11.860665" level="INFO">xpath criteria: //android.widget.Button[@resource-id="com.example.myapplication:id/price8"]</msg>
<arg>${choose_price}</arg>
<doc>Click element identified by `locator`.</doc>
<status status="PASS" start="2025-01-27T13:11:10.867795" elapsed="0.992970"/>
</kw>
<kw name="Click Element" owner="AppiumLibrary">
<msg time="2025-01-27T13:11:11.863737" level="INFO">Clicking element '//android.widget.Button[@resource-id="com.example.myapplication:id/confirm_order"]'.</msg>
<msg time="2025-01-27T13:11:12.247471" level="INFO">xpath criteria: //android.widget.Button[@resource-id="com.example.myapplication:id/confirm_order"]</msg>
<arg>${confirm_button}</arg>
<doc>Click element identified by `locator`.</doc>
<status status="PASS" start="2025-01-27T13:11:11.860987" elapsed="0.386579"/>
</kw>
<status status="PASS" start="2025-01-27T13:11:10.867145" elapsed="1.380519"/>
</kw>
<kw name="Verify Successfull Booking Appears" owner="onewaybook">
<kw name="Wait Until Element Is Visible" owner="AppiumLibrary">
<msg time="2025-01-27T13:11:13.669356" level="INFO">xpath criteria: //android.widget.CheckedTextView[@resource-id="com.example.myapplication:id/checkedTextView"]</msg>
<arg>${flight_booked}</arg>
<doc>Waits until element specified with `locator` is visible.</doc>
<status status="PASS" start="2025-01-27T13:11:12.248419" elapsed="1.421080"/>
</kw>
<status status="PASS" start="2025-01-27T13:11:12.248082" elapsed="1.421570"/>
</kw>
<kw name="Close Flight Application" owner="base" type="TEARDOWN">
<kw name="Close Application" owner="AppiumLibrary">
<doc>Closes the current application and also close webdriver session.</doc>
<status status="PASS" start="2025-01-27T13:11:13.671158" elapsed="0.762385"/>
</kw>
<status status="PASS" start="2025-01-27T13:11:13.670579" elapsed="0.763081"/>
</kw>
<status status="PASS" start="2025-01-27T13:10:28.547700" elapsed="45.886175"/>
</test>
<test id="s1-t3" name="User should Book One Way Flight with Economy Class from Newyork to Ottawa" line="46">
<kw name="Run Keywords" owner="BuiltIn" type="SETUP">
<kw name="Open Flight Application" owner="base">
<kw name="Open Application" owner="AppiumLibrary">
<arg>remote_url=http://127.0.0.1:4723/wd/hub</arg>
<arg>platformName=Android</arg>
<arg>platformVersion=14.0</arg>
<arg>deviceName=RRCT401SNQK</arg>
<arg>appPackage=com.example.myapplication</arg>
<arg>appActivity=com.example.myapplication.MainActivity</arg>
<doc>Opens a new application to given Appium server.
Capabilities of appium server, Android and iOS,
Please check https://appium.io/docs/en/2.1/cli/args/
| *Option*            | *Man.* | *Description*     |
| remote_url          | Yes    | Appium server url |
| alias               | no     | alias             |
| strict_ssl          | No     | allows you to send commands to an invalid certificate host like a self-signed one. |</doc>
<status status="PASS" start="2025-01-27T13:11:14.436228" elapsed="8.877233"/>
</kw>
<status status="PASS" start="2025-01-27T13:11:14.435970" elapsed="8.877694"/>
</kw>
<kw name="AND Sucess login and direct to Book Menu" owner="successLogin">
<kw name="Click Sign In Button On Home Screen" owner="homePage">
<kw name="Click Element" owner="AppiumLibrary">
<msg time="2025-01-27T13:11:23.316864" level="INFO">Clicking element '//android.widget.Button[@resource-id="com.example.myapplication:id/login"]'.</msg>
<msg time="2025-01-27T13:11:25.363110" level="INFO">xpath criteria: //android.widget.Button[@resource-id="com.example.myapplication:id/login"]</msg>
<arg>locator=${signin_home_screen}</arg>
<doc>Click element identified by `locator`.</doc>
<status status="PASS" start="2025-01-27T13:11:23.314601" elapsed="2.048609"/>
</kw>
<status status="PASS" start="2025-01-27T13:11:23.314341" elapsed="2.048972"/>
</kw>
<kw name="Input Username" owner="successLogin">
<kw name="Wait Until Element Is Visible" owner="AppiumLibrary">
<msg time="2025-01-27T13:11:26.852886" level="INFO">xpath criteria: //android.widget.EditText[@resource-id="com.example.myapplication:id/username"]
xpath criteria: //android.widget.EditText[@resource-id="com.example.myapplication:id/username"]</msg>
<arg>${username_login_input}</arg>
<doc>Waits until element specified with `locator` is visible.</doc>
<status status="PASS" start="2025-01-27T13:11:25.363922" elapsed="1.489076"/>
</kw>
<kw name="Input Text" owner="AppiumLibrary">
<msg time="2025-01-27T13:11:26.855578" level="INFO">Typing text 'support@ngendigital.com' into text field '//android.widget.EditText[@resource-id="com.example.myapplication:id/username"]'</msg>
<msg time="2025-01-27T13:11:27.120608" level="INFO">xpath criteria: //android.widget.EditText[@resource-id="com.example.myapplication:id/username"]</msg>
<arg>${username_login_input}</arg>
<arg>${username}</arg>
<doc>Types the given `text` into text field identified by `locator`.</doc>
<status status="PASS" start="2025-01-27T13:11:26.853190" elapsed="0.267538"/>
</kw>
<arg>${email}</arg>
<status status="PASS" start="2025-01-27T13:11:25.363532" elapsed="1.757322"/>
</kw>
<kw name="Input Password" owner="successLogin">
<kw name="Wait Until Element Is Visible" owner="AppiumLibrary">
<msg time="2025-01-27T13:11:28.292857" level="INFO">xpath criteria: //android.widget.EditText[@resource-id="com.example.myapplication:id/password"]</msg>
<arg>${password_login_input}</arg>
<doc>Waits until element specified with `locator` is visible.</doc>
<status status="PASS" start="2025-01-27T13:11:27.121547" elapsed="1.171483"/>
</kw>
<kw name="Input Text" owner="AppiumLibrary">
<msg time="2025-01-27T13:11:28.295530" level="INFO">Typing text 'abc123' into text field '//android.widget.EditText[@resource-id="com.example.myapplication:id/password"]'</msg>
<msg time="2025-01-27T13:11:28.523528" level="INFO">xpath criteria: //android.widget.EditText[@resource-id="com.example.myapplication:id/password"]</msg>
<arg>${password_login_input}</arg>
<arg>${password}</arg>
<doc>Types the given `text` into text field identified by `locator`.</doc>
<status status="PASS" start="2025-01-27T13:11:28.293215" elapsed="0.230412"/>
</kw>
<arg>${password}</arg>
<status status="PASS" start="2025-01-27T13:11:27.121111" elapsed="1.402620"/>
</kw>
<kw name="Click Sign In Button on Login Screen" owner="successLogin">
<kw name="Click Element" owner="AppiumLibrary">
<msg time="2025-01-27T13:11:28.526456" level="INFO">Clicking element '//android.widget.Button[@resource-id="com.example.myapplication:id/signIn"]'.</msg>
<msg time="2025-01-27T13:11:29.444998" level="INFO">xpath criteria: //android.widget.Button[@resource-id="com.example.myapplication:id/signIn"]</msg>
<arg>${signin_button}</arg>
<doc>Click element identified by `locator`.</doc>
<status status="PASS" start="2025-01-27T13:11:28.524221" elapsed="0.920871"/>
</kw>
<status status="PASS" start="2025-01-27T13:11:28.523931" elapsed="0.921263"/>
</kw>
<kw name="Click Book Menu on Login Screen" owner="successLogin">
<kw name="Wait Until Element Is Visible" owner="AppiumLibrary">
<msg time="2025-01-27T13:11:31.480123" level="INFO">xpath criteria: //android.widget.Button[@resource-id="com.example.myapplication:id/book"]</msg>
<arg>${bookmenu_button}</arg>
<doc>Waits until element specified with `locator` is visible.</doc>
<status status="PASS" start="2025-01-27T13:11:29.445698" elapsed="2.034520"/>
</kw>
<kw name="Click Element" owner="AppiumLibrary">
<msg time="2025-01-27T13:11:31.483263" level="INFO">Clicking element '//android.widget.Button[@resource-id="com.example.myapplication:id/book"]'.</msg>
<msg time="2025-01-27T13:11:33.186064" level="INFO">xpath criteria: //android.widget.Button[@resource-id="com.example.myapplication:id/book"]</msg>
<arg>${bookmenu_button}</arg>
<doc>Click element identified by `locator`.</doc>
<status status="PASS" start="2025-01-27T13:11:31.480393" elapsed="1.705832"/>
</kw>
<status status="PASS" start="2025-01-27T13:11:29.445402" elapsed="3.740996"/>
</kw>
<status status="PASS" start="2025-01-27T13:11:23.313931" elapsed="9.872566"/>
</kw>
<arg>Open Flight Application</arg>
<arg>AND Sucess login and direct to Book Menu</arg>
<doc>Executes all the given keywords in a sequence.</doc>
<status status="PASS" start="2025-01-27T13:11:14.435691" elapsed="18.751100"/>
</kw>
<kw name="Choose One Way Flight" owner="onewaybook">
<kw name="Wait Until Element Is Visible" owner="AppiumLibrary">
<msg time="2025-01-27T13:11:34.575095" level="INFO">xpath criteria: //android.support.v7.app.ActionBar.Tab[@content-desc="One Way"]</msg>
<arg>${one_way_menu}</arg>
<doc>Waits until element specified with `locator` is visible.</doc>
<status status="PASS" start="2025-01-27T13:11:33.188296" elapsed="1.386894"/>
</kw>
<kw name="Click Element" owner="AppiumLibrary">
<msg time="2025-01-27T13:11:34.577661" level="INFO">Clicking element '//android.support.v7.app.ActionBar.Tab[@content-desc="One Way"]'.</msg>
<msg time="2025-01-27T13:11:35.533756" level="INFO">xpath criteria: //android.support.v7.app.ActionBar.Tab[@content-desc="One Way"]</msg>
<arg>${one_way_menu}</arg>
<doc>Click element identified by `locator`.</doc>
<status status="PASS" start="2025-01-27T13:11:34.575366" elapsed="0.958484"/>
</kw>
<status status="PASS" start="2025-01-27T13:11:33.187675" elapsed="2.346273"/>
</kw>
<kw name="Choose Departure Newyork City" owner="onewaybook">
<kw name="Wait Until Element Is Visible" owner="AppiumLibrary">
<msg time="2025-01-27T13:11:36.234784" level="INFO">xpath criteria: //android.widget.Spinner[@resource-id="com.example.myapplication:id/spinnerFrom"]</msg>
<arg>${spinners_from_city}</arg>
<doc>Waits until element specified with `locator` is visible.</doc>
<status status="PASS" start="2025-01-27T13:11:35.534792" elapsed="0.700092"/>
</kw>
<kw name="Click Element" owner="AppiumLibrary">
<msg time="2025-01-27T13:11:36.237334" level="INFO">Clicking element '//android.widget.Spinner[@resource-id="com.example.myapplication:id/spinnerFrom"]'.</msg>
<msg time="2025-01-27T13:11:36.666386" level="INFO">xpath criteria: //android.widget.Spinner[@resource-id="com.example.myapplication:id/spinnerFrom"]</msg>
<arg>${spinners_from_city}</arg>
<doc>Click element identified by `locator`.</doc>
<status status="PASS" start="2025-01-27T13:11:36.235058" elapsed="0.431421"/>
</kw>
<kw name="Wait Until Element Is Visible" owner="AppiumLibrary">
<msg time="2025-01-27T13:11:37.761826" level="INFO">xpath criteria: //android.widget.TextView[@resource-id="android:id/text1" and @text="New York"]
xpath criteria: //android.widget.TextView[@resource-id="android:id/text1" and @text="New York"]</msg>
<arg>${from_city_ny}</arg>
<doc>Waits until element specified with `locator` is visible.</doc>
<status status="PASS" start="2025-01-27T13:11:36.666651" elapsed="1.095272"/>
</kw>
<kw name="Click Element" owner="AppiumLibrary">
<msg time="2025-01-27T13:11:37.764367" level="INFO">Clicking element '//android.widget.TextView[@resource-id="android:id/text1" and @text="New York"]'.</msg>
<msg time="2025-01-27T13:11:38.686438" level="INFO">xpath criteria: //android.widget.TextView[@resource-id="android:id/text1" and @text="New York"]</msg>
<arg>${from_city_ny}</arg>
<doc>Click element identified by `locator`.</doc>
<status status="PASS" start="2025-01-27T13:11:37.762109" elapsed="0.924438"/>
</kw>
<status status="PASS" start="2025-01-27T13:11:35.534461" elapsed="3.152200"/>
</kw>
<kw name="Choose Arrived Ottawa City" owner="onewaybook">
<kw name="Wait Until Element Is Visible" owner="AppiumLibrary">
<msg time="2025-01-27T13:11:39.116553" level="INFO">xpath criteria: //android.widget.Spinner[@resource-id="com.example.myapplication:id/spinnerTo"]</msg>
<arg>${spinners_to_city}</arg>
<doc>Waits until element specified with `locator` is visible.</doc>
<status status="PASS" start="2025-01-27T13:11:38.687693" elapsed="0.428951"/>
</kw>
<kw name="Click Element" owner="AppiumLibrary">
<msg time="2025-01-27T13:11:39.119942" level="INFO">Clicking element '//android.widget.Spinner[@resource-id="com.example.myapplication:id/spinnerTo"]'.</msg>
<msg time="2025-01-27T13:11:39.496395" level="INFO">xpath criteria: //android.widget.Spinner[@resource-id="com.example.myapplication:id/spinnerTo"]</msg>
<arg>${spinners_to_city}</arg>
<doc>Click element identified by `locator`.</doc>
<status status="PASS" start="2025-01-27T13:11:39.116815" elapsed="0.379685"/>
</kw>
<kw name="Wait Until Element Is Visible" owner="AppiumLibrary">
<msg time="2025-01-27T13:11:40.622845" level="INFO">xpath criteria: //android.widget.TextView[@resource-id="android:id/text1" and @text="Ottawa"]
xpath criteria: //android.widget.TextView[@resource-id="android:id/text1" and @text="Ottawa"]</msg>
<arg>${to_city_ot}</arg>
<doc>Waits until element specified with `locator` is visible.</doc>
<status status="PASS" start="2025-01-27T13:11:39.496702" elapsed="1.126322"/>
</kw>
<kw name="Click Element" owner="AppiumLibrary">
<msg time="2025-01-27T13:11:40.627271" level="INFO">Clicking element '//android.widget.TextView[@resource-id="android:id/text1" and @text="Ottawa"]'.</msg>
<msg time="2025-01-27T13:11:41.559918" level="INFO">xpath criteria: //android.widget.TextView[@resource-id="android:id/text1" and @text="Ottawa"]</msg>
<arg>${to_city_ot}</arg>
<doc>Click element identified by `locator`.</doc>
<status status="PASS" start="2025-01-27T13:11:40.623315" elapsed="0.936683"/>
</kw>
<status status="PASS" start="2025-01-27T13:11:38.687272" elapsed="2.872812"/>
</kw>
<kw name="Choose Economy Class" owner="onewaybook">
<kw name="Wait Until Element Is Visible" owner="AppiumLibrary">
<msg time="2025-01-27T13:11:41.933178" level="INFO">xpath criteria: //android.widget.Spinner[@resource-id="com.example.myapplication:id/spinnerClass"]</msg>
<arg>${spinners_class}</arg>
<doc>Waits until element specified with `locator` is visible.</doc>
<status status="PASS" start="2025-01-27T13:11:41.561168" elapsed="0.372098"/>
</kw>
<kw name="Click Element" owner="AppiumLibrary">
<msg time="2025-01-27T13:11:41.935575" level="INFO">Clicking element '//android.widget.Spinner[@resource-id="com.example.myapplication:id/spinnerClass"]'.</msg>
<msg time="2025-01-27T13:11:42.360241" level="INFO">xpath criteria: //android.widget.Spinner[@resource-id="com.example.myapplication:id/spinnerClass"]</msg>
<arg>${spinners_class}</arg>
<doc>Click element identified by `locator`.</doc>
<status status="PASS" start="2025-01-27T13:11:41.933420" elapsed="0.426908"/>
</kw>
<kw name="Wait Until Element Is Visible" owner="AppiumLibrary">
<msg time="2025-01-27T13:11:43.448778" level="INFO">xpath criteria: //android.widget.TextView[@resource-id="android:id/text1" and @text="Economy"]
xpath criteria: //android.widget.TextView[@resource-id="android:id/text1" and @text="Economy"]</msg>
<arg>${economy_class}</arg>
<doc>Waits until element specified with `locator` is visible.</doc>
<status status="PASS" start="2025-01-27T13:11:42.360543" elapsed="1.088312"/>
</kw>
<kw name="Click Element" owner="AppiumLibrary">
<msg time="2025-01-27T13:11:43.450647" level="INFO">Clicking element '//android.widget.TextView[@resource-id="android:id/text1" and @text="Economy"]'.</msg>
<msg time="2025-01-27T13:11:44.324599" level="INFO">xpath criteria: //android.widget.TextView[@resource-id="android:id/text1" and @text="Economy"]</msg>
<arg>${economy_class}</arg>
<doc>Click element identified by `locator`.</doc>
<status status="PASS" start="2025-01-27T13:11:43.448993" elapsed="0.875678"/>
</kw>
<status status="PASS" start="2025-01-27T13:11:41.560668" elapsed="2.764073"/>
</kw>
<kw name="Choose Departure Date" owner="onewaybook">
<kw name="Click Element" owner="AppiumLibrary">
<msg time="2025-01-27T13:11:44.326809" level="INFO">Clicking element '//android.widget.TextView[@resource-id="com.example.myapplication:id/textStartDate"]'.</msg>
<msg time="2025-01-27T13:11:44.750575" level="INFO">xpath criteria: //android.widget.TextView[@resource-id="com.example.myapplication:id/textStartDate"]</msg>
<arg>${start_date}</arg>
<doc>Click element identified by `locator`.</doc>
<status status="PASS" start="2025-01-27T13:11:44.325360" elapsed="0.425297"/>
</kw>
<kw name="Wait Until Element Is Visible" owner="AppiumLibrary">
<msg time="2025-01-27T13:11:46.812650" level="INFO">xpath criteria: //android.widget.TextView[@resource-id="android:id/date_picker_header_year"]</msg>
<arg>${date_year}</arg>
<doc>Waits until element specified with `locator` is visible.</doc>
<status status="PASS" start="2025-01-27T13:11:44.750808" elapsed="2.061935"/>
</kw>
<kw name="Click Element" owner="AppiumLibrary">
<msg time="2025-01-27T13:11:46.815146" level="INFO">Clicking element '//android.widget.TextView[@resource-id="android:id/date_picker_header_year"]'.</msg>
<msg time="2025-01-27T13:11:47.368776" level="INFO">xpath criteria: //android.widget.TextView[@resource-id="android:id/date_picker_header_year"]</msg>
<arg>${date_year}</arg>
<doc>Click element identified by `locator`.</doc>
<status status="PASS" start="2025-01-27T13:11:46.812914" elapsed="0.555958"/>
</kw>
<kw name="Wait Until Element Is Visible" owner="AppiumLibrary">
<msg time="2025-01-27T13:11:48.385805" level="INFO">xpath criteria: //android.widget.TextView[@resource-id="android:id/text1" and @text="2023"]</msg>
<arg>${choose_year}</arg>
<doc>Waits until element specified with `locator` is visible.</doc>
<status status="PASS" start="2025-01-27T13:11:47.369057" elapsed="1.016844"/>
</kw>
<kw name="Click Element" owner="AppiumLibrary">
<msg time="2025-01-27T13:11:48.388490" level="INFO">Clicking element '//android.widget.TextView[@resource-id="android:id/text1" and @text="2023"]'.</msg>
<msg time="2025-01-27T13:11:49.569707" level="INFO">xpath criteria: //android.widget.TextView[@resource-id="android:id/text1" and @text="2023"]</msg>
<arg>${choose_year}</arg>
<doc>Click element identified by `locator`.</doc>
<status status="PASS" start="2025-01-27T13:11:48.386083" elapsed="1.183732"/>
</kw>
<kw name="Wait Until Element Is Visible" owner="AppiumLibrary">
<msg time="2025-01-27T13:11:50.113771" level="INFO">xpath criteria: //android.view.View[@content-desc="20 Agustus 2023"]</msg>
<arg>${choose_start_date}</arg>
<doc>Waits until element specified with `locator` is visible.</doc>
<status status="PASS" start="2025-01-27T13:11:49.570011" elapsed="0.543865"/>
</kw>
<kw name="Click Element" owner="AppiumLibrary">
<msg time="2025-01-27T13:11:50.116312" level="INFO">Clicking element '//android.view.View[@content-desc="20 Agustus 2023"]'.</msg>
<msg time="2025-01-27T13:11:51.287218" level="INFO">xpath criteria: //android.view.View[@content-desc="20 Agustus 2023"]</msg>
<arg>${choose_start_date}</arg>
<doc>Click element identified by `locator`.</doc>
<status status="PASS" start="2025-01-27T13:11:50.114059" elapsed="1.173283"/>
</kw>
<kw name="Click Element" owner="AppiumLibrary">
<msg time="2025-01-27T13:11:51.289805" level="INFO">Clicking element '//android.widget.Button[@resource-id="android:id/button1"]'.</msg>
<msg time="2025-01-27T13:11:51.870272" level="INFO">xpath criteria: //android.widget.Button[@resource-id="android:id/button1"]</msg>
<arg>${oke_button}</arg>
<doc>Click element identified by `locator`.</doc>
<status status="PASS" start="2025-01-27T13:11:51.287528" elapsed="0.583119"/>
</kw>
<status status="PASS" start="2025-01-27T13:11:44.325124" elapsed="7.545638"/>
</kw>
<kw name="Choose Arrived Date" owner="onewaybook">
<kw name="Click Element" owner="AppiumLibrary">
<msg time="2025-01-27T13:11:51.873885" level="INFO">Clicking element '//android.widget.TextView[@resource-id="com.example.myapplication:id/textEndDate"]'.</msg>
<msg time="2025-01-27T13:11:52.515164" level="INFO">xpath criteria: //android.widget.TextView[@resource-id="com.example.myapplication:id/textEndDate"]</msg>
<arg>${end_date}</arg>
<doc>Click element identified by `locator`.</doc>
<status status="PASS" start="2025-01-27T13:11:51.871496" elapsed="0.643822"/>
</kw>
<kw name="Wait Until Element Is Visible" owner="AppiumLibrary">
<msg time="2025-01-27T13:11:54.453446" level="INFO">xpath criteria: //android.view.View[@content-desc="21 Agustus 2023"]
xpath criteria: //android.view.View[@content-desc="21 Agustus 2023"]</msg>
<arg>${choose_end_date}</arg>
<doc>Waits until element specified with `locator` is visible.</doc>
<status status="PASS" start="2025-01-27T13:11:52.515616" elapsed="1.937933"/>
</kw>
<kw name="Click Element" owner="AppiumLibrary">
<msg time="2025-01-27T13:11:54.455969" level="INFO">Clicking element '//android.view.View[@content-desc="21 Agustus 2023"]'.</msg>
<msg time="2025-01-27T13:11:55.964334" level="INFO">xpath criteria: //android.view.View[@content-desc="21 Agustus 2023"]</msg>
<arg>${choose_end_date}</arg>
<doc>Click element identified by `locator`.</doc>
<status status="PASS" start="2025-01-27T13:11:54.453733" elapsed="1.510703"/>
</kw>
<kw name="Click Element" owner="AppiumLibrary">
<msg time="2025-01-27T13:11:55.967453" level="INFO">Clicking element '//android.widget.Button[@resource-id="android:id/button1"]'.</msg>
<msg time="2025-01-27T13:11:56.402969" level="INFO">xpath criteria: //android.widget.Button[@resource-id="android:id/button1"]</msg>
<arg>${oke_button}</arg>
<doc>Click element identified by `locator`.</doc>
<status status="PASS" start="2025-01-27T13:11:55.964712" elapsed="0.438362"/>
</kw>
<status status="PASS" start="2025-01-27T13:11:51.871170" elapsed="4.532008"/>
</kw>
<kw name="Choose a Flight Travel Package" owner="onewaybook">
<kw name="Click Element" owner="AppiumLibrary">
<msg time="2025-01-27T13:11:56.406192" level="INFO">Clicking element '//android.widget.RadioButton[@resource-id="com.example.myapplication:id/radioButtonFlight"]'.</msg>
<msg time="2025-01-27T13:11:57.102189" level="INFO">xpath criteria: //android.widget.RadioButton[@resource-id="com.example.myapplication:id/radioButtonFlight"]</msg>
<arg>${flight_radio_button}</arg>
<doc>Click element identified by `locator`.</doc>
<status status="PASS" start="2025-01-27T13:11:56.403926" elapsed="0.698374"/>
</kw>
<status status="PASS" start="2025-01-27T13:11:56.403593" elapsed="0.698810"/>
</kw>
<kw name="Click Book Button on Booking Screen" owner="onewaybook">
<kw name="Click Element" owner="AppiumLibrary">
<msg time="2025-01-27T13:11:57.105515" level="INFO">Clicking element '//android.widget.Button[@resource-id="com.example.myapplication:id/book_flight"]'.</msg>
<msg time="2025-01-27T13:11:58.546538" level="INFO">xpath criteria: //android.widget.Button[@resource-id="com.example.myapplication:id/book_flight"]</msg>
<arg>${book_button}</arg>
<doc>Click element identified by `locator`.</doc>
<status status="PASS" start="2025-01-27T13:11:57.103241" elapsed="1.443431"/>
</kw>
<status status="PASS" start="2025-01-27T13:11:57.102922" elapsed="1.443878"/>
</kw>
<kw name="Verify Price of Booking Screen" owner="onewaybook">
<kw name="Wait Until Element Is Visible" owner="AppiumLibrary">
<msg time="2025-01-27T13:12:00.558044" level="INFO">xpath criteria: //android.widget.TextView[@resource-id="com.example.myapplication:id/textView6"]</msg>
<arg>${price_book_view}</arg>
<doc>Waits until element specified with `locator` is visible.</doc>
<status status="PASS" start="2025-01-27T13:11:58.548568" elapsed="2.009571"/>
</kw>
<status status="PASS" start="2025-01-27T13:11:58.547788" elapsed="2.010454"/>
</kw>
<kw name="Click Confirm Button on Price of Booking Screen" owner="onewaybook">
<kw name="Click Element" owner="AppiumLibrary">
<msg time="2025-01-27T13:12:00.561396" level="INFO">Clicking element '//android.widget.Button[@resource-id="com.example.myapplication:id/price8"]'.</msg>
<msg time="2025-01-27T13:12:01.628234" level="INFO">xpath criteria: //android.widget.Button[@resource-id="com.example.myapplication:id/price8"]</msg>
<arg>${choose_price}</arg>
<doc>Click element identified by `locator`.</doc>
<status status="PASS" start="2025-01-27T13:12:00.559026" elapsed="1.069342"/>
</kw>
<kw name="Click Element" owner="AppiumLibrary">
<msg time="2025-01-27T13:12:01.631450" level="INFO">Clicking element '//android.widget.Button[@resource-id="com.example.myapplication:id/confirm_order"]'.</msg>
<msg time="2025-01-27T13:12:02.164623" level="INFO">xpath criteria: //android.widget.Button[@resource-id="com.example.myapplication:id/confirm_order"]</msg>
<arg>${confirm_button}</arg>
<doc>Click element identified by `locator`.</doc>
<status status="PASS" start="2025-01-27T13:12:01.628587" elapsed="0.536135"/>
</kw>
<status status="PASS" start="2025-01-27T13:12:00.558684" elapsed="1.606138"/>
</kw>
<kw name="Verify Successfull Booking Appears" owner="onewaybook">
<kw name="Wait Until Element Is Visible" owner="AppiumLibrary">
<msg time="2025-01-27T13:12:03.713981" level="INFO">xpath criteria: //android.widget.CheckedTextView[@resource-id="com.example.myapplication:id/checkedTextView"]</msg>
<arg>${flight_booked}</arg>
<doc>Waits until element specified with `locator` is visible.</doc>
<status status="PASS" start="2025-01-27T13:12:02.165897" elapsed="1.548186"/>
</kw>
<status status="PASS" start="2025-01-27T13:12:02.165497" elapsed="1.548684"/>
</kw>
<kw name="Close Flight Application" owner="base" type="TEARDOWN">
<kw name="Close Application" owner="AppiumLibrary">
<doc>Closes the current application and also close webdriver session.</doc>
<status status="PASS" start="2025-01-27T13:12:03.715399" elapsed="0.875707"/>
</kw>
<status status="PASS" start="2025-01-27T13:12:03.714687" elapsed="0.876611"/>
</kw>
<status status="PASS" start="2025-01-27T13:11:14.434999" elapsed="50.156618"/>
</test>
<test id="s1-t4" name="User should Book One Way Flight with Economy Class from Chicago to London" line="59">
<kw name="Run Keywords" owner="BuiltIn" type="SETUP">
<kw name="Open Flight Application" owner="base">
<kw name="Open Application" owner="AppiumLibrary">
<arg>remote_url=http://127.0.0.1:4723/wd/hub</arg>
<arg>platformName=Android</arg>
<arg>platformVersion=14.0</arg>
<arg>deviceName=RRCT401SNQK</arg>
<arg>appPackage=com.example.myapplication</arg>
<arg>appActivity=com.example.myapplication.MainActivity</arg>
<doc>Opens a new application to given Appium server.
Capabilities of appium server, Android and iOS,
Please check https://appium.io/docs/en/2.1/cli/args/
| *Option*            | *Man.* | *Description*     |
| remote_url          | Yes    | Appium server url |
| alias               | no     | alias             |
| strict_ssl          | No     | allows you to send commands to an invalid certificate host like a self-signed one. |</doc>
<status status="PASS" start="2025-01-27T13:12:04.594319" elapsed="9.326268"/>
</kw>
<status status="PASS" start="2025-01-27T13:12:04.594013" elapsed="9.326764"/>
</kw>
<kw name="AND Sucess login and direct to Book Menu" owner="successLogin">
<kw name="Click Sign In Button On Home Screen" owner="homePage">
<kw name="Click Element" owner="AppiumLibrary">
<msg time="2025-01-27T13:12:13.925362" level="INFO">Clicking element '//android.widget.Button[@resource-id="com.example.myapplication:id/login"]'.</msg>
<msg time="2025-01-27T13:12:15.100196" level="INFO">xpath criteria: //android.widget.Button[@resource-id="com.example.myapplication:id/login"]</msg>
<arg>locator=${signin_home_screen}</arg>
<doc>Click element identified by `locator`.</doc>
<status status="PASS" start="2025-01-27T13:12:13.922754" elapsed="1.177551"/>
</kw>
<status status="PASS" start="2025-01-27T13:12:13.922094" elapsed="1.178386"/>
</kw>
<kw name="Input Username" owner="successLogin">
<kw name="Wait Until Element Is Visible" owner="AppiumLibrary">
<msg time="2025-01-27T13:12:16.611166" level="INFO">xpath criteria: //android.widget.EditText[@resource-id="com.example.myapplication:id/username"]
xpath criteria: //android.widget.EditText[@resource-id="com.example.myapplication:id/username"]</msg>
<arg>${username_login_input}</arg>
<doc>Waits until element specified with `locator` is visible.</doc>
<status status="PASS" start="2025-01-27T13:12:15.101165" elapsed="1.510128"/>
</kw>
<kw name="Input Text" owner="AppiumLibrary">
<msg time="2025-01-27T13:12:16.613952" level="INFO">Typing text 'support@ngendigital.com' into text field '//android.widget.EditText[@resource-id="com.example.myapplication:id/username"]'</msg>
<msg time="2025-01-27T13:12:16.824049" level="INFO">xpath criteria: //android.widget.EditText[@resource-id="com.example.myapplication:id/username"]</msg>
<arg>${username_login_input}</arg>
<arg>${username}</arg>
<doc>Types the given `text` into text field identified by `locator`.</doc>
<status status="PASS" start="2025-01-27T13:12:16.611516" elapsed="0.212638"/>
</kw>
<arg>${email}</arg>
<status status="PASS" start="2025-01-27T13:12:15.100683" elapsed="1.723578"/>
</kw>
<kw name="Input Password" owner="successLogin">
<kw name="Wait Until Element Is Visible" owner="AppiumLibrary">
<msg time="2025-01-27T13:12:17.766187" level="INFO">xpath criteria: //android.widget.EditText[@resource-id="com.example.myapplication:id/password"]</msg>
<arg>${password_login_input}</arg>
<doc>Waits until element specified with `locator` is visible.</doc>
<status status="PASS" start="2025-01-27T13:12:16.824883" elapsed="0.941402"/>
</kw>
<kw name="Input Text" owner="AppiumLibrary">
<msg time="2025-01-27T13:12:17.768900" level="INFO">Typing text 'abc123' into text field '//android.widget.EditText[@resource-id="com.example.myapplication:id/password"]'</msg>
<msg time="2025-01-27T13:12:17.999417" level="INFO">xpath criteria: //android.widget.EditText[@resource-id="com.example.myapplication:id/password"]</msg>
<arg>${password_login_input}</arg>
<arg>${password}</arg>
<doc>Types the given `text` into text field identified by `locator`.</doc>
<status status="PASS" start="2025-01-27T13:12:17.766464" elapsed="0.233063"/>
</kw>
<arg>${password}</arg>
<status status="PASS" start="2025-01-27T13:12:16.824488" elapsed="1.175153"/>
</kw>
<kw name="Click Sign In Button on Login Screen" owner="successLogin">
<kw name="Click Element" owner="AppiumLibrary">
<msg time="2025-01-27T13:12:18.002812" level="INFO">Clicking element '//android.widget.Button[@resource-id="com.example.myapplication:id/signIn"]'.</msg>
<msg time="2025-01-27T13:12:18.750466" level="INFO">xpath criteria: //android.widget.Button[@resource-id="com.example.myapplication:id/signIn"]</msg>
<arg>${signin_button}</arg>
<doc>Click element identified by `locator`.</doc>
<status status="PASS" start="2025-01-27T13:12:18.000121" elapsed="0.750441"/>
</kw>
<status status="PASS" start="2025-01-27T13:12:17.999839" elapsed="0.750820"/>
</kw>
<kw name="Click Book Menu on Login Screen" owner="successLogin">
<kw name="Wait Until Element Is Visible" owner="AppiumLibrary">
<msg time="2025-01-27T13:12:20.598112" level="INFO">xpath criteria: //android.widget.Button[@resource-id="com.example.myapplication:id/book"]</msg>
<arg>${bookmenu_button}</arg>
<doc>Waits until element specified with `locator` is visible.</doc>
<status status="PASS" start="2025-01-27T13:12:18.751149" elapsed="1.847067"/>
</kw>
<kw name="Click Element" owner="AppiumLibrary">
<msg time="2025-01-27T13:12:20.600744" level="INFO">Clicking element '//android.widget.Button[@resource-id="com.example.myapplication:id/book"]'.</msg>
<msg time="2025-01-27T13:12:20.838653" level="INFO">xpath criteria: //android.widget.Button[@resource-id="com.example.myapplication:id/book"]</msg>
<arg>${bookmenu_button}</arg>
<doc>Click element identified by `locator`.</doc>
<status status="PASS" start="2025-01-27T13:12:20.598411" elapsed="0.240418"/>
</kw>
<status status="PASS" start="2025-01-27T13:12:18.750859" elapsed="2.088139"/>
</kw>
<status status="PASS" start="2025-01-27T13:12:13.921226" elapsed="6.917880"/>
</kw>
<arg>Open Flight Application</arg>
<arg>AND Sucess login and direct to Book Menu</arg>
<doc>Executes all the given keywords in a sequence.</doc>
<status status="PASS" start="2025-01-27T13:12:04.593694" elapsed="16.245507"/>
</kw>
<kw name="Choose One Way Flight" owner="onewaybook">
<kw name="Wait Until Element Is Visible" owner="AppiumLibrary">
<msg time="2025-01-27T13:12:22.560143" level="INFO">xpath criteria: //android.support.v7.app.ActionBar.Tab[@content-desc="One Way"]</msg>
<arg>${one_way_menu}</arg>
<doc>Waits until element specified with `locator` is visible.</doc>
<status status="PASS" start="2025-01-27T13:12:20.840488" elapsed="1.719752"/>
</kw>
<kw name="Click Element" owner="AppiumLibrary">
<msg time="2025-01-27T13:12:22.563352" level="INFO">Clicking element '//android.support.v7.app.ActionBar.Tab[@content-desc="One Way"]'.</msg>
<msg time="2025-01-27T13:12:22.925387" level="INFO">xpath criteria: //android.support.v7.app.ActionBar.Tab[@content-desc="One Way"]</msg>
<arg>${one_way_menu}</arg>
<doc>Click element identified by `locator`.</doc>
<status status="PASS" start="2025-01-27T13:12:22.560414" elapsed="0.365070"/>
</kw>
<status status="PASS" start="2025-01-27T13:12:20.839892" elapsed="2.085687"/>
</kw>
<kw name="Choose Departure Chicago City" owner="onewaybook">
<kw name="Wait Until Element Is Visible" owner="AppiumLibrary">
<msg time="2025-01-27T13:12:23.892886" level="INFO">xpath criteria: //android.widget.Spinner[@resource-id="com.example.myapplication:id/spinnerFrom"]</msg>
[...]
<msg time="2025-01-27T13:23:21.970436" level="INFO">Clicking element '//android.widget.Button[@resource-id="com.example.myapplication:id/signIn"]'.</msg>
<msg time="2025-01-27T13:23:22.669399" level="INFO">xpath criteria: //android.widget.Button[@resource-id="com.example.myapplication:id/signIn"]</msg>
<arg>${signin_button}</arg>
<doc>Click element identified by `locator`.</doc>
<status status="PASS" start="2025-01-27T13:23:21.966473" elapsed="0.703075"/>
</kw>
<status status="PASS" start="2025-01-27T13:23:21.965990" elapsed="0.703717"/>
</kw>
<kw name="Click Book Menu on Login Screen" owner="successLogin">
<kw name="Wait Until Element Is Visible" owner="AppiumLibrary">
<msg time="2025-01-27T13:23:24.073990" level="INFO">xpath criteria: //android.widget.Button[@resource-id="com.example.myapplication:id/book"]
xpath criteria: //android.widget.Button[@resource-id="com.example.myapplication:id/book"]</msg>
<arg>${bookmenu_button}</arg>
<doc>Waits until element specified with `locator` is visible.</doc>
<status status="PASS" start="2025-01-27T13:23:22.670509" elapsed="1.403645"/>
</kw>
<kw name="Click Element" owner="AppiumLibrary">
<msg time="2025-01-27T13:23:24.078464" level="INFO">Clicking element '//android.widget.Button[@resource-id="com.example.myapplication:id/book"]'.</msg>
<msg time="2025-01-27T13:23:24.418177" level="INFO">xpath criteria: //android.widget.Button[@resource-id="com.example.myapplication:id/book"]</msg>
<arg>${bookmenu_button}</arg>
<doc>Click element identified by `locator`.</doc>
<status status="PASS" start="2025-01-27T13:23:24.074461" elapsed="0.343941"/>
</kw>
<status status="PASS" start="2025-01-27T13:23:22.670026" elapsed="1.748572"/>
</kw>
<status status="PASS" start="2025-01-27T13:23:18.257983" elapsed="6.160719"/>
</kw>
<arg>Open Flight Application</arg>
<arg>AND Sucess login and direct to Book Menu</arg>
<doc>Executes all the given keywords in a sequence.</doc>
<status status="PASS" start="2025-01-27T13:23:06.750784" elapsed="17.668004"/>
</kw>
<kw name="Choose One Way Flight" owner="onewaybook">
<kw name="Wait Until Element Is Visible" owner="AppiumLibrary">
<msg time="2025-01-27T13:23:26.158820" level="INFO">xpath criteria: //android.support.v7.app.ActionBar.Tab[@content-desc="One Way"]</msg>
<arg>${one_way_menu}</arg>
<doc>Waits until element specified with `locator` is visible.</doc>
<status status="PASS" start="2025-01-27T13:23:24.420141" elapsed="1.738828"/>
</kw>
<kw name="Click Element" owner="AppiumLibrary">
<msg time="2025-01-27T13:23:26.163564" level="INFO">Clicking element '//android.support.v7.app.ActionBar.Tab[@content-desc="One Way"]'.</msg>
<msg time="2025-01-27T13:23:26.525798" level="INFO">xpath criteria: //android.support.v7.app.ActionBar.Tab[@content-desc="One Way"]</msg>
<arg>${one_way_menu}</arg>
<doc>Click element identified by `locator`.</doc>
<status status="PASS" start="2025-01-27T13:23:26.159247" elapsed="0.366707"/>
</kw>
<status status="PASS" start="2025-01-27T13:23:24.419571" elapsed="2.106552"/>
</kw>
<kw name="Choose Departure Toronto City" owner="onewaybook">
<kw name="Wait Until Element Is Visible" owner="AppiumLibrary">
<msg time="2025-01-27T13:23:27.337600" level="INFO">xpath criteria: //android.widget.Spinner[@resource-id="com.example.myapplication:id/spinnerFrom"]</msg>
<arg>${spinners_from_city}</arg>
<doc>Waits until element specified with `locator` is visible.</doc>
<status status="PASS" start="2025-01-27T13:23:26.527270" elapsed="0.810486"/>
</kw>
<kw name="Click Element" owner="AppiumLibrary">
<msg time="2025-01-27T13:23:27.342131" level="INFO">Clicking element '//android.widget.Spinner[@resource-id="com.example.myapplication:id/spinnerFrom"]'.</msg>
<msg time="2025-01-27T13:23:27.703894" level="INFO">xpath criteria: //android.widget.Spinner[@resource-id="com.example.myapplication:id/spinnerFrom"]</msg>
<arg>${spinners_from_city}</arg>
<doc>Click element identified by `locator`.</doc>
<status status="PASS" start="2025-01-27T13:23:27.338069" elapsed="0.365980"/>
</kw>
<kw name="Wait Until Element Is Visible" owner="AppiumLibrary">
<msg time="2025-01-27T13:23:28.833705" level="INFO">xpath criteria: //android.widget.TextView[@resource-id="android:id/text1" and @text="Toronto"]
xpath criteria: //android.widget.TextView[@resource-id="android:id/text1" and @text="Toronto"]</msg>
<arg>${from_city_to}</arg>
<doc>Waits until element specified with `locator` is visible.</doc>
<status status="PASS" start="2025-01-27T13:23:27.704355" elapsed="1.129516"/>
</kw>
<kw name="Click Element" owner="AppiumLibrary">
<msg time="2025-01-27T13:23:28.838242" level="INFO">Clicking element '//android.widget.TextView[@resource-id="android:id/text1" and @text="Toronto"]'.</msg>
<msg time="2025-01-27T13:23:29.670949" level="INFO">xpath criteria: //android.widget.TextView[@resource-id="android:id/text1" and @text="Toronto"]</msg>
<arg>${from_city_to}</arg>
<doc>Click element identified by `locator`.</doc>
<status status="PASS" start="2025-01-27T13:23:28.834164" elapsed="0.836936"/>
</kw>
<status status="PASS" start="2025-01-27T13:23:26.526756" elapsed="3.144514"/>
</kw>
<kw name="Choose Arrived Ottawa City" owner="onewaybook">
<kw name="Wait Until Element Is Visible" owner="AppiumLibrary">
<msg time="2025-01-27T13:23:29.983827" level="INFO">xpath criteria: //android.widget.Spinner[@resource-id="com.example.myapplication:id/spinnerTo"]</msg>
<arg>${spinners_to_city}</arg>
<doc>Waits until element specified with `locator` is visible.</doc>
<status status="PASS" start="2025-01-27T13:23:29.672570" elapsed="0.311421"/>
</kw>
<kw name="Click Element" owner="AppiumLibrary">
<msg time="2025-01-27T13:23:29.988608" level="INFO">Clicking element '//android.widget.Spinner[@resource-id="com.example.myapplication:id/spinnerTo"]'.</msg>
<msg time="2025-01-27T13:23:30.340783" level="INFO">xpath criteria: //android.widget.Spinner[@resource-id="com.example.myapplication:id/spinnerTo"]</msg>
<arg>${spinners_to_city}</arg>
<doc>Click element identified by `locator`.</doc>
<status status="PASS" start="2025-01-27T13:23:29.984302" elapsed="0.356627"/>
</kw>
<kw name="Wait Until Element Is Visible" owner="AppiumLibrary">
<msg time="2025-01-27T13:23:31.371851" level="INFO">xpath criteria: //android.widget.TextView[@resource-id="android:id/text1" and @text="Ottawa"]
xpath criteria: //android.widget.TextView[@resource-id="android:id/text1" and @text="Ottawa"]</msg>
<arg>${to_city_ot}</arg>
<doc>Waits until element specified with `locator` is visible.</doc>
<status status="PASS" start="2025-01-27T13:23:30.341216" elapsed="1.030818"/>
</kw>
<kw name="Click Element" owner="AppiumLibrary">
<msg time="2025-01-27T13:23:31.376504" level="INFO">Clicking element '//android.widget.TextView[@resource-id="android:id/text1" and @text="Ottawa"]'.</msg>
<msg time="2025-01-27T13:23:32.270807" level="INFO">xpath criteria: //android.widget.TextView[@resource-id="android:id/text1" and @text="Ottawa"]</msg>
<arg>${to_city_ot}</arg>
<doc>Click element identified by `locator`.</doc>
<status status="PASS" start="2025-01-27T13:23:31.372413" elapsed="0.898547"/>
</kw>
<status status="PASS" start="2025-01-27T13:23:29.671976" elapsed="2.599142"/>
</kw>
<kw name="Choose First Class" owner="onewaybook">
<kw name="Wait Until Element Is Visible" owner="AppiumLibrary">
<msg time="2025-01-27T13:23:32.585477" level="INFO">xpath criteria: //android.widget.Spinner[@resource-id="com.example.myapplication:id/spinnerClass"]</msg>
<arg>${spinners_class}</arg>
<doc>Waits until element specified with `locator` is visible.</doc>
<status status="PASS" start="2025-01-27T13:23:32.272423" elapsed="0.313207"/>
</kw>
<kw name="Click Element" owner="AppiumLibrary">
<msg time="2025-01-27T13:23:32.590166" level="INFO">Clicking element '//android.widget.Spinner[@resource-id="com.example.myapplication:id/spinnerClass"]'.</msg>
<msg time="2025-01-27T13:23:32.959261" level="INFO">xpath criteria: //android.widget.Spinner[@resource-id="com.example.myapplication:id/spinnerClass"]</msg>
<arg>${spinners_class}</arg>
<doc>Click element identified by `locator`.</doc>
<status status="PASS" start="2025-01-27T13:23:32.586038" elapsed="0.373377"/>
</kw>
<kw name="Wait Until Element Is Visible" owner="AppiumLibrary">
<msg time="2025-01-27T13:23:33.976888" level="INFO">xpath criteria: //android.widget.TextView[@resource-id="android:id/text1" and @text="First"]</msg>
<arg>${first_class}</arg>
<doc>Waits until element specified with `locator` is visible.</doc>
<status status="PASS" start="2025-01-27T13:23:32.959699" elapsed="1.017346"/>
</kw>
<kw name="Click Element" owner="AppiumLibrary">
<msg time="2025-01-27T13:23:33.981421" level="INFO">Clicking element '//android.widget.TextView[@resource-id="android:id/text1" and @text="First"]'.</msg>
<msg time="2025-01-27T13:23:34.860852" level="INFO">xpath criteria: //android.widget.TextView[@resource-id="android:id/text1" and @text="First"]</msg>
<arg>${first_class}</arg>
<doc>Click element identified by `locator`.</doc>
<status status="PASS" start="2025-01-27T13:23:33.977350" elapsed="0.883652"/>
</kw>
<status status="PASS" start="2025-01-27T13:23:32.271841" elapsed="2.589325"/>
</kw>
<kw name="Choose Departure Date" owner="onewaybook">
<kw name="Click Element" owner="AppiumLibrary">
<msg time="2025-01-27T13:23:34.866382" level="INFO">Clicking element '//android.widget.TextView[@resource-id="com.example.myapplication:id/textStartDate"]'.</msg>
<msg time="2025-01-27T13:23:35.256670" level="INFO">xpath criteria: //android.widget.TextView[@resource-id="com.example.myapplication:id/textStartDate"]</msg>
<arg>${start_date}</arg>
<doc>Click element identified by `locator`.</doc>
<status status="PASS" start="2025-01-27T13:23:34.862471" elapsed="0.394355"/>
</kw>
<kw name="Wait Until Element Is Visible" owner="AppiumLibrary">
<msg time="2025-01-27T13:23:37.642443" level="INFO">xpath criteria: //android.widget.TextView[@resource-id="android:id/date_picker_header_year"]
xpath criteria: //android.widget.TextView[@resource-id="android:id/date_picker_header_year"]</msg>
<arg>${date_year}</arg>
<doc>Waits until element specified with `locator` is visible.</doc>
<status status="PASS" start="2025-01-27T13:23:35.257128" elapsed="2.385468"/>
</kw>
<kw name="Click Element" owner="AppiumLibrary">
<msg time="2025-01-27T13:23:37.646819" level="INFO">Clicking element '//android.widget.TextView[@resource-id="android:id/date_picker_header_year"]'.</msg>
<msg time="2025-01-27T13:23:38.833934" level="INFO">xpath criteria: //android.widget.TextView[@resource-id="android:id/date_picker_header_year"]</msg>
<arg>${date_year}</arg>
<doc>Click element identified by `locator`.</doc>
<status status="PASS" start="2025-01-27T13:23:37.642880" elapsed="1.191232"/>
</kw>
<kw name="Wait Until Element Is Visible" owner="AppiumLibrary">
<msg time="2025-01-27T13:23:39.150856" level="INFO">xpath criteria: //android.widget.TextView[@resource-id="android:id/text1" and @text="2023"]</msg>
<arg>${choose_year}</arg>
<doc>Waits until element specified with `locator` is visible.</doc>
<status status="PASS" start="2025-01-27T13:23:38.834525" elapsed="0.316563"/>
</kw>
<kw name="Click Element" owner="AppiumLibrary">
<msg time="2025-01-27T13:23:39.156047" level="INFO">Clicking element '//android.widget.TextView[@resource-id="android:id/text1" and @text="2023"]'.</msg>
<msg time="2025-01-27T13:23:40.747905" level="INFO">xpath criteria: //android.widget.TextView[@resource-id="android:id/text1" and @text="2023"]</msg>
<arg>${choose_year}</arg>
<doc>Click element identified by `locator`.</doc>
<status status="PASS" start="2025-01-27T13:23:39.151390" elapsed="1.596761"/>
</kw>
<kw name="Wait Until Element Is Visible" owner="AppiumLibrary">
<msg time="2025-01-27T13:23:41.670647" level="INFO">xpath criteria: //android.view.View[@content-desc="20 Agustus 2023"]</msg>
<arg>${choose_start_date}</arg>
<doc>Waits until element specified with `locator` is visible.</doc>
<status status="PASS" start="2025-01-27T13:23:40.748654" elapsed="0.922143"/>
</kw>
<kw name="Click Element" owner="AppiumLibrary">
<msg time="2025-01-27T13:23:41.675097" level="INFO">Clicking element '//android.view.View[@content-desc="20 Agustus 2023"]'.</msg>
<msg time="2025-01-27T13:23:42.841627" level="INFO">xpath criteria: //android.view.View[@content-desc="20 Agustus 2023"]</msg>
<arg>${choose_start_date}</arg>
<doc>Click element identified by `locator`.</doc>
<status status="PASS" start="2025-01-27T13:23:41.671076" elapsed="1.170713"/>
</kw>
<kw name="Click Element" owner="AppiumLibrary">
<msg time="2025-01-27T13:23:42.846176" level="INFO">Clicking element '//android.widget.Button[@resource-id="android:id/button1"]'.</msg>
<msg time="2025-01-27T13:23:43.377572" level="INFO">xpath criteria: //android.widget.Button[@resource-id="android:id/button1"]</msg>
<arg>${oke_button}</arg>
<doc>Click element identified by `locator`.</doc>
<status status="PASS" start="2025-01-27T13:23:42.842072" elapsed="0.535647"/>
</kw>
<status status="PASS" start="2025-01-27T13:23:34.861915" elapsed="8.515963"/>
</kw>
<kw name="Choose Arrived Date" owner="onewaybook">
<kw name="Click Element" owner="AppiumLibrary">
<msg time="2025-01-27T13:23:43.383729" level="INFO">Clicking element '//android.widget.TextView[@resource-id="com.example.myapplication:id/textEndDate"]'.</msg>
<msg time="2025-01-27T13:23:44.005045" level="INFO">xpath criteria: //android.widget.TextView[@resource-id="com.example.myapplication:id/textEndDate"]</msg>
<arg>${end_date}</arg>
<doc>Click element identified by `locator`.</doc>
<status status="PASS" start="2025-01-27T13:23:43.379169" elapsed="0.626062"/>
</kw>
<kw name="Wait Until Element Is Visible" owner="AppiumLibrary">
<msg time="2025-01-27T13:23:45.530536" level="INFO">xpath criteria: //android.view.View[@content-desc="21 Agustus 2023"]
xpath criteria: //android.view.View[@content-desc="21 Agustus 2023"]</msg>
<arg>${choose_end_date}</arg>
<doc>Waits until element specified with `locator` is visible.</doc>
<status status="PASS" start="2025-01-27T13:23:44.005569" elapsed="1.525121"/>
</kw>
<kw name="Click Element" owner="AppiumLibrary">
<msg time="2025-01-27T13:23:45.534931" level="INFO">Clicking element '//android.view.View[@content-desc="21 Agustus 2023"]'.</msg>
<msg time="2025-01-27T13:23:46.677238" level="INFO">xpath criteria: //android.view.View[@content-desc="21 Agustus 2023"]</msg>
<arg>${choose_end_date}</arg>
<doc>Click element identified by `locator`.</doc>
<status status="PASS" start="2025-01-27T13:23:45.530979" elapsed="1.146404"/>
</kw>
<kw name="Click Element" owner="AppiumLibrary">
<msg time="2025-01-27T13:23:46.681602" level="INFO">Clicking element '//android.widget.Button[@resource-id="android:id/button1"]'.</msg>
<msg time="2025-01-27T13:23:47.288383" level="INFO">xpath criteria: //android.widget.Button[@resource-id="android:id/button1"]</msg>
<arg>${oke_button}</arg>
<doc>Click element identified by `locator`.</doc>
<status status="PASS" start="2025-01-27T13:23:46.677661" elapsed="0.610911"/>
</kw>
<status status="PASS" start="2025-01-27T13:23:43.378647" elapsed="3.910121"/>
</kw>
<kw name="Choose Flight &amp; Hotel Travel Package" owner="onewaybook">
<kw name="Click Element" owner="AppiumLibrary">
<msg time="2025-01-27T13:23:47.295905" level="INFO">Clicking element '//android.widget.RadioButton[@resource-id="com.example.myapplication:id/radioButtonFlightHotel"]'.</msg>
<msg time="2025-01-27T13:23:47.923288" level="INFO">xpath criteria: //android.widget.RadioButton[@resource-id="com.example.myapplication:id/radioButtonFlightHotel"]</msg>
<arg>${flighthotel_radio_button}</arg>
<doc>Click element identified by `locator`.</doc>
<status status="PASS" start="2025-01-27T13:23:47.290500" elapsed="0.633040"/>
</kw>
<status status="PASS" start="2025-01-27T13:23:47.289817" elapsed="0.634102"/>
</kw>
<kw name="Click Book Button on Booking Screen" owner="onewaybook">
<kw name="Click Element" owner="AppiumLibrary">
<msg time="2025-01-27T13:23:47.930088" level="INFO">Clicking element '//android.widget.Button[@resource-id="com.example.myapplication:id/book_flight"]'.</msg>
<msg time="2025-01-27T13:23:48.846669" level="INFO">xpath criteria: //android.widget.Button[@resource-id="com.example.myapplication:id/book_flight"]</msg>
<arg>${book_button}</arg>
<doc>Click element identified by `locator`.</doc>
<status status="PASS" start="2025-01-27T13:23:47.925559" elapsed="0.921263"/>
</kw>
<status status="PASS" start="2025-01-27T13:23:47.924788" elapsed="0.922209"/>
</kw>
<kw name="Verify Price of Booking Screen" owner="onewaybook">
<kw name="Wait Until Element Is Visible" owner="AppiumLibrary">
<msg time="2025-01-27T13:23:50.455151" level="INFO">xpath criteria: //android.widget.TextView[@resource-id="com.example.myapplication:id/textView6"]
xpath criteria: //android.widget.TextView[@resource-id="com.example.myapplication:id/textView6"]</msg>
<arg>${price_book_view}</arg>
<doc>Waits until element specified with `locator` is visible.</doc>
<status status="PASS" start="2025-01-27T13:23:48.848797" elapsed="1.606540"/>
</kw>
<status status="PASS" start="2025-01-27T13:23:48.848232" elapsed="1.607301"/>
</kw>
<kw name="Click Confirm Button on Price of Booking Screen" owner="onewaybook">
<kw name="Click Element" owner="AppiumLibrary">
<msg time="2025-01-27T13:23:50.461045" level="INFO">Clicking element '//android.widget.Button[@resource-id="com.example.myapplication:id/price8"]'.</msg>
<msg time="2025-01-27T13:23:51.473363" level="INFO">xpath criteria: //android.widget.Button[@resource-id="com.example.myapplication:id/price8"]</msg>
<arg>${choose_price}</arg>
<doc>Click element identified by `locator`.</doc>
<status status="PASS" start="2025-01-27T13:23:50.457099" elapsed="1.016415"/>
</kw>
<kw name="Click Element" owner="AppiumLibrary">
<msg time="2025-01-27T13:23:51.477832" level="INFO">Clicking element '//android.widget.Button[@resource-id="com.example.myapplication:id/confirm_order"]'.</msg>
<msg time="2025-01-27T13:23:51.869745" level="INFO">xpath criteria: //android.widget.Button[@resource-id="com.example.myapplication:id/confirm_order"]</msg>
<arg>${confirm_button}</arg>
<doc>Click element identified by `locator`.</doc>
<status status="PASS" start="2025-01-27T13:23:51.473803" elapsed="0.396131"/>
</kw>
<status status="PASS" start="2025-01-27T13:23:50.456453" elapsed="1.413722"/>
</kw>
<kw name="Verify Successfull Booking Appears" owner="onewaybook">
<kw name="Wait Until Element Is Visible" owner="AppiumLibrary">
<msg time="2025-01-27T13:23:53.245982" level="INFO">xpath criteria: //android.widget.CheckedTextView[@resource-id="com.example.myapplication:id/checkedTextView"]</msg>
<arg>${flight_booked}</arg>
<doc>Waits until element specified with `locator` is visible.</doc>
<status status="PASS" start="2025-01-27T13:23:51.871571" elapsed="1.374560"/>
</kw>
<status status="PASS" start="2025-01-27T13:23:51.870894" elapsed="1.375406"/>
</kw>
<kw name="Close Flight Application" owner="base" type="TEARDOWN">
<kw name="Close Application" owner="AppiumLibrary">
<doc>Closes the current application and also close webdriver session.</doc>
<status status="PASS" start="2025-01-27T13:23:53.248020" elapsed="0.688847"/>
</kw>
<status status="PASS" start="2025-01-27T13:23:53.247067" elapsed="0.689991"/>
</kw>
<status status="PASS" start="2025-01-27T13:23:06.749763" elapsed="47.187758"/>
</test>
<status status="PASS" start="2025-01-27T13:09:41.298181" elapsed="852.678200"/>
</suite>
<statistics>
<total>
<stat pass="18" fail="0" skip="0">All Tests</stat>
</total>
<tag>
</tag>
<suite>
<stat name="Onewaybook" id="s1" pass="18" fail="0" skip="0">Onewaybook</stat>
</suite>
</statistics>
<errors>
</errors>
</robot>
